{"D:\\project\\baby log\\babysync\\src\\components\\DateFilter.tsx": {"path":"D:\\project\\baby log\\babysync\\src\\components\\DateFilter.tsx","statementMap":{"0":{"start":{"line":15,"column":19},"end":{"line":51,"column":1}},"1":{"start":{"line":17,"column":4},"end":{"line":19,"column":59}},"2":{"start":{"line":21,"column":20},"end":{"line":25,"column":3}},"3":{"start":{"line":22,"column":14},"end":{"line":22,"column":36}},"4":{"start":{"line":23,"column":4},"end":{"line":23,"column":35}},"5":{"start":{"line":24,"column":4},"end":{"line":24,"column":20}},"6":{"start":{"line":27,"column":18},"end":{"line":27,"column":48}},"7":{"start":{"line":27,"column":24},"end":{"line":27,"column":48}},"8":{"start":{"line":29,"column":20},"end":{"line":32,"column":4}},"9":{"start":{"line":34,"column":2},"end":{"line":50,"column":4}},"10":{"start":{"line":36,"column":81},"end":{"line":36,"column":94}},"11":{"start":{"line":46,"column":81},"end":{"line":46,"column":93}},"12":{"start":{"line":53,"column":15},"end":{"line":97,"column":2}}},"fnMap":{"0":{"name":"(anonymous_0)","decl":{"start":{"line":15,"column":19},"end":{"line":15,"column":20}},"loc":{"start":{"line":15,"column":62},"end":{"line":51,"column":1}},"line":15},"1":{"name":"(anonymous_1)","decl":{"start":{"line":21,"column":20},"end":{"line":21,"column":21}},"loc":{"start":{"line":21,"column":39},"end":{"line":25,"column":3}},"line":21},"2":{"name":"(anonymous_2)","decl":{"start":{"line":27,"column":18},"end":{"line":27,"column":19}},"loc":{"start":{"line":27,"column":24},"end":{"line":27,"column":48}},"line":27},"3":{"name":"(anonymous_3)","decl":{"start":{"line":36,"column":75},"end":{"line":36,"column":76}},"loc":{"start":{"line":36,"column":81},"end":{"line":36,"column":94}},"line":36},"4":{"name":"(anonymous_4)","decl":{"start":{"line":46,"column":75},"end":{"line":46,"column":76}},"loc":{"start":{"line":46,"column":81},"end":{"line":46,"column":93}},"line":46}},"branchMap":{"0":{"loc":{"start":{"line":17,"column":4},"end":{"line":19,"column":59}},"type":"binary-expr","locations":[{"start":{"line":17,"column":4},"end":{"line":17,"column":51}},{"start":{"line":18,"column":4},"end":{"line":18,"column":53}},{"start":{"line":19,"column":4},"end":{"line":19,"column":59}}],"line":17},"1":{"loc":{"start":{"line":43,"column":9},"end":{"line":43,"column":66}},"type":"binary-expr","locations":[{"start":{"line":43,"column":9},"end":{"line":43,"column":16}},{"start":{"line":43,"column":20},"end":{"line":43,"column":66}}],"line":43}},"s":{"0":1,"1":5,"2":5,"3":2,"4":2,"5":2,"6":5,"7":1,"8":5,"9":5,"10":1,"11":1,"12":1},"f":{"0":5,"1":2,"2":1,"3":1,"4":1},"b":{"0":[5,1,1],"1":[5,1]},"_coverageSchema":"1a1c01bbd47fc00a2c39e90264f33305004495a9","hash":"672ba24967483ee038f2f324e237543fe5f2176c"}
,"D:\\project\\baby log\\babysync\\src\\components\\EditRecordModal.tsx": {"path":"D:\\project\\baby log\\babysync\\src\\components\\EditRecordModal.tsx","statementMap":{"0":{"start":{"line":27,"column":46},"end":{"line":32,"column":1}},"1":{"start":{"line":34,"column":24},"end":{"line":167,"column":1}},"2":{"start":{"line":35,"column":26},"end":{"line":35,"column":38}},"3":{"start":{"line":37,"column":2},"end":{"line":44,"column":15}},"4":{"start":{"line":38,"column":4},"end":{"line":43,"column":5}},"5":{"start":{"line":39,"column":6},"end":{"line":42,"column":23}},"6":{"start":{"line":39,"column":37},"end":{"line":39,"column":78}},"7":{"start":{"line":40,"column":11},"end":{"line":42,"column":23}},"8":{"start":{"line":40,"column":41},"end":{"line":40,"column":75}},"9":{"start":{"line":41,"column":11},"end":{"line":42,"column":23}},"10":{"start":{"line":41,"column":45},"end":{"line":41,"column":79}},"11":{"start":{"line":42,"column":11},"end":{"line":42,"column":23}},"12":{"start":{"line":46,"column":2},"end":{"line":46,"column":27}},"13":{"start":{"line":46,"column":15},"end":{"line":46,"column":27}},"14":{"start":{"line":48,"column":21},"end":{"line":66,"column":3}},"15":{"start":{"line":49,"column":29},"end":{"line":49,"column":35}},"16":{"start":{"line":50,"column":4},"end":{"line":65,"column":5}},"17":{"start":{"line":51,"column":6},"end":{"line":59,"column":9}},"18":{"start":{"line":52,"column":8},"end":{"line":58,"column":11}},"19":{"start":{"line":53,"column":10},"end":{"line":57,"column":11}},"20":{"start":{"line":54,"column":28},"end":{"line":54,"column":49}},"21":{"start":{"line":54,"column":50},"end":{"line":54,"column":56}},"22":{"start":{"line":55,"column":27},"end":{"line":55,"column":41}},"23":{"start":{"line":55,"column":42},"end":{"line":55,"column":48}},"24":{"start":{"line":56,"column":31},"end":{"line":56,"column":45}},"25":{"start":{"line":56,"column":46},"end":{"line":56,"column":52}},"26":{"start":{"line":60,"column":6},"end":{"line":60,"column":43}},"27":{"start":{"line":61,"column":6},"end":{"line":61,"column":16}},"28":{"start":{"line":63,"column":6},"end":{"line":63,"column":53}},"29":{"start":{"line":64,"column":6},"end":{"line":64,"column":59}},"30":{"start":{"line":68,"column":23},"end":{"line":91,"column":3}},"31":{"start":{"line":69,"column":4},"end":{"line":90,"column":6}},"32":{"start":{"line":78,"column":12},"end":{"line":86,"column":13}},"33":{"start":{"line":79,"column":14},"end":{"line":81,"column":17}},"34":{"start":{"line":80,"column":16},"end":{"line":80,"column":52}},"35":{"start":{"line":82,"column":14},"end":{"line":82,"column":24}},"36":{"start":{"line":84,"column":14},"end":{"line":84,"column":63}},"37":{"start":{"line":85,"column":14},"end":{"line":85,"column":66}},"38":{"start":{"line":93,"column":49},"end":{"line":98,"column":3}},"39":{"start":{"line":100,"column":48},"end":{"line":105,"column":3}},"40":{"start":{"line":107,"column":49},"end":{"line":112,"column":3}},"41":{"start":{"line":114,"column":2},"end":{"line":166,"column":4}},"42":{"start":{"line":169,"column":15},"end":{"line":212,"column":2}}},"fnMap":{"0":{"name":"(anonymous_0)","decl":{"start":{"line":34,"column":24},"end":{"line":34,"column":25}},"loc":{"start":{"line":34,"column":56},"end":{"line":167,"column":1}},"line":34},"1":{"name":"(anonymous_1)","decl":{"start":{"line":37,"column":12},"end":{"line":37,"column":13}},"loc":{"start":{"line":37,"column":18},"end":{"line":44,"column":3}},"line":37},"2":{"name":"(anonymous_2)","decl":{"start":{"line":48,"column":21},"end":{"line":48,"column":22}},"loc":{"start":{"line":48,"column":33},"end":{"line":66,"column":3}},"line":48},"3":{"name":"(anonymous_3)","decl":{"start":{"line":51,"column":27},"end":{"line":51,"column":28}},"loc":{"start":{"line":51,"column":39},"end":{"line":59,"column":7}},"line":51},"4":{"name":"(anonymous_4)","decl":{"start":{"line":52,"column":28},"end":{"line":52,"column":29}},"loc":{"start":{"line":52,"column":40},"end":{"line":58,"column":9}},"line":52},"5":{"name":"(anonymous_5)","decl":{"start":{"line":68,"column":23},"end":{"line":68,"column":24}},"loc":{"start":{"line":68,"column":29},"end":{"line":91,"column":3}},"line":68},"6":{"name":"(anonymous_6)","decl":{"start":{"line":77,"column":19},"end":{"line":77,"column":20}},"loc":{"start":{"line":77,"column":31},"end":{"line":87,"column":11}},"line":77},"7":{"name":"(anonymous_7)","decl":{"start":{"line":79,"column":35},"end":{"line":79,"column":36}},"loc":{"start":{"line":79,"column":47},"end":{"line":81,"column":15}},"line":79}},"branchMap":{"0":{"loc":{"start":{"line":38,"column":4},"end":{"line":43,"column":5}},"type":"if","locations":[{"start":{"line":38,"column":4},"end":{"line":43,"column":5}},{"start":{},"end":{}}],"line":38},"1":{"loc":{"start":{"line":39,"column":6},"end":{"line":42,"column":23}},"type":"if","locations":[{"start":{"line":39,"column":6},"end":{"line":42,"column":23}},{"start":{"line":40,"column":11},"end":{"line":42,"column":23}}],"line":39},"2":{"loc":{"start":{"line":39,"column":45},"end":{"line":39,"column":76}},"type":"binary-expr","locations":[{"start":{"line":39,"column":45},"end":{"line":39,"column":70}},{"start":{"line":39,"column":74},"end":{"line":39,"column":76}}],"line":39},"3":{"loc":{"start":{"line":40,"column":11},"end":{"line":42,"column":23}},"type":"if","locations":[{"start":{"line":40,"column":11},"end":{"line":42,"column":23}},{"start":{"line":41,"column":11},"end":{"line":42,"column":23}}],"line":40},"4":{"loc":{"start":{"line":40,"column":49},"end":{"line":40,"column":73}},"type":"binary-expr","locations":[{"start":{"line":40,"column":49},"end":{"line":40,"column":67}},{"start":{"line":40,"column":71},"end":{"line":40,"column":73}}],"line":40},"5":{"loc":{"start":{"line":41,"column":11},"end":{"line":42,"column":23}},"type":"if","locations":[{"start":{"line":41,"column":11},"end":{"line":42,"column":23}},{"start":{"line":42,"column":11},"end":{"line":42,"column":23}}],"line":41},"6":{"loc":{"start":{"line":41,"column":53},"end":{"line":41,"column":77}},"type":"binary-expr","locations":[{"start":{"line":41,"column":53},"end":{"line":41,"column":71}},{"start":{"line":41,"column":75},"end":{"line":41,"column":77}}],"line":41},"7":{"loc":{"start":{"line":46,"column":2},"end":{"line":46,"column":27}},"type":"if","locations":[{"start":{"line":46,"column":2},"end":{"line":46,"column":27}},{"start":{},"end":{}}],"line":46},"8":{"loc":{"start":{"line":53,"column":10},"end":{"line":57,"column":11}},"type":"switch","locations":[{"start":{"line":54,"column":12},"end":{"line":54,"column":56}},{"start":{"line":55,"column":12},"end":{"line":55,"column":48}},{"start":{"line":56,"column":12},"end":{"line":56,"column":52}}],"line":53},"9":{"loc":{"start":{"line":116,"column":38},"end":{"line":116,"column":82}},"type":"cond-expr","locations":[{"start":{"line":116,"column":62},"end":{"line":116,"column":71}},{"start":{"line":116,"column":74},"end":{"line":116,"column":82}}],"line":116},"10":{"loc":{"start":{"line":138,"column":11},"end":{"line":148,"column":11}},"type":"binary-expr","locations":[{"start":{"line":138,"column":11},"end":{"line":138,"column":34}},{"start":{"line":139,"column":12},"end":{"line":147,"column":14}}],"line":138},"11":{"loc":{"start":{"line":143,"column":27},"end":{"line":143,"column":76}},"type":"cond-expr","locations":[{"start":{"line":143,"column":58},"end":{"line":143,"column":64}},{"start":{"line":143,"column":67},"end":{"line":143,"column":76}}],"line":143},"12":{"loc":{"start":{"line":146,"column":29},"end":{"line":146,"column":65}},"type":"cond-expr","locations":[{"start":{"line":146,"column":60},"end":{"line":146,"column":61}},{"start":{"line":146,"column":64},"end":{"line":146,"column":65}}],"line":146},"13":{"loc":{"start":{"line":157,"column":13},"end":{"line":161,"column":13}},"type":"binary-expr","locations":[{"start":{"line":157,"column":13},"end":{"line":157,"column":36}},{"start":{"line":158,"column":14},"end":{"line":160,"column":33}}],"line":157}},"s":{"0":1,"1":1,"2":6,"3":6,"4":3,"5":2,"6":2,"7":0,"8":0,"9":0,"10":0,"11":0,"12":6,"13":1,"14":5,"15":1,"16":1,"17":1,"18":1,"19":1,"20":1,"21":1,"22":0,"23":0,"24":0,"25":0,"26":1,"27":1,"28":0,"29":0,"30":5,"31":1,"32":1,"33":1,"34":1,"35":1,"36":0,"37":0,"38":5,"39":5,"40":5,"41":5,"42":1},"f":{"0":6,"1":3,"2":1,"3":1,"4":1,"5":1,"6":1,"7":1},"b":{"0":[2,1],"1":[2,0],"2":[2,0],"3":[0,0],"4":[0,0],"5":[0,0],"6":[0,0],"7":[1,5],"8":[1,0,0],"9":[5,0],"10":[5,5],"11":[0,5],"12":[0,5],"13":[5,5]},"_coverageSchema":"1a1c01bbd47fc00a2c39e90264f33305004495a9","hash":"ac12bb468b51dd50713fa731aff33df034b52e20"}
,"D:\\project\\baby log\\babysync\\src\\components\\ErrorBoundary.tsx": {"path":"D:\\project\\baby log\\babysync\\src\\components\\ErrorBoundary.tsx","statementMap":{"0":{"start":{"line":21,"column":4},"end":{"line":21,"column":17}},"1":{"start":{"line":22,"column":4},"end":{"line":22,"column":50}},"2":{"start":{"line":26,"column":4},"end":{"line":26,"column":37}},"3":{"start":{"line":30,"column":4},"end":{"line":30,"column":69}},"4":{"start":{"line":33,"column":16},"end":{"line":35,"column":3}},"5":{"start":{"line":34,"column":4},"end":{"line":34,"column":52}},"6":{"start":{"line":38,"column":4},"end":{"line":59,"column":5}},"7":{"start":{"line":39,"column":6},"end":{"line":58,"column":8}},"8":{"start":{"line":61,"column":4},"end":{"line":61,"column":31}},"9":{"start":{"line":65,"column":15},"end":{"line":74,"column":2}}},"fnMap":{"0":{"name":"(anonymous_0)","decl":{"start":{"line":20,"column":2},"end":{"line":20,"column":3}},"loc":{"start":{"line":20,"column":28},"end":{"line":23,"column":3}},"line":20},"1":{"name":"(anonymous_1)","decl":{"start":{"line":25,"column":2},"end":{"line":25,"column":3}},"loc":{"start":{"line":25,"column":55},"end":{"line":27,"column":3}},"line":25},"2":{"name":"(anonymous_2)","decl":{"start":{"line":29,"column":2},"end":{"line":29,"column":3}},"loc":{"start":{"line":29,"column":62},"end":{"line":31,"column":3}},"line":29},"3":{"name":"(anonymous_3)","decl":{"start":{"line":33,"column":16},"end":{"line":33,"column":17}},"loc":{"start":{"line":33,"column":22},"end":{"line":35,"column":3}},"line":33},"4":{"name":"(anonymous_4)","decl":{"start":{"line":37,"column":2},"end":{"line":37,"column":3}},"loc":{"start":{"line":37,"column":11},"end":{"line":62,"column":3}},"line":37}},"branchMap":{"0":{"loc":{"start":{"line":38,"column":4},"end":{"line":59,"column":5}},"type":"if","locations":[{"start":{"line":38,"column":4},"end":{"line":59,"column":5}},{"start":{},"end":{}}],"line":38},"1":{"loc":{"start":{"line":48,"column":11},"end":{"line":52,"column":11}},"type":"binary-expr","locations":[{"start":{"line":48,"column":11},"end":{"line":48,"column":18}},{"start":{"line":48,"column":22},"end":{"line":48,"column":38}},{"start":{"line":49,"column":12},"end":{"line":51,"column":19}}],"line":48}},"s":{"0":5,"1":5,"2":4,"3":2,"4":5,"5":1,"6":11,"7":5,"8":6,"9":1},"f":{"0":5,"1":4,"2":2,"3":1,"4":11},"b":{"0":[5,6],"1":[5,5,5]},"_coverageSchema":"1a1c01bbd47fc00a2c39e90264f33305004495a9","hash":"af9c02c2f136733ba73766c5fd55857af4fc80d2"}
,"D:\\project\\baby log\\babysync\\src\\components\\FAB.tsx": {"path":"D:\\project\\baby log\\babysync\\src\\components\\FAB.tsx","statementMap":{"0":{"start":{"line":25,"column":12},"end":{"line":410,"column":1}},"1":{"start":{"line":26,"column":18},"end":{"line":26,"column":54}},"2":{"start":{"line":26,"column":40},"end":{"line":26,"column":53}},"3":{"start":{"line":27,"column":23},"end":{"line":27,"column":64}},"4":{"start":{"line":27,"column":45},"end":{"line":27,"column":63}},"5":{"start":{"line":28,"column":21},"end":{"line":28,"column":57}},"6":{"start":{"line":29,"column":34},"end":{"line":29,"column":49}},"7":{"start":{"line":30,"column":40},"end":{"line":30,"column":67}},"8":{"start":{"line":31,"column":20},"end":{"line":31,"column":57}},"9":{"start":{"line":34,"column":40},"end":{"line":34,"column":90}},"10":{"start":{"line":35,"column":44},"end":{"line":35,"column":59}},"11":{"start":{"line":36,"column":44},"end":{"line":36,"column":58}},"12":{"start":{"line":37,"column":42},"end":{"line":37,"column":54}},"13":{"start":{"line":38,"column":40},"end":{"line":38,"column":54}},"14":{"start":{"line":41,"column":38},"end":{"line":41,"column":79}},"15":{"start":{"line":42,"column":38},"end":{"line":42,"column":50}},"16":{"start":{"line":45,"column":42},"end":{"line":45,"column":56}},"17":{"start":{"line":46,"column":52},"end":{"line":46,"column":67}},"18":{"start":{"line":47,"column":42},"end":{"line":47,"column":53}},"19":{"start":{"line":48,"column":27},"end":{"line":48,"column":78}},"20":{"start":{"line":51,"column":2},"end":{"line":58,"column":26}},"21":{"start":{"line":52,"column":4},"end":{"line":56,"column":5}},"22":{"start":{"line":53,"column":6},"end":{"line":53,"column":86}},"23":{"start":{"line":53,"column":51},"end":{"line":53,"column":78}},"24":{"start":{"line":53,"column":72},"end":{"line":53,"column":77}},"25":{"start":{"line":54,"column":11},"end":{"line":56,"column":5}},"26":{"start":{"line":55,"column":6},"end":{"line":55,"column":46}},"27":{"start":{"line":57,"column":4},"end":{"line":57,"column":92}},"28":{"start":{"line":57,"column":19},"end":{"line":57,"column":89}},"29":{"start":{"line":57,"column":49},"end":{"line":57,"column":89}},"30":{"start":{"line":60,"column":23},"end":{"line":64,"column":3}},"31":{"start":{"line":61,"column":20},"end":{"line":61,"column":36}},"32":{"start":{"line":62,"column":4},"end":{"line":62,"column":27}},"33":{"start":{"line":63,"column":4},"end":{"line":63,"column":101}},"34":{"start":{"line":66,"column":20},"end":{"line":70,"column":3}},"35":{"start":{"line":67,"column":4},"end":{"line":67,"column":23}},"36":{"start":{"line":68,"column":4},"end":{"line":68,"column":93}},"37":{"start":{"line":69,"column":4},"end":{"line":69,"column":25}},"38":{"start":{"line":72,"column":21},"end":{"line":72,"column":47}},"39":{"start":{"line":72,"column":27},"end":{"line":72,"column":47}},"40":{"start":{"line":74,"column":14},"end":{"line":74,"column":120}},"41":{"start":{"line":74,"column":29},"end":{"line":74,"column":120}},"42":{"start":{"line":77,"column":28},"end":{"line":110,"column":3}},"43":{"start":{"line":78,"column":4},"end":{"line":78,"column":34}},"44":{"start":{"line":78,"column":27},"end":{"line":78,"column":34}},"45":{"start":{"line":79,"column":4},"end":{"line":109,"column":5}},"46":{"start":{"line":80,"column":6},"end":{"line":103,"column":9}},"47":{"start":{"line":81,"column":8},"end":{"line":102,"column":11}},"48":{"start":{"line":82,"column":10},"end":{"line":82,"column":31}},"49":{"start":{"line":83,"column":10},"end":{"line":83,"column":39}},"50":{"start":{"line":84,"column":10},"end":{"line":84,"column":36}},"51":{"start":{"line":86,"column":10},"end":{"line":101,"column":11}},"52":{"start":{"line":87,"column":25},"end":{"line":87,"column":54}},"53":{"start":{"line":88,"column":12},"end":{"line":88,"column":43}},"54":{"start":{"line":89,"column":12},"end":{"line":89,"column":47}},"55":{"start":{"line":90,"column":12},"end":{"line":90,"column":32}},"56":{"start":{"line":91,"column":17},"end":{"line":101,"column":11}},"57":{"start":{"line":92,"column":24},"end":{"line":92,"column":54}},"58":{"start":{"line":93,"column":12},"end":{"line":93,"column":38}},"59":{"start":{"line":94,"column":12},"end":{"line":94,"column":47}},"60":{"start":{"line":96,"column":25},"end":{"line":96,"column":57}},"61":{"start":{"line":97,"column":24},"end":{"line":97,"column":51}},"62":{"start":{"line":98,"column":12},"end":{"line":98,"column":35}},"63":{"start":{"line":99,"column":12},"end":{"line":99,"column":35}},"64":{"start":{"line":100,"column":12},"end":{"line":100,"column":48}},"65":{"start":{"line":104,"column":6},"end":{"line":104,"column":26}},"66":{"start":{"line":105,"column":6},"end":{"line":105,"column":19}},"67":{"start":{"line":106,"column":6},"end":{"line":106,"column":46}},"68":{"start":{"line":108,"column":6},"end":{"line":108,"column":50}},"69":{"start":{"line":112,"column":27},"end":{"line":129,"column":3}},"70":{"start":{"line":113,"column":4},"end":{"line":113,"column":34}},"71":{"start":{"line":113,"column":27},"end":{"line":113,"column":34}},"72":{"start":{"line":114,"column":4},"end":{"line":128,"column":5}},"73":{"start":{"line":115,"column":6},"end":{"line":122,"column":9}},"74":{"start":{"line":116,"column":8},"end":{"line":121,"column":11}},"75":{"start":{"line":117,"column":10},"end":{"line":117,"column":30}},"76":{"start":{"line":118,"column":10},"end":{"line":118,"column":43}},"77":{"start":{"line":119,"column":10},"end":{"line":119,"column":39}},"78":{"start":{"line":120,"column":10},"end":{"line":120,"column":36}},"79":{"start":{"line":123,"column":6},"end":{"line":123,"column":24}},"80":{"start":{"line":124,"column":6},"end":{"line":124,"column":19}},"81":{"start":{"line":125,"column":6},"end":{"line":125,"column":45}},"82":{"start":{"line":127,"column":6},"end":{"line":127,"column":49}},"83":{"start":{"line":131,"column":26},"end":{"line":153,"column":3}},"84":{"start":{"line":132,"column":4},"end":{"line":132,"column":34}},"85":{"start":{"line":132,"column":27},"end":{"line":132,"column":34}},"86":{"start":{"line":133,"column":17},"end":{"line":133,"column":87}},"87":{"start":{"line":134,"column":4},"end":{"line":134,"column":45}},"88":{"start":{"line":134,"column":22},"end":{"line":134,"column":35}},"89":{"start":{"line":134,"column":36},"end":{"line":134,"column":43}},"90":{"start":{"line":136,"column":4},"end":{"line":152,"column":5}},"91":{"start":{"line":137,"column":6},"end":{"line":145,"column":9}},"92":{"start":{"line":138,"column":8},"end":{"line":144,"column":11}},"93":{"start":{"line":139,"column":10},"end":{"line":139,"column":36}},"94":{"start":{"line":140,"column":10},"end":{"line":140,"column":30}},"95":{"start":{"line":141,"column":10},"end":{"line":141,"column":24}},"96":{"start":{"line":142,"column":10},"end":{"line":142,"column":39}},"97":{"start":{"line":143,"column":10},"end":{"line":143,"column":36}},"98":{"start":{"line":146,"column":6},"end":{"line":146,"column":25}},"99":{"start":{"line":147,"column":6},"end":{"line":147,"column":34}},"100":{"start":{"line":148,"column":6},"end":{"line":148,"column":19}},"101":{"start":{"line":149,"column":6},"end":{"line":149,"column":39}},"102":{"start":{"line":151,"column":6},"end":{"line":151,"column":48}},"103":{"start":{"line":155,"column":19},"end":{"line":159,"column":3}},"104":{"start":{"line":161,"column":2},"end":{"line":409,"column":4}},"105":{"start":{"line":171,"column":31},"end":{"line":174,"column":14}},"106":{"start":{"line":175,"column":28},"end":{"line":175,"column":102}},"107":{"start":{"line":177,"column":12},"end":{"line":194,"column":14}},"108":{"start":{"line":188,"column":33},"end":{"line":188,"column":53}},"109":{"start":{"line":217,"column":25},"end":{"line":217,"column":50}},"110":{"start":{"line":234,"column":70},"end":{"line":234,"column":74}},"111":{"start":{"line":254,"column":20},"end":{"line":260,"column":39}},"112":{"start":{"line":257,"column":37},"end":{"line":257,"column":57}},"113":{"start":{"line":312,"column":20},"end":{"line":324,"column":39}},"114":{"start":{"line":318,"column":37},"end":{"line":318,"column":56}},"115":{"start":{"line":357,"column":41},"end":{"line":357,"column":113}},"116":{"start":{"line":364,"column":41},"end":{"line":364,"column":100}},"117":{"start":{"line":381,"column":39},"end":{"line":381,"column":58}},"118":{"start":{"line":381,"column":59},"end":{"line":381,"column":86}},"119":{"start":{"line":396,"column":39},"end":{"line":396,"column":67}},"120":{"start":{"line":396,"column":68},"end":{"line":396,"column":86}},"121":{"start":{"line":412,"column":15},"end":{"line":442,"column":2}}},"fnMap":{"0":{"name":"(anonymous_0)","decl":{"start":{"line":25,"column":12},"end":{"line":25,"column":13}},"loc":{"start":{"line":25,"column":18},"end":{"line":410,"column":1}},"line":25},"1":{"name":"(anonymous_1)","decl":{"start":{"line":26,"column":31},"end":{"line":26,"column":32}},"loc":{"start":{"line":26,"column":40},"end":{"line":26,"column":53}},"line":26},"2":{"name":"(anonymous_2)","decl":{"start":{"line":27,"column":36},"end":{"line":27,"column":37}},"loc":{"start":{"line":27,"column":45},"end":{"line":27,"column":63}},"line":27},"3":{"name":"(anonymous_3)","decl":{"start":{"line":51,"column":12},"end":{"line":51,"column":13}},"loc":{"start":{"line":51,"column":18},"end":{"line":58,"column":3}},"line":51},"4":{"name":"(anonymous_4)","decl":{"start":{"line":53,"column":45},"end":{"line":53,"column":46}},"loc":{"start":{"line":53,"column":51},"end":{"line":53,"column":78}},"line":53},"5":{"name":"(anonymous_5)","decl":{"start":{"line":53,"column":67},"end":{"line":53,"column":68}},"loc":{"start":{"line":53,"column":72},"end":{"line":53,"column":77}},"line":53},"6":{"name":"(anonymous_6)","decl":{"start":{"line":57,"column":11},"end":{"line":57,"column":12}},"loc":{"start":{"line":57,"column":17},"end":{"line":57,"column":91}},"line":57},"7":{"name":"(anonymous_7)","decl":{"start":{"line":60,"column":23},"end":{"line":60,"column":24}},"loc":{"start":{"line":60,"column":29},"end":{"line":64,"column":3}},"line":60},"8":{"name":"(anonymous_8)","decl":{"start":{"line":66,"column":20},"end":{"line":66,"column":21}},"loc":{"start":{"line":66,"column":43},"end":{"line":70,"column":3}},"line":66},"9":{"name":"(anonymous_9)","decl":{"start":{"line":72,"column":21},"end":{"line":72,"column":22}},"loc":{"start":{"line":72,"column":27},"end":{"line":72,"column":47}},"line":72},"10":{"name":"(anonymous_10)","decl":{"start":{"line":74,"column":14},"end":{"line":74,"column":15}},"loc":{"start":{"line":74,"column":29},"end":{"line":74,"column":120}},"line":74},"11":{"name":"(anonymous_11)","decl":{"start":{"line":77,"column":28},"end":{"line":77,"column":29}},"loc":{"start":{"line":77,"column":40},"end":{"line":110,"column":3}},"line":77},"12":{"name":"(anonymous_12)","decl":{"start":{"line":80,"column":27},"end":{"line":80,"column":28}},"loc":{"start":{"line":80,"column":39},"end":{"line":103,"column":7}},"line":80},"13":{"name":"(anonymous_13)","decl":{"start":{"line":81,"column":55},"end":{"line":81,"column":56}},"loc":{"start":{"line":81,"column":60},"end":{"line":102,"column":9}},"line":81},"14":{"name":"(anonymous_14)","decl":{"start":{"line":112,"column":27},"end":{"line":112,"column":28}},"loc":{"start":{"line":112,"column":39},"end":{"line":129,"column":3}},"line":112},"15":{"name":"(anonymous_15)","decl":{"start":{"line":115,"column":27},"end":{"line":115,"column":28}},"loc":{"start":{"line":115,"column":39},"end":{"line":122,"column":7}},"line":115},"16":{"name":"(anonymous_16)","decl":{"start":{"line":116,"column":53},"end":{"line":116,"column":54}},"loc":{"start":{"line":116,"column":58},"end":{"line":121,"column":9}},"line":116},"17":{"name":"(anonymous_17)","decl":{"start":{"line":131,"column":26},"end":{"line":131,"column":27}},"loc":{"start":{"line":131,"column":38},"end":{"line":153,"column":3}},"line":131},"18":{"name":"(anonymous_18)","decl":{"start":{"line":137,"column":27},"end":{"line":137,"column":28}},"loc":{"start":{"line":137,"column":39},"end":{"line":145,"column":7}},"line":137},"19":{"name":"(anonymous_19)","decl":{"start":{"line":138,"column":51},"end":{"line":138,"column":52}},"loc":{"start":{"line":138,"column":56},"end":{"line":144,"column":9}},"line":138},"20":{"name":"(anonymous_20)","decl":{"start":{"line":170,"column":24},"end":{"line":170,"column":25}},"loc":{"start":{"line":170,"column":37},"end":{"line":195,"column":11}},"line":170},"21":{"name":"(anonymous_21)","decl":{"start":{"line":188,"column":27},"end":{"line":188,"column":28}},"loc":{"start":{"line":188,"column":33},"end":{"line":188,"column":53}},"line":188},"22":{"name":"(anonymous_22)","decl":{"start":{"line":217,"column":19},"end":{"line":217,"column":20}},"loc":{"start":{"line":217,"column":25},"end":{"line":217,"column":50}},"line":217},"23":{"name":"(anonymous_23)","decl":{"start":{"line":234,"column":64},"end":{"line":234,"column":65}},"loc":{"start":{"line":234,"column":70},"end":{"line":234,"column":74}},"line":234},"24":{"name":"(anonymous_24)","decl":{"start":{"line":253,"column":24},"end":{"line":253,"column":25}},"loc":{"start":{"line":254,"column":20},"end":{"line":260,"column":39}},"line":254},"25":{"name":"(anonymous_25)","decl":{"start":{"line":257,"column":31},"end":{"line":257,"column":32}},"loc":{"start":{"line":257,"column":37},"end":{"line":257,"column":57}},"line":257},"26":{"name":"(anonymous_26)","decl":{"start":{"line":311,"column":24},"end":{"line":311,"column":25}},"loc":{"start":{"line":312,"column":20},"end":{"line":324,"column":39}},"line":312},"27":{"name":"(anonymous_27)","decl":{"start":{"line":318,"column":31},"end":{"line":318,"column":32}},"loc":{"start":{"line":318,"column":37},"end":{"line":318,"column":56}},"line":318},"28":{"name":"(anonymous_28)","decl":{"start":{"line":357,"column":35},"end":{"line":357,"column":36}},"loc":{"start":{"line":357,"column":41},"end":{"line":357,"column":113}},"line":357},"29":{"name":"(anonymous_29)","decl":{"start":{"line":364,"column":35},"end":{"line":364,"column":36}},"loc":{"start":{"line":364,"column":41},"end":{"line":364,"column":100}},"line":364},"30":{"name":"(anonymous_30)","decl":{"start":{"line":381,"column":31},"end":{"line":381,"column":32}},"loc":{"start":{"line":381,"column":37},"end":{"line":381,"column":88}},"line":381},"31":{"name":"(anonymous_31)","decl":{"start":{"line":396,"column":31},"end":{"line":396,"column":32}},"loc":{"start":{"line":396,"column":37},"end":{"line":396,"column":88}},"line":396}},"branchMap":{"0":{"loc":{"start":{"line":52,"column":4},"end":{"line":56,"column":5}},"type":"if","locations":[{"start":{"line":52,"column":4},"end":{"line":56,"column":5}},{"start":{"line":54,"column":11},"end":{"line":56,"column":5}}],"line":52},"1":{"loc":{"start":{"line":54,"column":11},"end":{"line":56,"column":5}},"type":"if","locations":[{"start":{"line":54,"column":11},"end":{"line":56,"column":5}},{"start":{},"end":{}}],"line":54},"2":{"loc":{"start":{"line":57,"column":19},"end":{"line":57,"column":89}},"type":"if","locations":[{"start":{"line":57,"column":19},"end":{"line":57,"column":89}},{"start":{},"end":{}}],"line":57},"3":{"loc":{"start":{"line":61,"column":20},"end":{"line":61,"column":36}},"type":"cond-expr","locations":[{"start":{"line":61,"column":31},"end":{"line":61,"column":32}},{"start":{"line":61,"column":35},"end":{"line":61,"column":36}}],"line":61},"4":{"loc":{"start":{"line":78,"column":4},"end":{"line":78,"column":34}},"type":"if","locations":[{"start":{"line":78,"column":4},"end":{"line":78,"column":34}},{"start":{},"end":{}}],"line":78},"5":{"loc":{"start":{"line":86,"column":10},"end":{"line":101,"column":11}},"type":"if","locations":[{"start":{"line":86,"column":10},"end":{"line":101,"column":11}},{"start":{"line":91,"column":17},"end":{"line":101,"column":11}}],"line":86},"6":{"loc":{"start":{"line":87,"column":25},"end":{"line":87,"column":54}},"type":"binary-expr","locations":[{"start":{"line":87,"column":25},"end":{"line":87,"column":48}},{"start":{"line":87,"column":52},"end":{"line":87,"column":54}}],"line":87},"7":{"loc":{"start":{"line":91,"column":17},"end":{"line":101,"column":11}},"type":"if","locations":[{"start":{"line":91,"column":17},"end":{"line":101,"column":11}},{"start":{"line":95,"column":17},"end":{"line":101,"column":11}}],"line":91},"8":{"loc":{"start":{"line":92,"column":24},"end":{"line":92,"column":54}},"type":"binary-expr","locations":[{"start":{"line":92,"column":24},"end":{"line":92,"column":47}},{"start":{"line":92,"column":51},"end":{"line":92,"column":54}}],"line":92},"9":{"loc":{"start":{"line":96,"column":25},"end":{"line":96,"column":57}},"type":"binary-expr","locations":[{"start":{"line":96,"column":25},"end":{"line":96,"column":44}},{"start":{"line":96,"column":48},"end":{"line":96,"column":57}}],"line":96},"10":{"loc":{"start":{"line":97,"column":24},"end":{"line":97,"column":51}},"type":"binary-expr","locations":[{"start":{"line":97,"column":24},"end":{"line":97,"column":45}},{"start":{"line":97,"column":49},"end":{"line":97,"column":51}}],"line":97},"11":{"loc":{"start":{"line":113,"column":4},"end":{"line":113,"column":34}},"type":"if","locations":[{"start":{"line":113,"column":4},"end":{"line":113,"column":34}},{"start":{},"end":{}}],"line":113},"12":{"loc":{"start":{"line":118,"column":19},"end":{"line":118,"column":42}},"type":"binary-expr","locations":[{"start":{"line":118,"column":19},"end":{"line":118,"column":29}},{"start":{"line":118,"column":33},"end":{"line":118,"column":42}}],"line":118},"13":{"loc":{"start":{"line":132,"column":4},"end":{"line":132,"column":34}},"type":"if","locations":[{"start":{"line":132,"column":4},"end":{"line":132,"column":34}},{"start":{},"end":{}}],"line":132},"14":{"loc":{"start":{"line":133,"column":17},"end":{"line":133,"column":87}},"type":"cond-expr","locations":[{"start":{"line":133,"column":37},"end":{"line":133,"column":49}},{"start":{"line":133,"column":52},"end":{"line":133,"column":87}}],"line":133},"15":{"loc":{"start":{"line":133,"column":53},"end":{"line":133,"column":81}},"type":"binary-expr","locations":[{"start":{"line":133,"column":53},"end":{"line":133,"column":75}},{"start":{"line":133,"column":79},"end":{"line":133,"column":81}}],"line":133},"16":{"loc":{"start":{"line":134,"column":4},"end":{"line":134,"column":45}},"type":"if","locations":[{"start":{"line":134,"column":4},"end":{"line":134,"column":45}},{"start":{},"end":{}}],"line":134},"17":{"loc":{"start":{"line":164,"column":7},"end":{"line":197,"column":7}},"type":"binary-expr","locations":[{"start":{"line":164,"column":7},"end":{"line":164,"column":15}},{"start":{"line":165,"column":8},"end":{"line":196,"column":27}}],"line":164},"18":{"loc":{"start":{"line":202,"column":28},"end":{"line":202,"column":56}},"type":"binary-expr","locations":[{"start":{"line":202,"column":28},"end":{"line":202,"column":36}},{"start":{"line":202,"column":40},"end":{"line":202,"column":56}}],"line":202},"19":{"loc":{"start":{"line":214,"column":7},"end":{"line":229,"column":7}},"type":"binary-expr","locations":[{"start":{"line":214,"column":7},"end":{"line":214,"column":16}},{"start":{"line":215,"column":8},"end":{"line":228,"column":27}}],"line":214},"20":{"loc":{"start":{"line":238,"column":13},"end":{"line":294,"column":13}},"type":"binary-expr","locations":[{"start":{"line":238,"column":13},"end":{"line":238,"column":38}},{"start":{"line":239,"column":14},"end":{"line":293,"column":21}}],"line":238},"21":{"loc":{"start":{"line":256,"column":46},"end":{"line":256,"column":90}},"type":"binary-expr","locations":[{"start":{"line":256,"column":46},"end":{"line":256,"column":66}},{"start":{"line":256,"column":70},"end":{"line":256,"column":90}}],"line":256},"22":{"loc":{"start":{"line":259,"column":56},"end":{"line":259,"column":100}},"type":"binary-expr","locations":[{"start":{"line":259,"column":56},"end":{"line":259,"column":76}},{"start":{"line":259,"column":80},"end":{"line":259,"column":100}}],"line":259},"23":{"loc":{"start":{"line":264,"column":17},"end":{"line":269,"column":17}},"type":"binary-expr","locations":[{"start":{"line":264,"column":17},"end":{"line":264,"column":41}},{"start":{"line":265,"column":18},"end":{"line":268,"column":25}}],"line":264},"24":{"loc":{"start":{"line":270,"column":17},"end":{"line":275,"column":17}},"type":"binary-expr","locations":[{"start":{"line":270,"column":17},"end":{"line":270,"column":42}},{"start":{"line":271,"column":18},"end":{"line":274,"column":25}}],"line":270},"25":{"loc":{"start":{"line":276,"column":17},"end":{"line":287,"column":17}},"type":"binary-expr","locations":[{"start":{"line":276,"column":17},"end":{"line":276,"column":40}},{"start":{"line":277,"column":18},"end":{"line":286,"column":21}}],"line":276},"26":{"loc":{"start":{"line":297,"column":13},"end":{"line":338,"column":13}},"type":"binary-expr","locations":[{"start":{"line":297,"column":13},"end":{"line":297,"column":37}},{"start":{"line":298,"column":14},"end":{"line":337,"column":21}}],"line":297},"27":{"loc":{"start":{"line":315,"column":41},"end":{"line":315,"column":77}},"type":"cond-expr","locations":[{"start":{"line":315,"column":63},"end":{"line":315,"column":67}},{"start":{"line":315,"column":70},"end":{"line":315,"column":77}}],"line":315},"28":{"loc":{"start":{"line":316,"column":37},"end":{"line":316,"column":78}},"type":"cond-expr","locations":[{"start":{"line":316,"column":59},"end":{"line":316,"column":66}},{"start":{"line":316,"column":69},"end":{"line":316,"column":78}}],"line":316},"29":{"loc":{"start":{"line":323,"column":65},"end":{"line":323,"column":106}},"type":"cond-expr","locations":[{"start":{"line":323,"column":87},"end":{"line":323,"column":94}},{"start":{"line":323,"column":97},"end":{"line":323,"column":106}}],"line":323},"30":{"loc":{"start":{"line":341,"column":13},"end":{"line":404,"column":13}},"type":"binary-expr","locations":[{"start":{"line":341,"column":13},"end":{"line":341,"column":36}},{"start":{"line":342,"column":14},"end":{"line":403,"column":21}}],"line":341},"31":{"loc":{"start":{"line":350,"column":17},"end":{"line":402,"column":17}},"type":"cond-expr","locations":[{"start":{"line":351,"column":18},"end":{"line":386,"column":21}},{"start":{"line":388,"column":18},"end":{"line":401,"column":21}}],"line":350},"32":{"loc":{"start":{"line":357,"column":77},"end":{"line":357,"column":105}},"type":"binary-expr","locations":[{"start":{"line":357,"column":77},"end":{"line":357,"column":99}},{"start":{"line":357,"column":103},"end":{"line":357,"column":105}}],"line":357},"33":{"loc":{"start":{"line":364,"column":65},"end":{"line":364,"column":93}},"type":"binary-expr","locations":[{"start":{"line":364,"column":65},"end":{"line":364,"column":87}},{"start":{"line":364,"column":91},"end":{"line":364,"column":93}}],"line":364},"34":{"loc":{"start":{"line":370,"column":25},"end":{"line":370,"column":52}},"type":"binary-expr","locations":[{"start":{"line":370,"column":25},"end":{"line":370,"column":47}},{"start":{"line":370,"column":51},"end":{"line":370,"column":52}}],"line":370},"35":{"loc":{"start":{"line":370,"column":75},"end":{"line":370,"column":102}},"type":"binary-expr","locations":[{"start":{"line":370,"column":75},"end":{"line":370,"column":97}},{"start":{"line":370,"column":101},"end":{"line":370,"column":102}}],"line":370},"36":{"loc":{"start":{"line":370,"column":114},"end":{"line":370,"column":141}},"type":"binary-expr","locations":[{"start":{"line":370,"column":114},"end":{"line":370,"column":136}},{"start":{"line":370,"column":140},"end":{"line":370,"column":141}}],"line":370},"37":{"loc":{"start":{"line":414,"column":43},"end":{"line":414,"column":76}},"type":"cond-expr","locations":[{"start":{"line":414,"column":67},"end":{"line":414,"column":70}},{"start":{"line":414,"column":73},"end":{"line":414,"column":76}}],"line":414},"38":{"loc":{"start":{"line":417,"column":39},"end":{"line":417,"column":72}},"type":"cond-expr","locations":[{"start":{"line":417,"column":63},"end":{"line":417,"column":66}},{"start":{"line":417,"column":69},"end":{"line":417,"column":72}}],"line":417},"39":{"loc":{"start":{"line":419,"column":41},"end":{"line":419,"column":74}},"type":"cond-expr","locations":[{"start":{"line":419,"column":65},"end":{"line":419,"column":68}},{"start":{"line":419,"column":71},"end":{"line":419,"column":74}}],"line":419},"40":{"loc":{"start":{"line":422,"column":118},"end":{"line":422,"column":149}},"type":"cond-expr","locations":[{"start":{"line":422,"column":142},"end":{"line":422,"column":144}},{"start":{"line":422,"column":147},"end":{"line":422,"column":149}}],"line":422}},"s":{"0":1,"1":6,"2":6,"3":6,"4":6,"5":6,"6":6,"7":6,"8":6,"9":6,"10":6,"11":6,"12":6,"13":6,"14":6,"15":6,"16":6,"17":6,"18":6,"19":6,"20":6,"21":3,"22":0,"23":0,"24":0,"25":3,"26":0,"27":3,"28":3,"29":0,"30":6,"31":2,"32":2,"33":2,"34":6,"35":1,"36":1,"37":1,"38":6,"39":0,"40":6,"41":0,"42":6,"43":0,"44":0,"45":0,"46":0,"47":0,"48":0,"49":0,"50":0,"51":0,"52":0,"53":0,"54":0,"55":0,"56":0,"57":0,"58":0,"59":0,"60":0,"61":0,"62":0,"63":0,"64":0,"65":0,"66":0,"67":0,"68":0,"69":6,"70":0,"71":0,"72":0,"73":0,"74":0,"75":0,"76":0,"77":0,"78":0,"79":0,"80":0,"81":0,"82":0,"83":6,"84":0,"85":0,"86":0,"87":0,"88":0,"89":0,"90":0,"91":0,"92":0,"93":0,"94":0,"95":0,"96":0,"97":0,"98":0,"99":0,"100":0,"101":0,"102":0,"103":6,"104":6,"105":6,"106":6,"107":6,"108":1,"109":0,"110":0,"111":3,"112":0,"113":0,"114":0,"115":0,"116":0,"117":0,"118":0,"119":0,"120":0,"121":1},"f":{"0":6,"1":6,"2":6,"3":3,"4":0,"5":0,"6":3,"7":2,"8":1,"9":0,"10":0,"11":0,"12":0,"13":0,"14":0,"15":0,"16":0,"17":0,"18":0,"19":0,"20":6,"21":1,"22":0,"23":0,"24":3,"25":0,"26":0,"27":0,"28":0,"29":0,"30":0,"31":0},"b":{"0":[0,3],"1":[0,3],"2":[0,3],"3":[0,2],"4":[0,0],"5":[0,0],"6":[0,0],"7":[0,0],"8":[0,0],"9":[0,0],"10":[0,0],"11":[0,0],"12":[0,0],"13":[0,0],"14":[0,0],"15":[0,0],"16":[0,0],"17":[6,2],"18":[6,2],"19":[6,4],"20":[6,1],"21":[3,1],"22":[3,1],"23":[1,1],"24":[1,0],"25":[1,0],"26":[6,0],"27":[0,0],"28":[0,0],"29":[0,0],"30":[6,0],"31":[0,0],"32":[0,0],"33":[0,0],"34":[0,0],"35":[0,0],"36":[0,0],"37":[1,0],"38":[1,0],"39":[1,0],"40":[1,0]},"_coverageSchema":"1a1c01bbd47fc00a2c39e90264f33305004495a9","hash":"85f7f8b092b5b4490709b1c95c92eaf1edb9ca6a"}
,"D:\\project\\baby log\\babysync\\src\\db\\hooks.ts": {"path":"D:\\project\\baby log\\babysync\\src\\db\\hooks.ts","statementMap":{"0":{"start":{"line":4,"column":30},"end":{"line":7,"column":1}},"1":{"start":{"line":6,"column":4},"end":{"line":6,"column":24}},"2":{"start":{"line":9,"column":32},"end":{"line":13,"column":1}},"3":{"start":{"line":12,"column":4},"end":{"line":12,"column":50}}},"fnMap":{"0":{"name":"(anonymous_0)","decl":{"start":{"line":4,"column":30},"end":{"line":4,"column":31}},"loc":{"start":{"line":4,"column":36},"end":{"line":7,"column":1}},"line":4},"1":{"name":"(anonymous_1)","decl":{"start":{"line":9,"column":32},"end":{"line":9,"column":33}},"loc":{"start":{"line":9,"column":44},"end":{"line":13,"column":1}},"line":9}},"branchMap":{},"s":{"0":1,"1":1,"2":1,"3":0},"f":{"0":1,"1":0},"b":{},"_coverageSchema":"1a1c01bbd47fc00a2c39e90264f33305004495a9","hash":"8a08834c859c4d39b0254fb6670f097a4d3fd7c8"}
,"D:\\project\\baby log\\babysync\\src\\db\\index.ts": {"path":"D:\\project\\baby log\\babysync\\src\\db\\index.ts","statementMap":{"0":{"start":{"line":17,"column":16},"end":{"line":24,"column":2}},"1":{"start":{"line":22,"column":4},"end":{"line":22,"column":43}},"2":{"start":{"line":26,"column":24},"end":{"line":40,"column":2}}},"fnMap":{"0":{"name":"(anonymous_0)","decl":{"start":{"line":21,"column":16},"end":{"line":21,"column":17}},"loc":{"start":{"line":21,"column":25},"end":{"line":23,"column":3}},"line":21}},"branchMap":{},"s":{"0":12,"1":0,"2":12},"f":{"0":0},"b":{},"_coverageSchema":"1a1c01bbd47fc00a2c39e90264f33305004495a9","hash":"8abb408886e967da2fe931ddfdfa6849c84eecb6"}
,"D:\\project\\baby log\\babysync\\src\\db\\migrations.ts": {"path":"D:\\project\\baby log\\babysync\\src\\db\\migrations.ts","statementMap":{"0":{"start":{"line":3,"column":26},"end":{"line":61,"column":2}}},"fnMap":{},"branchMap":{},"s":{"0":12},"f":{},"b":{},"_coverageSchema":"1a1c01bbd47fc00a2c39e90264f33305004495a9","hash":"237dbc9d6dda6d106790d4d8677836ee9bbf18d8"}
,"D:\\project\\baby log\\babysync\\src\\db\\schema.ts": {"path":"D:\\project\\baby log\\babysync\\src\\db\\schema.ts","statementMap":{"0":{"start":{"line":3,"column":22},"end":{"line":120,"column":2}}},"fnMap":{},"branchMap":{},"s":{"0":12},"f":{},"b":{},"_coverageSchema":"1a1c01bbd47fc00a2c39e90264f33305004495a9","hash":"8c65f8db7c4ceb770f96399098e5d4eae7f234bc"}
,"D:\\project\\baby log\\babysync\\src\\db\\sync.ts": {"path":"D:\\project\\baby log\\babysync\\src\\db\\sync.ts","statementMap":{"0":{"start":{"line":18,"column":20},"end":{"line":29,"column":10}},"1":{"start":{"line":32,"column":34},"end":{"line":32,"column":38}},"2":{"start":{"line":35,"column":2},"end":{"line":35,"column":65}},"3":{"start":{"line":37,"column":2},"end":{"line":142,"column":3}},"4":{"start":{"line":38,"column":4},"end":{"line":135,"column":7}},"5":{"start":{"line":41,"column":26},"end":{"line":43,"column":37}},"6":{"start":{"line":45,"column":95},"end":{"line":45,"column":97}},"7":{"start":{"line":47,"column":8},"end":{"line":86,"column":9}},"8":{"start":{"line":48,"column":43},"end":{"line":52,"column":53}},"9":{"start":{"line":54,"column":10},"end":{"line":58,"column":11}},"10":{"start":{"line":55,"column":12},"end":{"line":55,"column":75}},"11":{"start":{"line":56,"column":12},"end":{"line":56,"column":71}},"12":{"start":{"line":57,"column":12},"end":{"line":57,"column":21}},"13":{"start":{"line":61,"column":34},"end":{"line":61,"column":53}},"14":{"start":{"line":62,"column":33},"end":{"line":62,"column":35}},"15":{"start":{"line":63,"column":33},"end":{"line":63,"column":35}},"16":{"start":{"line":65,"column":10},"end":{"line":79,"column":11}},"17":{"start":{"line":66,"column":27},"end":{"line":70,"column":13}},"18":{"start":{"line":71,"column":12},"end":{"line":78,"column":13}},"19":{"start":{"line":72,"column":14},"end":{"line":72,"column":47}},"20":{"start":{"line":74,"column":14},"end":{"line":74,"column":35}},"21":{"start":{"line":77,"column":14},"end":{"line":77,"column":35}},"22":{"start":{"line":81,"column":10},"end":{"line":85,"column":12}},"23":{"start":{"line":88,"column":8},"end":{"line":91,"column":10}},"24":{"start":{"line":95,"column":8},"end":{"line":133,"column":9}},"25":{"start":{"line":96,"column":31},"end":{"line":96,"column":54}},"26":{"start":{"line":97,"column":10},"end":{"line":97,"column":38}},"27":{"start":{"line":97,"column":29},"end":{"line":97,"column":38}},"28":{"start":{"line":100,"column":10},"end":{"line":111,"column":11}},"29":{"start":{"line":101,"column":28},"end":{"line":106,"column":15}},"30":{"start":{"line":101,"column":66},"end":{"line":106,"column":13}},"31":{"start":{"line":108,"column":28},"end":{"line":108,"column":86}},"32":{"start":{"line":108,"column":81},"end":{"line":108,"column":85}},"33":{"start":{"line":109,"column":30},"end":{"line":109,"column":72}},"34":{"start":{"line":110,"column":12},"end":{"line":110,"column":93}},"35":{"start":{"line":110,"column":23},"end":{"line":110,"column":93}},"36":{"start":{"line":114,"column":10},"end":{"line":123,"column":11}},"37":{"start":{"line":115,"column":12},"end":{"line":122,"column":13}},"38":{"start":{"line":116,"column":65},"end":{"line":116,"column":71}},"39":{"start":{"line":117,"column":14},"end":{"line":119,"column":15}},"40":{"start":{"line":118,"column":16},"end":{"line":118,"column":80}},"41":{"start":{"line":120,"column":32},"end":{"line":120,"column":87}},"42":{"start":{"line":121,"column":14},"end":{"line":121,"column":95}},"43":{"start":{"line":121,"column":25},"end":{"line":121,"column":95}},"44":{"start":{"line":126,"column":10},"end":{"line":132,"column":11}},"45":{"start":{"line":127,"column":30},"end":{"line":130,"column":45}},"46":{"start":{"line":131,"column":12},"end":{"line":131,"column":93}},"47":{"start":{"line":131,"column":23},"end":{"line":131,"column":93}},"48":{"start":{"line":137,"column":4},"end":{"line":137,"column":44}},"49":{"start":{"line":138,"column":4},"end":{"line":138,"column":71}},"50":{"start":{"line":140,"column":4},"end":{"line":140,"column":44}},"51":{"start":{"line":141,"column":4},"end":{"line":141,"column":12}},"52":{"start":{"line":146,"column":2},"end":{"line":146,"column":22}}},"fnMap":{"0":{"name":"syncWithSupabase","decl":{"start":{"line":34,"column":22},"end":{"line":34,"column":38}},"loc":{"start":{"line":34,"column":41},"end":{"line":143,"column":1}},"line":34},"1":{"name":"(anonymous_1)","decl":{"start":{"line":40,"column":19},"end":{"line":40,"column":20}},"loc":{"start":{"line":40,"column":47},"end":{"line":92,"column":7}},"line":40},"2":{"name":"(anonymous_2)","decl":{"start":{"line":94,"column":19},"end":{"line":94,"column":20}},"loc":{"start":{"line":94,"column":47},"end":{"line":134,"column":7}},"line":94},"3":{"name":"(anonymous_3)","decl":{"start":{"line":101,"column":53},"end":{"line":101,"column":54}},"loc":{"start":{"line":101,"column":66},"end":{"line":106,"column":13}},"line":101},"4":{"name":"(anonymous_4)","decl":{"start":{"line":108,"column":40},"end":{"line":108,"column":41}},"loc":{"start":{"line":108,"column":81},"end":{"line":108,"column":85}},"line":108},"5":{"name":"getLastSyncedAt","decl":{"start":{"line":145,"column":16},"end":{"line":145,"column":31}},"loc":{"start":{"line":145,"column":34},"end":{"line":147,"column":1}},"line":145}},"branchMap":{"0":{"loc":{"start":{"line":41,"column":26},"end":{"line":43,"column":37}},"type":"cond-expr","locations":[{"start":{"line":42,"column":12},"end":{"line":42,"column":48}},{"start":{"line":43,"column":12},"end":{"line":43,"column":37}}],"line":41},"1":{"loc":{"start":{"line":54,"column":10},"end":{"line":58,"column":11}},"type":"if","locations":[{"start":{"line":54,"column":10},"end":{"line":58,"column":11}},{"start":{},"end":{}}],"line":54},"2":{"loc":{"start":{"line":65,"column":27},"end":{"line":65,"column":40}},"type":"binary-expr","locations":[{"start":{"line":65,"column":27},"end":{"line":65,"column":34}},{"start":{"line":65,"column":38},"end":{"line":65,"column":40}}],"line":65},"3":{"loc":{"start":{"line":69,"column":26},"end":{"line":69,"column":86}},"type":"cond-expr","locations":[{"start":{"line":69,"column":41},"end":{"line":69,"column":73}},{"start":{"line":69,"column":76},"end":{"line":69,"column":86}}],"line":69},"4":{"loc":{"start":{"line":97,"column":10},"end":{"line":97,"column":38}},"type":"if","locations":[{"start":{"line":97,"column":10},"end":{"line":97,"column":38}},{"start":{},"end":{}}],"line":97},"5":{"loc":{"start":{"line":100,"column":10},"end":{"line":111,"column":11}},"type":"if","locations":[{"start":{"line":100,"column":10},"end":{"line":111,"column":11}},{"start":{},"end":{}}],"line":100},"6":{"loc":{"start":{"line":103,"column":26},"end":{"line":105,"column":42}},"type":"cond-expr","locations":[{"start":{"line":104,"column":18},"end":{"line":104,"column":54}},{"start":{"line":105,"column":18},"end":{"line":105,"column":42}}],"line":103},"7":{"loc":{"start":{"line":110,"column":12},"end":{"line":110,"column":93}},"type":"if","locations":[{"start":{"line":110,"column":12},"end":{"line":110,"column":93}},{"start":{},"end":{}}],"line":110},"8":{"loc":{"start":{"line":114,"column":10},"end":{"line":123,"column":11}},"type":"if","locations":[{"start":{"line":114,"column":10},"end":{"line":123,"column":11}},{"start":{},"end":{}}],"line":114},"9":{"loc":{"start":{"line":117,"column":14},"end":{"line":119,"column":15}},"type":"if","locations":[{"start":{"line":117,"column":14},"end":{"line":119,"column":15}},{"start":{},"end":{}}],"line":117},"10":{"loc":{"start":{"line":117,"column":18},"end":{"line":117,"column":78}},"type":"binary-expr","locations":[{"start":{"line":117,"column":18},"end":{"line":117,"column":36}},{"start":{"line":117,"column":40},"end":{"line":117,"column":78}}],"line":117},"11":{"loc":{"start":{"line":121,"column":14},"end":{"line":121,"column":95}},"type":"if","locations":[{"start":{"line":121,"column":14},"end":{"line":121,"column":95}},{"start":{},"end":{}}],"line":121},"12":{"loc":{"start":{"line":126,"column":10},"end":{"line":132,"column":11}},"type":"if","locations":[{"start":{"line":126,"column":10},"end":{"line":132,"column":11}},{"start":{},"end":{}}],"line":126},"13":{"loc":{"start":{"line":131,"column":12},"end":{"line":131,"column":93}},"type":"if","locations":[{"start":{"line":131,"column":12},"end":{"line":131,"column":93}},{"start":{},"end":{}}],"line":131}},"s":{"0":1,"1":1,"2":3,"3":3,"4":3,"5":0,"6":0,"7":0,"8":0,"9":0,"10":0,"11":0,"12":0,"13":0,"14":0,"15":0,"16":0,"17":0,"18":0,"19":0,"20":0,"21":0,"22":0,"23":0,"24":0,"25":0,"26":0,"27":0,"28":0,"29":0,"30":0,"31":0,"32":0,"33":0,"34":0,"35":0,"36":0,"37":0,"38":0,"39":0,"40":0,"41":0,"42":0,"43":0,"44":0,"45":0,"46":0,"47":0,"48":2,"49":2,"50":1,"51":1,"52":4},"f":{"0":3,"1":0,"2":0,"3":0,"4":0,"5":4},"b":{"0":[0,0],"1":[0,0],"2":[0,0],"3":[0,0],"4":[0,0],"5":[0,0],"6":[0,0],"7":[0,0],"8":[0,0],"9":[0,0],"10":[0,0],"11":[0,0],"12":[0,0],"13":[0,0]},"_coverageSchema":"1a1c01bbd47fc00a2c39e90264f33305004495a9","hash":"2f241449ac9a8a514e7f638475577e06b6296e9e"}
,"D:\\project\\baby log\\babysync\\src\\db\\models\\Diaper.ts": {"path":"D:\\project\\baby log\\babysync\\src\\db\\models\\Diaper.ts","statementMap":{"0":{"start":{"line":5,"column":17},"end":{"line":5,"column":26}}},"fnMap":{},"branchMap":{},"s":{"0":12},"f":{},"b":{},"_coverageSchema":"1a1c01bbd47fc00a2c39e90264f33305004495a9","hash":"39d6b879edd8793b8cfe213061aacc2c4c660d6b"}
,"D:\\project\\baby log\\babysync\\src\\db\\models\\DoctorVisitModel.ts": {"path":"D:\\project\\baby log\\babysync\\src\\db\\models\\DoctorVisitModel.ts","statementMap":{"0":{"start":{"line":5,"column":17},"end":{"line":5,"column":32}}},"fnMap":{},"branchMap":{},"s":{"0":12},"f":{},"b":{},"_coverageSchema":"1a1c01bbd47fc00a2c39e90264f33305004495a9","hash":"a2fc66e9de2f3b10d6e9e4aaeda7c1ae18c6f586"}
,"D:\\project\\baby log\\babysync\\src\\db\\models\\Feeding.ts": {"path":"D:\\project\\baby log\\babysync\\src\\db\\models\\Feeding.ts","statementMap":{"0":{"start":{"line":5,"column":17},"end":{"line":5,"column":27}}},"fnMap":{},"branchMap":{},"s":{"0":12},"f":{},"b":{},"_coverageSchema":"1a1c01bbd47fc00a2c39e90264f33305004495a9","hash":"ebfe06e53306248914ccf8e802b527021e6d242c"}
,"D:\\project\\baby log\\babysync\\src\\db\\models\\GrowthRecord.ts": {"path":"D:\\project\\baby log\\babysync\\src\\db\\models\\GrowthRecord.ts","statementMap":{"0":{"start":{"line":5,"column":17},"end":{"line":5,"column":33}}},"fnMap":{},"branchMap":{},"s":{"0":12},"f":{},"b":{},"_coverageSchema":"1a1c01bbd47fc00a2c39e90264f33305004495a9","hash":"19dc10c9491d3316f30a06828c76ec70d2b958ab"}
,"D:\\project\\baby log\\babysync\\src\\db\\models\\MedicationModel.ts": {"path":"D:\\project\\baby log\\babysync\\src\\db\\models\\MedicationModel.ts","statementMap":{"0":{"start":{"line":5,"column":17},"end":{"line":5,"column":30}}},"fnMap":{},"branchMap":{},"s":{"0":12},"f":{},"b":{},"_coverageSchema":"1a1c01bbd47fc00a2c39e90264f33305004495a9","hash":"8d1dd0d3a243be0a7e21ac73d6ea009cdabb0d95"}
,"D:\\project\\baby log\\babysync\\src\\db\\models\\ShiftModel.ts": {"path":"D:\\project\\baby log\\babysync\\src\\db\\models\\ShiftModel.ts","statementMap":{"0":{"start":{"line":5,"column":17},"end":{"line":5,"column":25}}},"fnMap":{},"branchMap":{},"s":{"0":12},"f":{},"b":{},"_coverageSchema":"1a1c01bbd47fc00a2c39e90264f33305004495a9","hash":"c3a6b900c44a6eb15207bb0e6d48a37ccb9c37dc"}
,"D:\\project\\baby log\\babysync\\src\\db\\models\\Sleep.ts": {"path":"D:\\project\\baby log\\babysync\\src\\db\\models\\Sleep.ts","statementMap":{"0":{"start":{"line":5,"column":17},"end":{"line":5,"column":25}}},"fnMap":{},"branchMap":{},"s":{"0":12},"f":{},"b":{},"_coverageSchema":"1a1c01bbd47fc00a2c39e90264f33305004495a9","hash":"e7772aec8fcd1f7716a3349e32d229ab94823689"}
,"D:\\project\\baby log\\babysync\\src\\db\\models\\Task.ts": {"path":"D:\\project\\baby log\\babysync\\src\\db\\models\\Task.ts","statementMap":{"0":{"start":{"line":5,"column":17},"end":{"line":5,"column":24}}},"fnMap":{},"branchMap":{},"s":{"0":12},"f":{},"b":{},"_coverageSchema":"1a1c01bbd47fc00a2c39e90264f33305004495a9","hash":"c90fd3e7c0bb919dca3f4a7bb31e8e327dc13313"}
,"D:\\project\\baby log\\babysync\\src\\db\\models\\VaccinationModel.ts": {"path":"D:\\project\\baby log\\babysync\\src\\db\\models\\VaccinationModel.ts","statementMap":{"0":{"start":{"line":5,"column":17},"end":{"line":5,"column":31}}},"fnMap":{},"branchMap":{},"s":{"0":12},"f":{},"b":{},"_coverageSchema":"1a1c01bbd47fc00a2c39e90264f33305004495a9","hash":"f74b9b67316310862d43841a1166688583dd7940"}
,"D:\\project\\baby log\\babysync\\src\\db\\models\\Walk.ts": {"path":"D:\\project\\baby log\\babysync\\src\\db\\models\\Walk.ts","statementMap":{"0":{"start":{"line":5,"column":17},"end":{"line":5,"column":24}}},"fnMap":{},"branchMap":{},"s":{"0":12},"f":{},"b":{},"_coverageSchema":"1a1c01bbd47fc00a2c39e90264f33305004495a9","hash":"59e9649c376e5d7eef1cda19b467f0fdf15cec47"}
,"D:\\project\\baby log\\babysync\\src\\screens\\AIScreen.tsx": {"path":"D:\\project\\baby log\\babysync\\src\\screens\\AIScreen.tsx","statementMap":{"0":{"start":{"line":21,"column":21},"end":{"line":26,"column":1}},"1":{"start":{"line":28,"column":17},"end":{"line":180,"column":1}},"2":{"start":{"line":29,"column":34},"end":{"line":29,"column":57}},"3":{"start":{"line":30,"column":28},"end":{"line":30,"column":40}},"4":{"start":{"line":31,"column":32},"end":{"line":31,"column":47}},"5":{"start":{"line":32,"column":20},"end":{"line":32,"column":44}},"6":{"start":{"line":34,"column":34},"end":{"line":34,"column":53}},"7":{"start":{"line":35,"column":30},"end":{"line":35,"column":49}},"8":{"start":{"line":36,"column":32},"end":{"line":36,"column":51}},"9":{"start":{"line":37,"column":28},"end":{"line":37,"column":47}},"10":{"start":{"line":38,"column":44},"end":{"line":38,"column":63}},"11":{"start":{"line":39,"column":19},"end":{"line":39,"column":33}},"12":{"start":{"line":41,"column":2},"end":{"line":47,"column":9}},"13":{"start":{"line":42,"column":4},"end":{"line":42,"column":79}},"14":{"start":{"line":43,"column":4},"end":{"line":43,"column":75}},"15":{"start":{"line":44,"column":4},"end":{"line":44,"column":77}},"16":{"start":{"line":45,"column":4},"end":{"line":45,"column":73}},"17":{"start":{"line":46,"column":4},"end":{"line":46,"column":90}},"18":{"start":{"line":49,"column":23},"end":{"line":58,"column":4}},"19":{"start":{"line":49,"column":30},"end":{"line":58,"column":3}},"20":{"start":{"line":53,"column":56},"end":{"line":53,"column":78}},"21":{"start":{"line":56,"column":42},"end":{"line":56,"column":53}},"22":{"start":{"line":57,"column":42},"end":{"line":57,"column":53}},"23":{"start":{"line":60,"column":22},"end":{"line":84,"column":3}},"24":{"start":{"line":61,"column":4},"end":{"line":61,"column":29}},"25":{"start":{"line":61,"column":22},"end":{"line":61,"column":29}},"26":{"start":{"line":62,"column":29},"end":{"line":62,"column":64}},"27":{"start":{"line":63,"column":4},"end":{"line":63,"column":44}},"28":{"start":{"line":63,"column":24},"end":{"line":63,"column":42}},"29":{"start":{"line":64,"column":4},"end":{"line":64,"column":17}},"30":{"start":{"line":65,"column":4},"end":{"line":65,"column":21}},"31":{"start":{"line":67,"column":4},"end":{"line":83,"column":5}},"32":{"start":{"line":68,"column":26},"end":{"line":68,"column":40}},"33":{"start":{"line":69,"column":21},"end":{"line":72,"column":7}},"34":{"start":{"line":73,"column":29},"end":{"line":76,"column":7}},"35":{"start":{"line":77,"column":6},"end":{"line":77,"column":44}},"36":{"start":{"line":77,"column":26},"end":{"line":77,"column":42}},"37":{"start":{"line":79,"column":6},"end":{"line":79,"column":126}},"38":{"start":{"line":79,"column":26},"end":{"line":79,"column":124}},"39":{"start":{"line":81,"column":6},"end":{"line":81,"column":24}},"40":{"start":{"line":82,"column":6},"end":{"line":82,"column":62}},"41":{"start":{"line":82,"column":23},"end":{"line":82,"column":55}},"42":{"start":{"line":86,"column":2},"end":{"line":179,"column":4}},"43":{"start":{"line":121,"column":16},"end":{"line":127,"column":35}},"44":{"start":{"line":124,"column":33},"end":{"line":124,"column":55}},"45":{"start":{"line":134,"column":10},"end":{"line":144,"column":17}},"46":{"start":{"line":165,"column":33},"end":{"line":165,"column":51}},"47":{"start":{"line":170,"column":25},"end":{"line":170,"column":43}},"48":{"start":{"line":182,"column":15},"end":{"line":208,"column":2}}},"fnMap":{"0":{"name":"(anonymous_0)","decl":{"start":{"line":28,"column":17},"end":{"line":28,"column":18}},"loc":{"start":{"line":28,"column":23},"end":{"line":180,"column":1}},"line":28},"1":{"name":"(anonymous_1)","decl":{"start":{"line":41,"column":12},"end":{"line":41,"column":13}},"loc":{"start":{"line":41,"column":18},"end":{"line":47,"column":3}},"line":41},"2":{"name":"(anonymous_2)","decl":{"start":{"line":42,"column":69},"end":{"line":42,"column":70}},"loc":{"start":{"line":42,"column":75},"end":{"line":42,"column":77}},"line":42},"3":{"name":"(anonymous_3)","decl":{"start":{"line":43,"column":65},"end":{"line":43,"column":66}},"loc":{"start":{"line":43,"column":71},"end":{"line":43,"column":73}},"line":43},"4":{"name":"(anonymous_4)","decl":{"start":{"line":44,"column":67},"end":{"line":44,"column":68}},"loc":{"start":{"line":44,"column":73},"end":{"line":44,"column":75}},"line":44},"5":{"name":"(anonymous_5)","decl":{"start":{"line":45,"column":63},"end":{"line":45,"column":64}},"loc":{"start":{"line":45,"column":69},"end":{"line":45,"column":71}},"line":45},"6":{"name":"(anonymous_6)","decl":{"start":{"line":46,"column":80},"end":{"line":46,"column":81}},"loc":{"start":{"line":46,"column":86},"end":{"line":46,"column":88}},"line":46},"7":{"name":"(anonymous_7)","decl":{"start":{"line":49,"column":23},"end":{"line":49,"column":24}},"loc":{"start":{"line":49,"column":30},"end":{"line":58,"column":3}},"line":49},"8":{"name":"(anonymous_8)","decl":{"start":{"line":53,"column":46},"end":{"line":53,"column":47}},"loc":{"start":{"line":53,"column":56},"end":{"line":53,"column":78}},"line":53},"9":{"name":"(anonymous_9)","decl":{"start":{"line":56,"column":37},"end":{"line":56,"column":38}},"loc":{"start":{"line":56,"column":42},"end":{"line":56,"column":53}},"line":56},"10":{"name":"(anonymous_10)","decl":{"start":{"line":57,"column":37},"end":{"line":57,"column":38}},"loc":{"start":{"line":57,"column":42},"end":{"line":57,"column":53}},"line":57},"11":{"name":"(anonymous_11)","decl":{"start":{"line":60,"column":22},"end":{"line":60,"column":23}},"loc":{"start":{"line":60,"column":46},"end":{"line":84,"column":3}},"line":60},"12":{"name":"(anonymous_12)","decl":{"start":{"line":63,"column":16},"end":{"line":63,"column":17}},"loc":{"start":{"line":63,"column":24},"end":{"line":63,"column":42}},"line":63},"13":{"name":"(anonymous_13)","decl":{"start":{"line":77,"column":18},"end":{"line":77,"column":19}},"loc":{"start":{"line":77,"column":26},"end":{"line":77,"column":42}},"line":77},"14":{"name":"(anonymous_14)","decl":{"start":{"line":79,"column":18},"end":{"line":79,"column":19}},"loc":{"start":{"line":79,"column":26},"end":{"line":79,"column":124}},"line":79},"15":{"name":"(anonymous_15)","decl":{"start":{"line":82,"column":17},"end":{"line":82,"column":18}},"loc":{"start":{"line":82,"column":23},"end":{"line":82,"column":55}},"line":82},"16":{"name":"(anonymous_16)","decl":{"start":{"line":120,"column":32},"end":{"line":120,"column":33}},"loc":{"start":{"line":121,"column":16},"end":{"line":127,"column":35}},"line":121},"17":{"name":"(anonymous_17)","decl":{"start":{"line":124,"column":27},"end":{"line":124,"column":28}},"loc":{"start":{"line":124,"column":33},"end":{"line":124,"column":55}},"line":124},"18":{"name":"(anonymous_18)","decl":{"start":{"line":133,"column":22},"end":{"line":133,"column":23}},"loc":{"start":{"line":134,"column":10},"end":{"line":144,"column":17}},"line":134},"19":{"name":"(anonymous_19)","decl":{"start":{"line":165,"column":27},"end":{"line":165,"column":28}},"loc":{"start":{"line":165,"column":33},"end":{"line":165,"column":51}},"line":165},"20":{"name":"(anonymous_20)","decl":{"start":{"line":170,"column":19},"end":{"line":170,"column":20}},"loc":{"start":{"line":170,"column":25},"end":{"line":170,"column":43}},"line":170}},"branchMap":{"0":{"loc":{"start":{"line":50,"column":10},"end":{"line":50,"column":91}},"type":"cond-expr","locations":[{"start":{"line":50,"column":17},"end":{"line":50,"column":84}},{"start":{"line":50,"column":87},"end":{"line":50,"column":91}}],"line":50},"1":{"loc":{"start":{"line":61,"column":4},"end":{"line":61,"column":29}},"type":"if","locations":[{"start":{"line":61,"column":4},"end":{"line":61,"column":29}},{"start":{},"end":{}}],"line":61},"2":{"loc":{"start":{"line":75,"column":14},"end":{"line":75,"column":70}},"type":"binary-expr","locations":[{"start":{"line":75,"column":14},"end":{"line":75,"column":20}},{"start":{"line":75,"column":24},"end":{"line":75,"column":70}}],"line":75},"3":{"loc":{"start":{"line":89,"column":16},"end":{"line":89,"column":60}},"type":"cond-expr","locations":[{"start":{"line":89,"column":40},"end":{"line":89,"column":49}},{"start":{"line":89,"column":52},"end":{"line":89,"column":60}}],"line":89},"4":{"loc":{"start":{"line":90,"column":30},"end":{"line":90,"column":60}},"type":"cond-expr","locations":[{"start":{"line":90,"column":54},"end":{"line":90,"column":56}},{"start":{"line":90,"column":59},"end":{"line":90,"column":60}}],"line":90},"5":{"loc":{"start":{"line":110,"column":9},"end":{"line":131,"column":9}},"type":"binary-expr","locations":[{"start":{"line":110,"column":9},"end":{"line":110,"column":30}},{"start":{"line":111,"column":10},"end":{"line":130,"column":17}}],"line":110},"6":{"loc":{"start":{"line":134,"column":47},"end":{"line":134,"column":104}},"type":"cond-expr","locations":[{"start":{"line":134,"column":69},"end":{"line":134,"column":86}},{"start":{"line":134,"column":89},"end":{"line":134,"column":104}}],"line":134},"7":{"loc":{"start":{"line":135,"column":13},"end":{"line":140,"column":13}},"type":"binary-expr","locations":[{"start":{"line":135,"column":13},"end":{"line":135,"column":37}},{"start":{"line":136,"column":14},"end":{"line":139,"column":21}}],"line":135},"8":{"loc":{"start":{"line":141,"column":45},"end":{"line":141,"column":110}},"type":"cond-expr","locations":[{"start":{"line":141,"column":67},"end":{"line":141,"column":88}},{"start":{"line":141,"column":91},"end":{"line":141,"column":110}}],"line":141},"9":{"loc":{"start":{"line":147,"column":9},"end":{"line":152,"column":9}},"type":"binary-expr","locations":[{"start":{"line":147,"column":9},"end":{"line":147,"column":16}},{"start":{"line":148,"column":10},"end":{"line":151,"column":17}}],"line":147},"10":{"loc":{"start":{"line":169,"column":34},"end":{"line":169,"column":80}},"type":"binary-expr","locations":[{"start":{"line":169,"column":35},"end":{"line":169,"column":48}},{"start":{"line":169,"column":52},"end":{"line":169,"column":59}},{"start":{"line":169,"column":64},"end":{"line":169,"column":80}}],"line":169},"11":{"loc":{"start":{"line":171,"column":20},"end":{"line":171,"column":44}},"type":"binary-expr","locations":[{"start":{"line":171,"column":20},"end":{"line":171,"column":33}},{"start":{"line":171,"column":37},"end":{"line":171,"column":44}}],"line":171}},"s":{"0":1,"1":1,"2":7,"3":7,"4":7,"5":7,"6":7,"7":7,"8":7,"9":7,"10":7,"11":7,"12":7,"13":2,"14":2,"15":2,"16":2,"17":2,"18":7,"19":2,"20":0,"21":0,"22":0,"23":7,"24":2,"25":0,"26":2,"27":2,"28":2,"29":2,"30":2,"31":2,"32":2,"33":2,"34":2,"35":2,"36":2,"37":0,"38":0,"39":2,"40":2,"41":0,"42":7,"43":12,"44":1,"45":6,"46":1,"47":0,"48":1},"f":{"0":7,"1":2,"2":0,"3":0,"4":0,"5":0,"6":0,"7":2,"8":0,"9":0,"10":0,"11":2,"12":2,"13":2,"14":0,"15":0,"16":12,"17":1,"18":6,"19":1,"20":0},"b":{"0":[2,0],"1":[0,2],"2":[2,0],"3":[7,0],"4":[7,0],"5":[7,3],"6":[4,2],"7":[6,2],"8":[4,2],"9":[7,2],"10":[7,1,6],"11":[7,1]},"_coverageSchema":"1a1c01bbd47fc00a2c39e90264f33305004495a9","hash":"d924db92e2695d522fd9a6a56f20641c9e7cd846"}
,"D:\\project\\baby log\\babysync\\src\\screens\\AnalyticsScreen.tsx": {"path":"D:\\project\\baby log\\babysync\\src\\screens\\AnalyticsScreen.tsx","statementMap":{"0":{"start":{"line":15,"column":18},"end":{"line":15,"column":42}},"1":{"start":{"line":17,"column":15},"end":{"line":31,"column":1}},"2":{"start":{"line":34,"column":2},"end":{"line":34,"column":40}},"3":{"start":{"line":34,"column":15},"end":{"line":34,"column":40}},"4":{"start":{"line":35,"column":2},"end":{"line":35,"column":41}},"5":{"start":{"line":35,"column":15},"end":{"line":35,"column":41}},"6":{"start":{"line":36,"column":2},"end":{"line":36,"column":25}},"7":{"start":{"line":39,"column":14},"end":{"line":51,"column":1}},"8":{"start":{"line":40,"column":2},"end":{"line":40,"column":51}},"9":{"start":{"line":40,"column":39},"end":{"line":40,"column":51}},"10":{"start":{"line":41,"column":13},"end":{"line":41,"column":22}},"11":{"start":{"line":42,"column":16},"end":{"line":42,"column":56}},"12":{"start":{"line":43,"column":13},"end":{"line":43,"column":39}},"13":{"start":{"line":44,"column":2},"end":{"line":50,"column":4}},"14":{"start":{"line":53,"column":17},"end":{"line":64,"column":1}},"15":{"start":{"line":66,"column":17},"end":{"line":84,"column":1}},"16":{"start":{"line":67,"column":16},"end":{"line":67,"column":33}},"17":{"start":{"line":68,"column":2},"end":{"line":83,"column":4}},"18":{"start":{"line":86,"column":21},"end":{"line":118,"column":1}},"19":{"start":{"line":87,"column":2},"end":{"line":117,"column":4}},"20":{"start":{"line":98,"column":10},"end":{"line":113,"column":17}},"21":{"start":{"line":120,"column":31},"end":{"line":421,"column":1}},"22":{"start":{"line":121,"column":19},"end":{"line":121,"column":33}},"23":{"start":{"line":122,"column":30},"end":{"line":122,"column":45}},"24":{"start":{"line":123,"column":32},"end":{"line":123,"column":46}},"25":{"start":{"line":124,"column":36},"end":{"line":124,"column":65}},"26":{"start":{"line":125,"column":36},"end":{"line":125,"column":51}},"27":{"start":{"line":128,"column":34},"end":{"line":128,"column":53}},"28":{"start":{"line":129,"column":30},"end":{"line":129,"column":49}},"29":{"start":{"line":130,"column":32},"end":{"line":130,"column":51}},"30":{"start":{"line":131,"column":28},"end":{"line":131,"column":47}},"31":{"start":{"line":134,"column":42},"end":{"line":134,"column":61}},"32":{"start":{"line":135,"column":38},"end":{"line":135,"column":57}},"33":{"start":{"line":136,"column":40},"end":{"line":136,"column":59}},"34":{"start":{"line":137,"column":36},"end":{"line":137,"column":55}},"35":{"start":{"line":139,"column":2},"end":{"line":170,"column":61}},"36":{"start":{"line":141,"column":16},"end":{"line":141,"column":26}},"37":{"start":{"line":142,"column":21},"end":{"line":144,"column":23}},"38":{"start":{"line":147,"column":24},"end":{"line":147,"column":62}},"39":{"start":{"line":149,"column":28},"end":{"line":149,"column":74}},"40":{"start":{"line":151,"column":26},"end":{"line":151,"column":112}},"41":{"start":{"line":151,"column":42},"end":{"line":151,"column":112}},"42":{"start":{"line":151,"column":61},"end":{"line":151,"column":111}},"43":{"start":{"line":152,"column":23},"end":{"line":155,"column":6}},"44":{"start":{"line":152,"column":39},"end":{"line":155,"column":6}},"45":{"start":{"line":153,"column":18},"end":{"line":153,"column":53}},"46":{"start":{"line":154,"column":8},"end":{"line":154,"column":55}},"47":{"start":{"line":157,"column":4},"end":{"line":157,"column":44}},"48":{"start":{"line":158,"column":4},"end":{"line":158,"column":45}},"49":{"start":{"line":160,"column":4},"end":{"line":160,"column":40}},"50":{"start":{"line":161,"column":4},"end":{"line":161,"column":41}},"51":{"start":{"line":163,"column":4},"end":{"line":163,"column":42}},"52":{"start":{"line":164,"column":4},"end":{"line":164,"column":43}},"53":{"start":{"line":166,"column":4},"end":{"line":166,"column":38}},"54":{"start":{"line":167,"column":4},"end":{"line":167,"column":39}},"55":{"start":{"line":169,"column":4},"end":{"line":169,"column":22}},"56":{"start":{"line":174,"column":25},"end":{"line":191,"column":3}},"57":{"start":{"line":175,"column":4},"end":{"line":175,"column":23}},"58":{"start":{"line":176,"column":24},"end":{"line":181,"column":5}},"59":{"start":{"line":184,"column":19},"end":{"line":184,"column":126}},"60":{"start":{"line":185,"column":4},"end":{"line":189,"column":5}},"61":{"start":{"line":186,"column":6},"end":{"line":186,"column":27}},"62":{"start":{"line":188,"column":6},"end":{"line":188,"column":113}},"63":{"start":{"line":190,"column":4},"end":{"line":190,"column":24}},"64":{"start":{"line":193,"column":28},"end":{"line":225,"column":3}},"65":{"start":{"line":194,"column":4},"end":{"line":224,"column":5}},"66":{"start":{"line":195,"column":17},"end":{"line":195,"column":38}},"67":{"start":{"line":197,"column":23},"end":{"line":200,"column":9}},"68":{"start":{"line":197,"column":52},"end":{"line":200,"column":7}},"69":{"start":{"line":201,"column":24},"end":{"line":204,"column":9}},"70":{"start":{"line":201,"column":51},"end":{"line":204,"column":7}},"71":{"start":{"line":206,"column":6},"end":{"line":206,"column":109}},"72":{"start":{"line":206,"column":27},"end":{"line":206,"column":109}},"73":{"start":{"line":207,"column":6},"end":{"line":207,"column":105}},"74":{"start":{"line":207,"column":28},"end":{"line":207,"column":105}},"75":{"start":{"line":209,"column":6},"end":{"line":211,"column":7}},"76":{"start":{"line":210,"column":8},"end":{"line":210,"column":109}},"77":{"start":{"line":213,"column":20},"end":{"line":213,"column":72}},"78":{"start":{"line":214,"column":18},"end":{"line":214,"column":66}},"79":{"start":{"line":216,"column":6},"end":{"line":216,"column":100}},"80":{"start":{"line":218,"column":6},"end":{"line":221,"column":9}},"81":{"start":{"line":223,"column":6},"end":{"line":223,"column":40}},"82":{"start":{"line":227,"column":16},"end":{"line":229,"column":7}},"83":{"start":{"line":231,"column":26},"end":{"line":231,"column":79}},"84":{"start":{"line":234,"column":24},"end":{"line":234,"column":78}},"85":{"start":{"line":234,"column":50},"end":{"line":234,"column":74}},"86":{"start":{"line":235,"column":23},"end":{"line":235,"column":55}},"87":{"start":{"line":236,"column":24},"end":{"line":236,"column":63}},"88":{"start":{"line":237,"column":24},"end":{"line":237,"column":119}},"89":{"start":{"line":239,"column":23},"end":{"line":239,"column":81}},"90":{"start":{"line":239,"column":53},"end":{"line":239,"column":77}},"91":{"start":{"line":240,"column":23},"end":{"line":240,"column":84}},"92":{"start":{"line":242,"column":24},"end":{"line":242,"column":61}},"93":{"start":{"line":243,"column":23},"end":{"line":243,"column":58}},"94":{"start":{"line":245,"column":23},"end":{"line":245,"column":76}},"95":{"start":{"line":245,"column":48},"end":{"line":245,"column":72}},"96":{"start":{"line":246,"column":23},"end":{"line":246,"column":52}},"97":{"start":{"line":247,"column":23},"end":{"line":247,"column":122}},"98":{"start":{"line":249,"column":22},"end":{"line":249,"column":79}},"99":{"start":{"line":249,"column":51},"end":{"line":249,"column":75}},"100":{"start":{"line":250,"column":23},"end":{"line":250,"column":68}},"101":{"start":{"line":253,"column":21},"end":{"line":274,"column":3}},"102":{"start":{"line":254,"column":4},"end":{"line":254,"column":41}},"103":{"start":{"line":254,"column":31},"end":{"line":254,"column":41}},"104":{"start":{"line":257,"column":49},"end":{"line":257,"column":51}},"105":{"start":{"line":258,"column":4},"end":{"line":264,"column":7}},"106":{"start":{"line":259,"column":17},"end":{"line":259,"column":39}},"107":{"start":{"line":260,"column":17},"end":{"line":260,"column":29}},"108":{"start":{"line":262,"column":19},"end":{"line":262,"column":129}},"109":{"start":{"line":263,"column":7},"end":{"line":263,"column":54}},"110":{"start":{"line":266,"column":4},"end":{"line":273,"column":10}},"111":{"start":{"line":267,"column":16},"end":{"line":267,"column":25}},"112":{"start":{"line":268,"column":21},"end":{"line":268,"column":26}},"113":{"start":{"line":269,"column":17},"end":{"line":273,"column":7}},"114":{"start":{"line":275,"column":26},"end":{"line":275,"column":38}},"115":{"start":{"line":276,"column":18},"end":{"line":276,"column":123}},"116":{"start":{"line":279,"column":21},"end":{"line":294,"column":3}},"117":{"start":{"line":280,"column":14},"end":{"line":280,"column":15}},"118":{"start":{"line":280,"column":25},"end":{"line":280,"column":26}},"119":{"start":{"line":280,"column":35},"end":{"line":280,"column":36}},"120":{"start":{"line":281,"column":4},"end":{"line":285,"column":7}},"121":{"start":{"line":282,"column":7},"end":{"line":284,"column":19}},"122":{"start":{"line":282,"column":29},"end":{"line":282,"column":35}},"123":{"start":{"line":283,"column":12},"end":{"line":284,"column":19}},"124":{"start":{"line":283,"column":36},"end":{"line":283,"column":44}},"125":{"start":{"line":284,"column":12},"end":{"line":284,"column":19}},"126":{"start":{"line":286,"column":18},"end":{"line":286,"column":36}},"127":{"start":{"line":287,"column":4},"end":{"line":287,"column":74}},"128":{"start":{"line":287,"column":21},"end":{"line":287,"column":74}},"129":{"start":{"line":289,"column":17},"end":{"line":289,"column":19}},"130":{"start":{"line":290,"column":4},"end":{"line":290,"column":109}},"131":{"start":{"line":290,"column":17},"end":{"line":290,"column":109}},"132":{"start":{"line":291,"column":4},"end":{"line":291,"column":114}},"133":{"start":{"line":291,"column":19},"end":{"line":291,"column":114}},"134":{"start":{"line":292,"column":4},"end":{"line":292,"column":106}},"135":{"start":{"line":292,"column":18},"end":{"line":292,"column":106}},"136":{"start":{"line":293,"column":4},"end":{"line":293,"column":16}},"137":{"start":{"line":295,"column":18},"end":{"line":295,"column":30}},"138":{"start":{"line":297,"column":2},"end":{"line":299,"column":3}},"139":{"start":{"line":298,"column":5},"end":{"line":298,"column":141}},"140":{"start":{"line":301,"column":2},"end":{"line":420,"column":4}},"141":{"start":{"line":318,"column":33},"end":{"line":318,"column":85}},"142":{"start":{"line":319,"column":28},"end":{"line":319,"column":40}},"143":{"start":{"line":320,"column":13},"end":{"line":328,"column":15}},"144":{"start":{"line":323,"column":33},"end":{"line":323,"column":45}},"145":{"start":{"line":423,"column":16},"end":{"line":428,"column":3}},"146":{"start":{"line":423,"column":43},"end":{"line":428,"column":1}},"147":{"start":{"line":430,"column":26},"end":{"line":430,"column":57}},"148":{"start":{"line":433,"column":2},"end":{"line":433,"column":31}}},"fnMap":{"0":{"name":"scoreColor","decl":{"start":{"line":33,"column":9},"end":{"line":33,"column":19}},"loc":{"start":{"line":33,"column":31},"end":{"line":37,"column":1}},"line":33},"1":{"name":"(anonymous_1)","decl":{"start":{"line":39,"column":14},"end":{"line":39,"column":15}},"loc":{"start":{"line":39,"column":74},"end":{"line":51,"column":1}},"line":39},"2":{"name":"(anonymous_2)","decl":{"start":{"line":53,"column":17},"end":{"line":53,"column":18}},"loc":{"start":{},"end":{}}},"3":{"name":"(anonymous_3)","decl":{"start":{"line":66,"column":17},"end":{"line":66,"column":18}},"loc":{"start":{"line":66,"column":51},"end":{"line":84,"column":1}},"line":66},"4":{"name":"(anonymous_4)","decl":{"start":{"line":86,"column":21},"end":{"line":86,"column":22}},"loc":{"start":{"line":86,"column":47},"end":{"line":118,"column":1}},"line":86},"5":{"name":"(anonymous_5)","decl":{"start":{"line":97,"column":18},"end":{"line":97,"column":19}},"loc":{"start":{"line":98,"column":10},"end":{"line":113,"column":17}},"line":98},"6":{"name":"(anonymous_6)","decl":{"start":{"line":120,"column":31},"end":{"line":120,"column":32}},"loc":{"start":{"line":120,"column":110},"end":{"line":421,"column":1}},"line":120},"7":{"name":"(anonymous_7)","decl":{"start":{"line":139,"column":12},"end":{"line":139,"column":13}},"loc":{"start":{"line":139,"column":18},"end":{"line":170,"column":3}},"line":139},"8":{"name":"(anonymous_8)","decl":{"start":{"line":151,"column":26},"end":{"line":151,"column":27}},"loc":{"start":{"line":151,"column":42},"end":{"line":151,"column":112}},"line":151},"9":{"name":"(anonymous_9)","decl":{"start":{"line":151,"column":53},"end":{"line":151,"column":54}},"loc":{"start":{"line":151,"column":61},"end":{"line":151,"column":111}},"line":151},"10":{"name":"(anonymous_10)","decl":{"start":{"line":152,"column":23},"end":{"line":152,"column":24}},"loc":{"start":{"line":152,"column":39},"end":{"line":155,"column":6}},"line":152},"11":{"name":"(anonymous_11)","decl":{"start":{"line":152,"column":50},"end":{"line":152,"column":51}},"loc":{"start":{"line":152,"column":58},"end":{"line":155,"column":5}},"line":152},"12":{"name":"(anonymous_12)","decl":{"start":{"line":174,"column":25},"end":{"line":174,"column":26}},"loc":{"start":{"line":174,"column":37},"end":{"line":191,"column":3}},"line":174},"13":{"name":"(anonymous_13)","decl":{"start":{"line":193,"column":28},"end":{"line":193,"column":29}},"loc":{"start":{"line":193,"column":40},"end":{"line":225,"column":3}},"line":193},"14":{"name":"(anonymous_14)","decl":{"start":{"line":197,"column":39},"end":{"line":197,"column":40}},"loc":{"start":{"line":197,"column":52},"end":{"line":200,"column":7}},"line":197},"15":{"name":"(anonymous_15)","decl":{"start":{"line":201,"column":38},"end":{"line":201,"column":39}},"loc":{"start":{"line":201,"column":51},"end":{"line":204,"column":7}},"line":201},"16":{"name":"(anonymous_16)","decl":{"start":{"line":234,"column":38},"end":{"line":234,"column":39}},"loc":{"start":{"line":234,"column"
[...]
line":287,"column":21}},"loc":{"start":{"line":287,"column":34},"end":{"line":291,"column":3}},"line":287},"48":{"name":"(anonymous_48)","decl":{"start":{"line":290,"column":8},"end":{"line":290,"column":9}},"loc":{"start":{"line":290,"column":16},"end":{"line":290,"column":73}},"line":290},"49":{"name":"(anonymous_49)","decl":{"start":{"line":290,"column":52},"end":{"line":290,"column":53}},"loc":{"start":{"line":290,"column":59},"end":{"line":290,"column":70}},"line":290},"50":{"name":"(anonymous_50)","decl":{"start":{"line":294,"column":21},"end":{"line":294,"column":22}},"loc":{"start":{"line":294,"column":51},"end":{"line":308,"column":3}},"line":294},"51":{"name":"(anonymous_51)","decl":{"start":{"line":302,"column":10},"end":{"line":302,"column":11}},"loc":{"start":{"line":302,"column":18},"end":{"line":302,"column":76}},"line":302},"52":{"name":"(anonymous_52)","decl":{"start":{"line":306,"column":10},"end":{"line":306,"column":11}},"loc":{"start":{"line":306,"column":18},"end":{"line":306,"column":97}},"line":306},"53":{"name":"(anonymous_53)","decl":{"start":{"line":306,"column":56},"end":{"line":306,"column":57}},"loc":{"start":{"line":306,"column":63},"end":{"line":306,"column":94}},"line":306},"54":{"name":"(anonymous_54)","decl":{"start":{"line":311,"column":18},"end":{"line":311,"column":19}},"loc":{"start":{"line":311,"column":31},"end":{"line":316,"column":3}},"line":311},"55":{"name":"(anonymous_55)","decl":{"start":{"line":315,"column":8},"end":{"line":315,"column":9}},"loc":{"start":{"line":315,"column":16},"end":{"line":315,"column":74}},"line":315},"56":{"name":"(anonymous_56)","decl":{"start":{"line":319,"column":11},"end":{"line":319,"column":12}},"loc":{"start":{"line":319,"column":38},"end":{"line":324,"column":3}},"line":319},"57":{"name":"(anonymous_57)","decl":{"start":{"line":323,"column":8},"end":{"line":323,"column":9}},"loc":{"start":{"line":323,"column":16},"end":{"line":323,"column":53}},"line":323},"58":{"name":"(anonymous_58)","decl":{"start":{"line":325,"column":14},"end":{"line":325,"column":15}},"loc":{"start":{"line":325,"column":42},"end":{"line":329,"column":3}},"line":325},"59":{"name":"(anonymous_59)","decl":{"start":{"line":328,"column":8},"end":{"line":328,"column":9}},"loc":{"start":{"line":328,"column":16},"end":{"line":328,"column":87}},"line":328},"60":{"name":"(anonymous_60)","decl":{"start":{"line":328,"column":37},"end":{"line":328,"column":38}},"loc":{"start":{"line":328,"column":44},"end":{"line":328,"column":84}},"line":328},"61":{"name":"(anonymous_61)","decl":{"start":{"line":330,"column":14},"end":{"line":330,"column":15}},"loc":{"start":{"line":330,"column":28},"end":{"line":334,"column":3}},"line":330},"62":{"name":"(anonymous_62)","decl":{"start":{"line":333,"column":8},"end":{"line":333,"column":9}},"loc":{"start":{"line":333,"column":16},"end":{"line":333,"column":61}},"line":333},"63":{"name":"(anonymous_63)","decl":{"start":{"line":333,"column":40},"end":{"line":333,"column":41}},"loc":{"start":{"line":333,"column":47},"end":{"line":333,"column":58}},"line":333},"64":{"name":"(anonymous_64)","decl":{"start":{"line":337,"column":17},"end":{"line":337,"column":18}},"loc":{"start":{"line":337,"column":29},"end":{"line":343,"column":3}},"line":337},"65":{"name":"(anonymous_65)","decl":{"start":{"line":346,"column":14},"end":{"line":346,"column":15}},"loc":{"start":{"line":346,"column":33},"end":{"line":352,"column":3}},"line":346}},"branchMap":{"0":{"loc":{"start":{"line":127,"column":14},"end":{"line":127,"column":40}},"type":"binary-expr","locations":[{"start":{"line":127,"column":14},"end":{"line":127,"column":18}},{"start":{"line":127,"column":22},"end":{"line":127,"column":40}}],"line":127},"1":{"loc":{"start":{"line":144,"column":18},"end":{"line":144,"column":51}},"type":"binary-expr","locations":[{"start":{"line":144,"column":19},"end":{"line":144,"column":44}},{"start":{"line":144,"column":49},"end":{"line":144,"column":51}}],"line":144},"2":{"loc":{"start":{"line":145,"column":16},"end":{"line":145,"column":45}},"type":"binary-expr","locations":[{"start":{"line":145,"column":17},"end":{"line":145,"column":38}},{"start":{"line":145,"column":43},"end":{"line":145,"column":45}}],"line":145},"3":{"loc":{"start":{"line":146,"column":17},"end":{"line":146,"column":48}},"type":"binary-expr","locations":[{"start":{"line":146,"column":18},"end":{"line":146,"column":41}},{"start":{"line":146,"column":46},"end":{"line":146,"column":48}}],"line":146},"4":{"loc":{"start":{"line":147,"column":15},"end":{"line":147,"column":42}},"type":"binary-expr","locations":[{"start":{"line":147,"column":16},"end":{"line":147,"column":35}},{"start":{"line":147,"column":40},"end":{"line":147,"column":42}}],"line":147},"5":{"loc":{"start":{"line":176,"column":23},"end":{"line":176,"column":59}},"type":"binary-expr","locations":[{"start":{"line":176,"column":24},"end":{"line":176,"column":52}},{"start":{"line":176,"column":57},"end":{"line":176,"column":59}}],"line":176},"6":{"loc":{"start":{"line":177,"column":21},"end":{"line":177,"column":53}},"type":"binary-expr","locations":[{"start":{"line":177,"column":22},"end":{"line":177,"column":46}},{"start":{"line":177,"column":51},"end":{"line":177,"column":53}}],"line":177},"7":{"loc":{"start":{"line":178,"column":22},"end":{"line":178,"column":57}},"type":"binary-expr","locations":[{"start":{"line":178,"column":23},"end":{"line":178,"column":50}},{"start":{"line":178,"column":55},"end":{"line":178,"column":57}}],"line":178},"8":{"loc":{"start":{"line":179,"column":22},"end":{"line":179,"column":54}},"type":"binary-expr","locations":[{"start":{"line":179,"column":23},"end":{"line":179,"column":47}},{"start":{"line":179,"column":52},"end":{"line":179,"column":54}}],"line":179},"9":{"loc":{"start":{"line":180,"column":15},"end":{"line":180,"column":42}},"type":"binary-expr","locations":[{"start":{"line":180,"column":16},"end":{"line":180,"column":35}},{"start":{"line":180,"column":40},"end":{"line":180,"column":42}}],"line":180},"10":{"loc":{"start":{"line":183,"column":6},"end":{"line":185,"column":7}},"type":"if","locations":[{"start":{"line":183,"column":6},"end":{"line":185,"column":7}},{"start":{},"end":{}}],"line":183},"11":{"loc":{"start":{"line":199,"column":4},"end":{"line":199,"column":69}},"type":"if","locations":[{"start":{"line":199,"column":4},"end":{"line":199,"column":69}},{"start":{},"end":{}}],"line":199},"12":{"loc":{"start":{"line":204,"column":4},"end":{"line":204,"column":72}},"type":"if","locations":[{"start":{"line":204,"column":4},"end":{"line":204,"column":72}},{"start":{},"end":{}}],"line":204},"13":{"loc":{"start":{"line":205,"column":50},"end":{"line":205,"column":85}},"type":"cond-expr","locations":[{"start":{"line":205,"column":65},"end":{"line":205,"column":80}},{"start":{"line":205,"column":84},"end":{"line":205,"column":85}}],"line":205},"14":{"loc":{"start":{"line":209,"column":4},"end":{"line":209,"column":72}},"type":"if","locations":[{"start":{"line":209,"column":4},"end":{"line":209,"column":72}},{"start":{},"end":{}}],"line":209},"15":{"loc":{"start":{"line":217,"column":4},"end":{"line":217,"column":67}},"type":"if","locations":[{"start":{"line":217,"column":4},"end":{"line":217,"column":67}},{"start":{},"end":{}}],"line":217},"16":{"loc":{"start":{"line":222,"column":4},"end":{"line":222,"column":70}},"type":"if","locations":[{"start":{"line":222,"column":4},"end":{"line":222,"column":70}},{"start":{},"end":{}}],"line":222},"17":{"loc":{"start":{"line":223,"column":47},"end":{"line":223,"column":82}},"type":"cond-expr","locations":[{"start":{"line":223,"column":63},"end":{"line":223,"column":76}},{"start":{"line":223,"column":80},"end":{"line":223,"column":82}}],"line":223},"18":{"loc":{"start":{"line":227,"column":4},"end":{"line":227,"column":70}},"type":"if","locations":[{"start":{"line":227,"column":4},"end":{"line":227,"column":70}},{"start":{},"end":{}}],"line":227},"19":{"loc":{"start":{"line":235,"column":4},"end":{"line":235,"column":68}},"type":"if","locations":[{"start":{"line":235,"column":4},"end":{"line":235,"column":68}},{"start":{},"end":{}}],"line":235},"20":{"loc":{"start":{"line":240,"column":4},"end":{"line":240,"column":71}},"type":"if","locations":[{"start":{"line":240,"column":4},"end":{"line":240,"column":71}},{"start":{},"end":{}}],"line":240},"21":{"loc":{"start":{"line":241,"column":48},"end":{"line":241,"column":82}},"type":"cond-expr","locations":[{"start":{"line":241,"column":63},"end":{"line":241,"column":77}},{"start":{"line":241,"column":81},"end":{"line":241,"column":82}}],"line":241},"22":{"loc":{"start":{"line":245,"column":4},"end":{"line":245,"column":71}},"type":"if","locations":[{"start":{"line":245,"column":4},"end":{"line":245,"column":71}},{"start":{},"end":{}}],"line":245},"23":{"loc":{"start":{"line":253,"column":4},"end":{"line":253,"column":66}},"type":"if","locations":[{"start":{"line":253,"column":4},"end":{"line":253,"column":66}},{"start":{},"end":{}}],"line":253},"24":{"loc":{"start":{"line":258,"column":4},"end":{"line":258,"column":69}},"type":"if","locations":[{"start":{"line":258,"column":4},"end":{"line":258,"column":69}},{"start":{},"end":{}}],"line":258},"25":{"loc":{"start":{"line":266,"column":4},"end":{"line":266,"column":74}},"type":"if","locations":[{"start":{"line":266,"column":4},"end":{"line":266,"column":74}},{"start":{},"end":{}}],"line":266},"26":{"loc":{"start":{"line":274,"column":4},"end":{"line":274,"column":72}},"type":"if","locations":[{"start":{"line":274,"column":4},"end":{"line":274,"column":72}},{"start":{},"end":{}}],"line":274},"27":{"loc":{"start":{"line":279,"column":4},"end":{"line":279,"column":75}},"type":"if","locations":[{"start":{"line":279,"column":4},"end":{"line":279,"column":75}},{"start":{},"end":{}}],"line":279},"28":{"loc":{"start":{"line":280,"column":56},"end":{"line":280,"column":89}},"type":"cond-expr","locations":[{"start":{"line":280,"column":70},"end":{"line":280,"column":85}},{"start":{"line":280,"column":88},"end":{"line":280,"column":89}}],"line":280},"29":{"loc":{"start":{"line":284,"column":4},"end":{"line":284,"column":75}},"type":"if","locations":[{"start":{"line":284,"column":4},"end":{"line":284,"column":75}},{"start":{},"end":{}}],"line":284},"30":{"loc":{"start":{"line":285,"column":56},"end":{"line":285,"column":94}},"type":"cond-expr","locations":[{"start":{"line":285,"column":71},"end":{"line":285,"column":89}},{"start":{"line":285,"column":93},"end":{"line":285,"column":94}}],"line":285},"31":{"loc":{"start":{"line":289,"column":4},"end":{"line":289,"column":75}},"type":"if","locations":[{"start":{"line":289,"column":4},"end":{"line":289,"column":75}},{"start":{},"end":{}}],"line":289},"32":{"loc":{"start":{"line":295,"column":4},"end":{"line":307,"column":5}},"type":"if","locations":[{"start":{"line":295,"column":4},"end":{"line":307,"column":5}},{"start":{"line":303,"column":11},"end":{"line":307,"column":5}}],"line":295},"33":{"loc":{"start":{"line":301,"column":6},"end":{"line":301,"column":78}},"type":"if","locations":[{"start":{"line":301,"column":6},"end":{"line":301,"column":78}},{"start":{},"end":{}}],"line":301},"34":{"loc":{"start":{"line":305,"column":6},"end":{"line":305,"column":78}},"type":"if","locations":[{"start":{"line":305,"column":6},"end":{"line":305,"column":78}},{"start":{},"end":{}}],"line":305},"35":{"loc":{"start":{"line":314,"column":4},"end":{"line":314,"column":73}},"type":"if","locations":[{"start":{"line":314,"column":4},"end":{"line":314,"column":73}},{"start":{},"end":{}}],"line":314},"36":{"loc":{"start":{"line":322,"column":4},"end":{"line":322,"column":66}},"type":"if","locations":[{"start":{"line":322,"column":4},"end":{"line":322,"column":66}},{"start":{},"end":{}}],"line":322},"37":{"loc":{"start":{"line":327,"column":4},"end":{"line":327,"column":69}},"type":"if","locations":[{"start":{"line":327,"column":4},"end":{"line":327,"column":69}},{"start":{},"end":{}}],"line":327},"38":{"loc":{"start":{"line":328,"column":44},"end":{"line":328,"column":84}},"type":"cond-expr","locations":[{"start":{"line":328,"column":58},"end":{"line":328,"column":80}},{"start":{"line":328,"column":83},"end":{"line":328,"column":84}}],"line":328},"39":{"loc":{"start":{"line":332,"column":4},"end":{"line":332,"column":69}},"type":"if","locations":[{"start":{"line":332,"column":4},"end":{"line":332,"column":69}},{"start":{},"end":{}}],"line":332},"40":{"loc":{"start":{"line":339,"column":17},"end":{"line":339,"column":56}},"type":"cond-expr","locations":[{"start":{"line":339,"column":43},"end":{"line":339,"column":48}},{"start":{"line":339,"column":51},"end":{"line":339,"column":56}}],"line":339},"41":{"loc":{"start":{"line":341,"column":4},"end":{"line":341,"column":72}},"type":"if","locations":[{"start":{"line":341,"column":4},"end":{"line":341,"column":72}},{"start":{},"end":{}}],"line":341},"42":{"loc":{"start":{"line":348,"column":4},"end":{"line":348,"column":22}},"type":"if","locations":[{"start":{"line":348,"column":4},"end":{"line":348,"column":22}},{"start":{},"end":{}}],"line":348},"43":{"loc":{"start":{"line":350,"column":4},"end":{"line":350,"column":69}},"type":"if","locations":[{"start":{"line":350,"column":4},"end":{"line":350,"column":69}},{"start":{},"end":{}}],"line":350}},"s":{"0":1,"1":2,"2":1,"3":0,"4":1,"5":1,"6":1,"7":1,"8":1,"9":1,"10":1,"11":1,"12":1,"13":1,"14":1,"15":1,"16":1,"17":1,"18":1,"19":0,"20":1,"21":0,"22":0,"23":0,"24":0,"25":0,"26":0,"27":0,"28":1,"29":1,"30":1,"31":0,"32":0,"33":1,"34":1,"35":0,"36":0,"37":0,"38":0,"39":0,"40":0,"41":0,"42":1,"43":1,"44":0,"45":0,"46":1,"47":1,"48":1,"49":0,"50":0,"51":0,"52":0,"53":0,"54":0,"55":0,"56":0,"57":0,"58":0,"59":0,"60":0,"61":0,"62":0,"63":0,"64":0,"65":0,"66":0,"67":0,"68":0,"69":0,"70":0,"71":0,"72":0,"73":0,"74":0,"75":0,"76":0,"77":0,"78":0,"79":0,"80":0,"81":0,"82":0,"83":0,"84":0,"85":0,"86":0,"87":0,"88":0,"89":0,"90":0,"91":0,"92":0,"93":0,"94":0,"95":0,"96":0,"97":0,"98":0,"99":0,"100":0,"101":0,"102":0,"103":0,"104":0,"105":0,"106":0,"107":0,"108":0,"109":0,"110":0,"111":0,"112":0,"113":0,"114":0,"115":0,"116":0,"117":0,"118":0,"119":0,"120":0,"121":0,"122":0,"123":0,"124":0,"125":0,"126":0,"127":0,"128":0,"129":0,"130":0,"131":0,"132":0,"133":0,"134":0,"135":0,"136":0,"137":0,"138":0,"139":0,"140":0,"141":0,"142":0,"143":0,"144":0,"145":0,"146":0,"147":0,"148":0,"149":0,"150":0,"151":0,"152":0,"153":0,"154":0,"155":0,"156":0,"157":0,"158":0,"159":0,"160":0,"161":0,"162":0,"163":0,"164":0,"165":0,"166":0,"167":0,"168":0,"169":0,"170":0,"171":0,"172":0,"173":0,"174":0,"175":0,"176":0,"177":0,"178":0,"179":0,"180":0,"181":0,"182":1,"183":1,"184":1,"185":1,"186":0,"187":0,"188":1,"189":0,"190":0,"191":0,"192":0,"193":0,"194":0,"195":0,"196":0},"f":{"0":2,"1":0,"2":1,"3":1,"4":1,"5":1,"6":0,"7":0,"8":1,"9":1,"10":0,"11":0,"12":0,"13":1,"14":1,"15":1,"16":0,"17":0,"18":0,"19":0,"20":0,"21":0,"22":0,"23":0,"24":0,"25":0,"26":0,"27":0,"28":0,"29":0,"30":0,"31":0,"32":0,"33":0,"34":0,"35":0,"36":0,"37":0,"38":0,"39":0,"40":0,"41":0,"42":0,"43":0,"44":0,"45":0,"46":0,"47":0,"48":0,"49":0,"50":0,"51":0,"52":0,"53":0,"54":0,"55":0,"56":0,"57":0,"58":0,"59":0,"60":0,"61":0,"62":0,"63":0,"64":1,"65":0},"b":{"0":[1,0],"1":[1,0],"2":[1,0],"3":[1,0],"4":[1,0],"5":[0,0],"6":[0,0],"7":[0,0],"8":[0,0],"9":[0,0],"10":[0,0],"11":[0,1],"12":[0,0],"13":[0,0],"14":[0,1],"15":[0,0],"16":[0,0],"17":[0,0],"18":[0,0],"19":[0,0],"20":[0,0],"21":[0,0],"22":[0,0],"23":[0,0],"24":[0,0],"25":[0,0],"26":[0,0],"27":[0,0],"28":[0,0],"29":[0,0],"30":[0,0],"31":[0,0],"32":[0,0],"33":[0,0],"34":[0,0],"35":[0,0],"36":[0,0],"37":[0,0],"38":[0,0],"39":[0,0],"40":[1,0],"41":[0,1],"42":[0,0],"43":[0,0]},"_coverageSchema":"1a1c01bbd47fc00a2c39e90264f33305004495a9","hash":"9486a3525495ea716ea1eed10175d48973cd3def"}
,"D:\\project\\baby log\\babysync\\src\\utils\\metrics.ts": {"path":"D:\\project\\baby log\\babysync\\src\\utils\\metrics.ts","statementMap":{"0":{"start":{"line":2,"column":14},"end":{"line":2,"column":17}},"1":{"start":{"line":4,"column":20},"end":{"line":4,"column":35}},"2":{"start":{"line":5,"column":24},"end":{"line":5,"column":78}},"3":{"start":{"line":5,"column":50},"end":{"line":5,"column":74}},"4":{"start":{"line":6,"column":21},"end":{"line":6,"column":63}},"5":{"start":{"line":7,"column":22},"end":{"line":7,"column":36}},"6":{"start":{"line":8,"column":19},"end":{"line":8,"column":84}},"7":{"start":{"line":8,"column":52},"end":{"line":8,"column":74}},"8":{"start":{"line":10,"column":13},"end":{"line":15,"column":3}},"9":{"start":{"line":17,"column":2},"end":{"line":17,"column":40}},"10":{"start":{"line":17,"column":21},"end":{"line":17,"column":40}},"11":{"start":{"line":18,"column":2},"end":{"line":18,"column":40}},"12":{"start":{"line":18,"column":21},"end":{"line":18,"column":40}},"13":{"start":{"line":20,"column":2},"end":{"line":20,"column":42}},"14":{"start":{"line":20,"column":23},"end":{"line":20,"column":42}},"15":{"start":{"line":21,"column":2},"end":{"line":21,"column":41}},"16":{"start":{"line":21,"column":22},"end":{"line":21,"column":41}},"17":{"start":{"line":23,"column":2},"end":{"line":23,"column":42}},"18":{"start":{"line":23,"column":23},"end":{"line":23,"column":42}},"19":{"start":{"line":24,"column":2},"end":{"line":24,"column":43}},"20":{"start":{"line":24,"column":25},"end":{"line":24,"column":43}},"21":{"start":{"line":26,"column":2},"end":{"line":26,"column":40}},"22":{"start":{"line":26,"column":21},"end":{"line":26,"column":40}},"23":{"start":{"line":28,"column":2},"end":{"line":28,"column":90}},"24":{"start":{"line":30,"column":2},"end":{"line":30,"column":25}}},"fnMap":{"0":{"name":"calcDayIndex","decl":{"start":{"line":1,"column":16},"end":{"line":1,"column":28}},"loc":{"start":{"line":1,"column":110},"end":{"line":31,"column":1}},"line":1},"1":{"name":"(anonymous_1)","decl":{"start":{"line":5,"column":38},"end":{"line":5,"column":39}},"loc":{"start":{"line":5,"column":50},"end":{"line":5,"column":74}},"line":5},"2":{"name":"(anonymous_2)","decl":{"start":{"line":8,"column":43},"end":{"line":8,"column":44}},"loc":{"start":{"line":8,"column":52},"end":{"line":8,"column":74}},"line":8}},"branchMap":{"0":{"loc":{"start":{"line":17,"column":2},"end":{"line":17,"column":40}},"type":"if","locations":[{"start":{"line":17,"column":2},"end":{"line":17,"column":40}},{"start":{},"end":{}}],"line":17},"1":{"loc":{"start":{"line":18,"column":2},"end":{"line":18,"column":40}},"type":"if","locations":[{"start":{"line":18,"column":2},"end":{"line":18,"column":40}},{"start":{},"end":{}}],"line":18},"2":{"loc":{"start":{"line":20,"column":2},"end":{"line":20,"column":42}},"type":"if","locations":[{"start":{"line":20,"column":2},"end":{"line":20,"column":42}},{"start":{},"end":{}}],"line":20},"3":{"loc":{"start":{"line":21,"column":2},"end":{"line":21,"column":41}},"type":"if","locations":[{"start":{"line":21,"column":2},"end":{"line":21,"column":41}},{"start":{},"end":{}}],"line":21},"4":{"loc":{"start":{"line":23,"column":2},"end":{"line":23,"column":42}},"type":"if","locations":[{"start":{"line":23,"column":2},"end":{"line":23,"column":42}},{"start":{},"end":{}}],"line":23},"5":{"loc":{"start":{"line":24,"column":2},"end":{"line":24,"column":43}},"type":"if","locations":[{"start":{"line":24,"column":2},"end":{"line":24,"column":43}},{"start":{},"end":{}}],"line":24},"6":{"loc":{"start":{"line":26,"column":2},"end":{"line":26,"column":40}},"type":"if","locations":[{"start":{"line":26,"column":2},"end":{"line":26,"column":40}},{"start":{},"end":{}}],"line":26}},"s":{"0":14,"1":14,"2":14,"3":0,"4":14,"5":14,"6":14,"7":0,"8":14,"9":14,"10":14,"11":14,"12":14,"13":14,"14":14,"15":14,"16":14,"17":14,"18":14,"19":14,"20":14,"21":14,"22":14,"23":14,"24":14},"f":{"0":14,"1":0,"2":0},"b":{"0":[14,0],"1":[14,0],"2":[14,0],"3":[14,0],"4":[14,0],"5":[14,0],"6":[14,0]},"_coverageSchema":"1a1c01bbd47fc00a2c39e90264f33305004495a9","hash":"9b128b77c053129c2a777ee7959689fa78078f0d"}
}
