TN:
SF:src\components\DateFilter.tsx
FN:15,(anonymous_0)
FN:21,(anonymous_1)
FN:27,(anonymous_2)
FN:36,(anonymous_3)
FN:46,(anonymous_4)
FNF:5
FNH:5
FNDA:5,(anonymous_0)
FNDA:2,(anonymous_1)
FNDA:1,(anonymous_2)
FNDA:1,(anonymous_3)
FNDA:1,(anonymous_4)
DA:15,1
DA:17,5
DA:21,5
DA:22,2
DA:23,2
DA:24,2
DA:27,5
DA:29,5
DA:34,5
DA:36,1
DA:46,1
DA:53,1
LF:12
LH:12
BRDA:17,0,0,5
BRDA:17,0,1,1
BRDA:17,0,2,1
BRDA:43,1,0,5
BRDA:43,1,1,1
BRF:5
BRH:5
end_of_record
TN:
SF:src\components\EditRecordModal.tsx
FN:34,(anonymous_0)
FN:37,(anonymous_1)
FN:48,(anonymous_2)
FN:51,(anonymous_3)
FN:52,(anonymous_4)
FN:68,(anonymous_5)
FN:77,(anonymous_6)
FN:79,(anonymous_7)
FNF:8
FNH:8
FNDA:6,(anonymous_0)
FNDA:3,(anonymous_1)
FNDA:1,(anonymous_2)
FNDA:1,(anonymous_3)
FNDA:1,(anonymous_4)
FNDA:1,(anonymous_5)
FNDA:1,(anonymous_6)
FNDA:1,(anonymous_7)
DA:27,1
DA:34,1
DA:35,6
DA:37,6
DA:38,3
DA:39,2
DA:40,0
DA:41,0
DA:42,0
DA:46,6
DA:48,5
DA:49,1
DA:50,1
DA:51,1
DA:52,1
DA:53,1
DA:54,1
DA:55,0
DA:56,0
DA:60,1
DA:61,1
DA:63,0
DA:64,0
DA:68,5
DA:69,1
DA:78,1
DA:79,1
DA:80,1
DA:82,1
DA:84,0
DA:85,0
DA:93,5
DA:100,5
DA:107,5
DA:114,5
DA:169,1
LF:36
LH:27
BRDA:38,0,0,2
BRDA:38,0,1,1
BRDA:39,1,0,2
BRDA:39,1,1,0
BRDA:39,2,0,2
BRDA:39,2,1,0
BRDA:40,3,0,0
BRDA:40,3,1,0
BRDA:40,4,0,0
BRDA:40,4,1,0
BRDA:41,5,0,0
BRDA:41,5,1,0
BRDA:41,6,0,0
BRDA:41,6,1,0
BRDA:46,7,0,1
BRDA:46,7,1,5
BRDA:53,8,0,1
BRDA:53,8,1,0
BRDA:53,8,2,0
BRDA:116,9,0,5
BRDA:116,9,1,0
BRDA:138,10,0,5
BRDA:138,10,1,5
BRDA:143,11,0,0
BRDA:143,11,1,5
BRDA:146,12,0,0
BRDA:146,12,1,5
BRDA:157,13,0,5
BRDA:157,13,1,5
BRF:29
BRH:14
end_of_record
TN:
SF:src\components\ErrorBoundary.tsx
FN:20,(anonymous_0)
FN:25,(anonymous_1)
FN:29,(anonymous_2)
FN:33,(anonymous_3)
FN:37,(anonymous_4)
FNF:5
FNH:5
FNDA:5,(anonymous_0)
FNDA:4,(anonymous_1)
FNDA:2,(anonymous_2)
FNDA:1,(anonymous_3)
FNDA:11,(anonymous_4)
DA:21,5
DA:22,5
DA:26,4
DA:30,2
DA:33,5
DA:34,1
DA:38,11
DA:39,5
DA:61,6
DA:65,1
LF:10
LH:10
BRDA:38,0,0,5
BRDA:38,0,1,6
BRDA:48,1,0,5
BRDA:48,1,1,5
BRDA:48,1,2,5
BRF:5
BRH:5
end_of_record
TN:
SF:src\components\FAB.tsx
FN:25,(anonymous_0)
FN:26,(anonymous_1)
FN:27,(anonymous_2)
FN:51,(anonymous_3)
FN:53,(anonymous_4)
FN:53,(anonymous_5)
FN:57,(anonymous_6)
FN:60,(anonymous_7)
FN:66,(anonymous_8)
FN:72,(anonymous_9)
FN:74,(anonymous_10)
FN:77,(anonymous_11)
FN:80,(anonymous_12)
FN:81,(anonymous_13)
FN:112,(anonymous_14)
FN:115,(anonymous_15)
FN:116,(anonymous_16)
FN:131,(anonymous_17)
FN:137,(anonymous_18)
FN:138,(anonymous_19)
FN:170,(anonymous_20)
FN:188,(anonymous_21)
FN:217,(anonymous_22)
FN:234,(anonymous_23)
FN:253,(anonymous_24)
FN:257,(anonymous_25)
FN:311,(anonymous_26)
FN:318,(anonymous_27)
FN:357,(anonymous_28)
FN:364,(anonymous_29)
FN:381,(anonymous_30)
FN:396,(anonymous_31)
FNF:32
FNH:10
FNDA:6,(anonymous_0)
FNDA:6,(anonymous_1)
FNDA:6,(anonymous_2)
FNDA:3,(anonymous_3)
FNDA:0,(anonymous_4)
FNDA:0,(anonymous_5)
FNDA:3,(anonymous_6)
FNDA:2,(anonymous_7)
FNDA:1,(anonymous_8)
FNDA:0,(anonymous_9)
FNDA:0,(anonymous_10)
FNDA:0,(anonymous_11)
FNDA:0,(anonymous_12)
FNDA:0,(anonymous_13)
FNDA:0,(anonymous_14)
FNDA:0,(anonymous_15)
FNDA:0,(anonymous_16)
FNDA:0,(anonymous_17)
FNDA:0,(anonymous_18)
FNDA:0,(anonymous_19)
FNDA:6,(anonymous_20)
FNDA:1,(anonymous_21)
FNDA:0,(anonymous_22)
FNDA:0,(anonymous_23)
FNDA:3,(anonymous_24)
FNDA:0,(anonymous_25)
FNDA:0,(anonymous_26)
FNDA:0,(anonymous_27)
FNDA:0,(anonymous_28)
FNDA:0,(anonymous_29)
FNDA:0,(anonymous_30)
FNDA:0,(anonymous_31)
DA:25,1
DA:26,6
DA:27,6
DA:28,6
DA:29,6
DA:30,6
DA:31,6
DA:34,6
DA:35,6
DA:36,6
DA:37,6
DA:38,6
DA:41,6
DA:42,6
DA:45,6
DA:46,6
DA:47,6
DA:48,6
DA:51,6
DA:52,3
DA:53,0
DA:54,3
DA:55,0
DA:57,3
DA:60,6
DA:61,2
DA:62,2
DA:63,2
DA:66,6
DA:67,1
DA:68,1
DA:69,1
DA:72,6
DA:74,6
DA:77,6
DA:78,0
DA:79,0
DA:80,0
DA:81,0
DA:82,0
DA:83,0
DA:84,0
DA:86,0
DA:87,0
DA:88,0
DA:89,0
DA:90,0
DA:91,0
DA:92,0
DA:93,0
DA:94,0
DA:96,0
DA:97,0
DA:98,0
DA:99,0
DA:100,0
DA:104,0
DA:105,0
DA:106,0
DA:108,0
DA:112,6
DA:113,0
DA:114,0
DA:115,0
DA:116,0
DA:117,0
DA:118,0
DA:119,0
DA:120,0
DA:123,0
DA:124,0
DA:125,0
DA:127,0
DA:131,6
DA:132,0
DA:133,0
DA:134,0
DA:136,0
DA:137,0
DA:138,0
DA:139,0
DA:140,0
DA:141,0
DA:142,0
DA:143,0
DA:146,0
DA:147,0
DA:148,0
DA:149,0
DA:151,0
DA:155,6
DA:161,6
DA:171,6
DA:175,6
DA:177,6
DA:188,1
DA:217,0
DA:234,0
DA:254,3
DA:257,0
DA:312,0
DA:318,0
DA:357,0
DA:364,0
DA:381,0
DA:396,0
DA:412,1
LF:107
LH:43
BRDA:52,0,0,0
BRDA:52,0,1,3
BRDA:54,1,0,0
BRDA:54,1,1,3
BRDA:57,2,0,0
BRDA:57,2,1,3
BRDA:61,3,0,0
BRDA:61,3,1,2
BRDA:78,4,0,0
BRDA:78,4,1,0
BRDA:86,5,0,0
BRDA:86,5,1,0
BRDA:87,6,0,0
BRDA:87,6,1,0
BRDA:91,7,0,0
BRDA:91,7,1,0
BRDA:92,8,0,0
BRDA:92,8,1,0
BRDA:96,9,0,0
BRDA:96,9,1,0
BRDA:97,10,0,0
BRDA:97,10,1,0
BRDA:113,11,0,0
BRDA:113,11,1,0
BRDA:118,12,0,0
BRDA:118,12,1,0
BRDA:132,13,0,0
BRDA:132,13,1,0
BRDA:133,14,0,0
BRDA:133,14,1,0
BRDA:133,15,0,0
BRDA:133,15,1,0
BRDA:134,16,0,0
BRDA:134,16,1,0
BRDA:164,17,0,6
BRDA:164,17,1,2
BRDA:202,18,0,6
BRDA:202,18,1,2
BRDA:214,19,0,6
BRDA:214,19,1,4
BRDA:238,20,0,6
BRDA:238,20,1,1
BRDA:256,21,0,3
BRDA:256,21,1,1
BRDA:259,22,0,3
BRDA:259,22,1,1
BRDA:264,23,0,1
BRDA:264,23,1,1
BRDA:270,24,0,1
BRDA:270,24,1,0
BRDA:276,25,0,1
BRDA:276,25,1,0
BRDA:297,26,0,6
BRDA:297,26,1,0
BRDA:315,27,0,0
BRDA:315,27,1,0
BRDA:316,28,0,0
BRDA:316,28,1,0
BRDA:323,29,0,0
BRDA:323,29,1,0
BRDA:341,30,0,6
BRDA:341,30,1,0
BRDA:350,31,0,0
BRDA:350,31,1,0
BRDA:357,32,0,0
BRDA:357,32,1,0
BRDA:364,33,0,0
BRDA:364,33,1,0
BRDA:370,34,0,0
BRDA:370,34,1,0
BRDA:370,35,0,0
BRDA:370,35,1,0
BRDA:370,36,0,0
BRDA:370,36,1,0
BRDA:414,37,0,1
BRDA:414,37,1,0
BRDA:417,38,0,1
BRDA:417,38,1,0
BRDA:419,39,0,1
BRDA:419,39,1,0
BRDA:422,40,0,1
BRDA:422,40,1,0
BRF:82
BRH:26
end_of_record
TN:
SF:src\db\hooks.ts
FN:4,(anonymous_0)
FN:9,(anonymous_1)
FNF:2
FNH:1
FNDA:1,(anonymous_0)
FNDA:0,(anonymous_1)
DA:4,1
DA:6,1
DA:9,1
DA:12,0
LF:4
LH:3
BRF:0
BRH:0
end_of_record
TN:
SF:src\db\index.ts
FN:21,(anonymous_0)
FNF:1
FNH:0
FNDA:0,(anonymous_0)
DA:17,12
DA:22,0
DA:26,12
LF:3
LH:2
BRF:0
BRH:0
end_of_record
TN:
SF:src\db\migrations.ts
FNF:0
FNH:0
DA:3,12
LF:1
LH:1
BRF:0
BRH:0
end_of_record
TN:
SF:src\db\schema.ts
FNF:0
FNH:0
DA:3,12
LF:1
LH:1
BRF:0
BRH:0
end_of_record
TN:
SF:src\db\sync.ts
FN:34,syncWithSupabase
FN:40,(anonymous_1)
FN:94,(anonymous_2)
FN:101,(anonymous_3)
FN:108,(anonymous_4)
FN:145,getLastSyncedAt
FNF:6
FNH:2
FNDA:3,syncWithSupabase
FNDA:0,(anonymous_1)
FNDA:0,(anonymous_2)
FNDA:0,(anonymous_3)
FNDA:0,(anonymous_4)
FNDA:4,getLastSyncedAt
DA:18,1
DA:32,1
DA:35,3
DA:37,3
DA:38,3
DA:41,0
DA:45,0
DA:47,0
DA:48,0
DA:54,0
DA:55,0
DA:56,0
DA:57,0
DA:61,0
DA:62,0
DA:63,0
DA:65,0
DA:66,0
DA:71,0
DA:72,0
DA:74,0
DA:77,0
DA:81,0
DA:88,0
DA:95,0
DA:96,0
DA:97,0
DA:100,0
DA:101,0
DA:108,0
DA:109,0
DA:110,0
DA:114,0
DA:115,0
DA:116,0
DA:117,0
DA:118,0
DA:120,0
DA:121,0
DA:126,0
DA:127,0
DA:131,0
DA:137,2
DA:138,2
DA:140,1
DA:141,1
DA:146,4
LF:47
LH:10
BRDA:41,0,0,0
BRDA:41,0,1,0
BRDA:54,1,0,0
BRDA:54,1,1,0
BRDA:65,2,0,0
BRDA:65,2,1,0
BRDA:69,3,0,0
BRDA:69,3,1,0
BRDA:97,4,0,0
BRDA:97,4,1,0
BRDA:100,5,0,0
BRDA:100,5,1,0
BRDA:103,6,0,0
BRDA:103,6,1,0
BRDA:110,7,0,0
BRDA:110,7,1,0
BRDA:114,8,0,0
BRDA:114,8,1,0
BRDA:117,9,0,0
BRDA:117,9,1,0
BRDA:117,10,0,0
BRDA:117,10,1,0
BRDA:121,11,0,0
BRDA:121,11,1,0
BRDA:126,12,0,0
BRDA:126,12,1,0
BRDA:131,13,0,0
BRDA:131,13,1,0
BRF:28
BRH:0
end_of_record
TN:
SF:src\db\models\Diaper.ts
FNF:0
FNH:0
DA:5,12
LF:1
LH:1
BRF:0
BRH:0
end_of_record
TN:
SF:src\db\models\DoctorVisitModel.ts
FNF:0
FNH:0
DA:5,12
LF:1
LH:1
BRF:0
BRH:0
end_of_record
TN:
SF:src\db\models\Feeding.ts
FNF:0
FNH:0
DA:5,12
LF:1
LH:1
BRF:0
BRH:0
end_of_record
TN:
SF:src\db\models\GrowthRecord.ts
FNF:0
FNH:0
DA:5,12
LF:1
LH:1
BRF:0
BRH:0
end_of_record
TN:
SF:src\db\models\MedicationModel.ts
FNF:0
FNH:0
DA:5,12
LF:1
LH:1
BRF:0
BRH:0
end_of_record
TN:
SF:src\db\models\ShiftModel.ts
FNF:0
FNH:0
DA:5,12
LF:1
LH:1
BRF:0
BRH:0
end_of_record
TN:
SF:src\db\models\Sleep.ts
FNF:0
FNH:0
DA:5,12
LF:1
LH:1
BRF:0
BRH:0
end_of_record
TN:
SF:src\db\models\Task.ts
FNF:0
FNH:0
DA:5,12
LF:1
LH:1
BRF:0
BRH:0
end_of_record
TN:
SF:src\db\models\VaccinationModel.ts
FNF:0
FNH:0
DA:5,12
LF:1
LH:1
BRF:0
BRH:0
end_of_record
TN:
SF:src\db\models\Walk.ts
FNF:0
FNH:0
DA:5,12
LF:1
LH:1
BRF:0
BRH:0
end_of_record
TN:
SF:src\screens\AIScreen.tsx
FN:28,(anonymous_0)
FN:41,(anonymous_1)
FN:42,(anonymous_2)
FN:43,(anonymous_3)
FN:44,(anonymous_4)
FN:45,(anonymous_5)
FN:46,(anonymous_6)
FN:49,(anonymous_7)
FN:53,(anonymous_8)
FN:56,(anonymous_9)
FN:57,(anonymous_10)
FN:60,(anonymous_11)
FN:63,(anonymous_12)
FN:77,(anonymous_13)
FN:79,(anonymous_14)
FN:82,(anonymous_15)
FN:120,(anonymous_16)
FN:124,(anonymous_17)
FN:133,(anonymous_18)
FN:165,(anonymous_19)
FN:170,(anonymous_20)
FNF:21
FNH:10
FNDA:7,(anonymous_0)
FNDA:2,(anonymous_1)
FNDA:0,(anonymous_2)
FNDA:0,(anonymous_3)
FNDA:0,(anonymous_4)
FNDA:0,(anonymous_5)
FNDA:0,(anonymous_6)
FNDA:2,(anonymous_7)
FNDA:0,(anonymous_8)
FNDA:0,(anonymous_9)
FNDA:0,(anonymous_10)
FNDA:2,(anonymous_11)
FNDA:2,(anonymous_12)
FNDA:2,(anonymous_13)
FNDA:0,(anonymous_14)
FNDA:0,(anonymous_15)
FNDA:12,(anonymous_16)
FNDA:1,(anonymous_17)
FNDA:6,(anonymous_18)
FNDA:1,(anonymous_19)
FNDA:0,(anonymous_20)
DA:21,1
DA:28,1
DA:29,7
DA:30,7
DA:31,7
DA:32,7
DA:34,7
DA:35,7
DA:36,7
DA:37,7
DA:38,7
DA:39,7
DA:41,7
DA:42,2
DA:43,2
DA:44,2
DA:45,2
DA:46,2
DA:49,7
DA:53,0
DA:56,0
DA:57,0
DA:60,7
DA:61,2
DA:62,2
DA:63,2
DA:64,2
DA:65,2
DA:67,2
DA:68,2
DA:69,2
DA:73,2
DA:77,2
DA:79,0
DA:81,2
DA:82,2
DA:86,7
DA:121,12
DA:124,1
DA:134,6
DA:165,1
DA:170,0
DA:182,1
LF:43
LH:38
BRDA:50,0,0,2
BRDA:50,0,1,0
BRDA:61,1,0,0
BRDA:61,1,1,2
BRDA:75,2,0,2
BRDA:75,2,1,0
BRDA:89,3,0,7
BRDA:89,3,1,0
BRDA:90,4,0,7
BRDA:90,4,1,0
BRDA:110,5,0,7
BRDA:110,5,1,3
BRDA:134,6,0,4
BRDA:134,6,1,2
BRDA:135,7,0,6
BRDA:135,7,1,2
BRDA:141,8,0,4
BRDA:141,8,1,2
BRDA:147,9,0,7
BRDA:147,9,1,2
BRDA:169,10,0,7
BRDA:169,10,1,1
BRDA:169,10,2,6
BRDA:171,11,0,7
BRDA:171,11,1,1
BRF:25
BRH:20
end_of_record
TN:
SF:src\screens\AnalyticsScreen.tsx
FN:33,scoreColor
FN:39,(anonymous_1)
FN:53,(anonymous_2)
FN:66,(anonymous_3)
FN:86,(anonymous_4)
FN:97,(anonymous_5)
FN:120,(anonymous_6)
FN:139,(anonymous_7)
FN:151,(anonymous_8)
FN:151,(anonymous_9)
FN:152,(anonymous_10)
FN:152,(anonymous_11)
FN:174,(anonymous_12)
FN:193,(anonymous_13)
FN:197,(anonymous_14)
FN:201,(anonymous_15)
FN:234,(anonymous_16)
FN:239,(anonymous_17)
FN:245,(anonymous_18)
FN:249,(anonymous_19)
FN:253,(anonymous_20)
FN:258,(anonymous_21)
FN:267,(anonymous_22)
FN:268,(anonymous_23)
FN:269,(anonymous_24)
FN:279,(anonymous_25)
FN:281,(anonymous_26)
FN:317,(anonymous_27)
FN:323,(anonymous_28)
FN:410,(anonymous_29)
FN:423,(anonymous_30)
FN:432,AnalyticsScreen
FNF:32
FNH:17
FNDA:90,scoreColor
FNDA:40,(anonymous_1)
FNDA:40,(anonymous_2)
FNDA:10,(anonymous_3)
FNDA:10,(anonymous_4)
FNDA:40,(anonymous_5)
FNDA:14,(anonymous_6)
FNDA:6,(anonymous_7)
FNDA:24,(anonymous_8)
FNDA:0,(anonymous_9)
FNDA:24,(anonymous_10)
FNDA:0,(anonymous_11)
FNDA:1,(anonymous_12)
FNDA:0,(anonymous_13)
FNDA:0,(anonymous_14)
FNDA:0,(anonymous_15)
FNDA:0,(anonymous_16)
FNDA:0,(anonymous_17)
FNDA:0,(anonymous_18)
FNDA:0,(anonymous_19)
FNDA:14,(anonymous_20)
FNDA:0,(anonymous_21)
FNDA:0,(anonymous_22)
FNDA:0,(anonymous_23)
FNDA:0,(anonymous_24)
FNDA:14,(anonymous_25)
FNDA:0,(anonymous_26)
FNDA:30,(anonymous_27)
FNDA:2,(anonymous_28)
FNDA:10,(anonymous_29)
FNDA:0,(anonymous_30)
FNDA:4,AnalyticsScreen
DA:15,1
DA:17,1
DA:34,90
DA:35,70
DA:36,20
DA:39,1
DA:40,40
DA:41,0
DA:42,0
DA:43,0
DA:44,0
DA:53,1
DA:66,1
DA:67,10
DA:68,10
DA:86,1
DA:87,10
DA:98,40
DA:120,1
DA:121,14
DA:122,14
DA:123,14
DA:124,14
DA:125,14
DA:128,14
DA:129,14
DA:130,14
DA:131,14
DA:134,14
DA:135,14
DA:136,14
DA:137,14
DA:139,14
DA:141,6
DA:142,6
DA:147,6
DA:149,6
DA:151,24
DA:152,24
DA:153,0
DA:154,0
DA:157,6
DA:158,6
DA:160,6
DA:161,6
DA:163,6
DA:164,6
DA:166,6
DA:167,6
DA:169,6
DA:174,14
DA:175,1
DA:176,1
DA:184,1
DA:185,1
DA:186,1
DA:188,0
DA:190,1
DA:193,14
DA:194,0
DA:195,0
DA:197,0
DA:201,0
DA:206,0
DA:207,0
DA:209,0
DA:210,0
DA:213,0
DA:214,0
DA:216,0
DA:218,0
DA:223,0
DA:227,14
DA:231,14
DA:234,14
DA:235,14
DA:236,14
DA:237,14
DA:239,14
DA:240,14
DA:242,14
DA:243,14
DA:245,14
DA:246,14
DA:247,14
DA:249,14
DA:250,14
DA:253,14
DA:254,14
DA:257,0
DA:258,0
DA:259,0
DA:260,0
DA:262,0
DA:263,0
DA:266,0
DA:267,0
DA:268,0
DA:269,0
DA:275,14
DA:276,14
DA:279,14
DA:280,14
DA:281,14
DA:282,0
DA:283,0
DA:284,0
DA:286,14
DA:287,14
DA:289,0
DA:290,0
DA:291,0
DA:292,0
DA:293,0
DA:295,14
DA:297,14
DA:298,4
DA:301,10
DA:318,30
DA:319,30
DA:320,30
DA:323,2
DA:423,1
DA:430,1
DA:433,4
LF:125
LH:87
BRDA:34,0,0,20
BRDA:34,0,1,70
BRDA:35,1,0,50
BRDA:35,1,1,20
BRDA:39,2,0,0
BRDA:40,3,0,40
BRDA:40,3,1,0
BRDA:40,4,0,40
BRDA:40,4,1,40
BRDA:42,5,0,0
BRDA:42,5,1,0
BRDA:43,6,0,0
BRDA:43,6,1,0
BRDA:47,7,0,0
BRDA:47,7,1,0
BRDA:60,8,0,40
BRDA:60,8,1,40
BRDA:120,9,0,0
BRDA:120,10,0,0
BRDA:120,11,0,0
BRDA:120,12,0,0
BRDA:142,13,0,4
BRDA:142,13,1,2
BRDA:143,14,0,1
BRDA:143,14,1,1
BRDA:154,15,0,0
BRDA:154,15,1,0
BRDA:185,16,0,1
BRDA:185,16,1,0
BRDA:185,17,0,1
BRDA:185,17,1,1
BRDA:199,18,0,0
BRDA:199,18,1,0
BRDA:199,19,0,0
BRDA:199,19,1,0
BRDA:206,20,0,0
BRDA:206,20,1,0
BRDA:207,21,0,0
BRDA:207,21,1,0
BRDA:209,22,0,0
BRDA:209,22,1,0
BRDA:227,23,0,14
BRDA:227,23,1,0
BRDA:237,24,0,0
BRDA:237,24,1,14
BRDA:237,25,0,0
BRDA:237,25,1,0
BRDA:247,26,0,0
BRDA:247,26,1,14
BRDA:254,27,0,14
BRDA:254,27,1,0
BRDA:262,28,0,0
BRDA:262,28,1,0
BRDA:262,28,2,0
BRDA:262,29,0,0
BRDA:262,29,1,0
BRDA:263,30,0,0
BRDA:263,30,1,0
BRDA:270,31,0,0
BRDA:270,31,1,0
BRDA:276,32,0,0
BRDA:276,32,1,14
BRDA:282,33,0,0
BRDA:282,33,1,0
BRDA:283,34,0,0
BRDA:283,34,1,0
BRDA:287,35,0,14
BRDA:287,35,1,0
BRDA:290,36,0,0
BRDA:290,36,1,0
BRDA:291,37,0,0
BRDA:291,37,1,0
BRDA:292,38,0,0
BRDA:292,38,1,0
BRDA:297,39,0,4
BRDA:297,39,1,10
BRDA:324,40,0,10
BRDA:324,40,1,20
BRDA:326,41,0,10
BRDA:326,41,1,20
BRDA:341,42,0,1
BRDA:341,42,1,9
BRDA:343,43,0,1
BRDA:343,43,1,8
BRDA:386,44,0,0
BRDA:386,44,1,10
BRF:86
BRH:33
end_of_record
TN:
SF:src\screens\AuthScreen.tsx
FN:5,AuthScreen
FN:11,(anonymous_1)
FN:72,(anonymous_2)
FNF:3
FNH:3
FNDA:14,AuthScreen
FNDA:3,(anonymous_1)
FNDA:2,(anonymous_2)
DA:6,14
DA:7,14
DA:8,14
DA:9,14
DA:11,14
DA:12,3
DA:13,1
DA:14,1
DA:16,2
DA:17,2
DA:18,2
DA:19,1
DA:20,1
DA:22,1
DA:23,1
DA:24,1
DA:27,0
DA:29,2
DA:33,14
DA:72,2
LF:20
LH:19
BRDA:12,0,0,1
BRDA:12,0,1,2
BRDA:12,1,0,3
BRDA:12,1,1,2
BRDA:18,2,0,1
BRDA:18,2,1,1
BRDA:20,3,0,0
BRDA:20,3,1,1
BRDA:23,4,0,0
BRDA:23,4,1,1
BRDA:35,5,0,14
BRDA:35,5,1,0
BRDA:63,6,0,2
BRDA:63,6,1,12
BRDA:68,7,0,2
BRDA:68,7,1,12
BRDA:68,8,0,7
BRDA:68,8,1,5
BRDA:74,9,0,8
BRDA:74,9,1,6
BRF:20
BRH:17
end_of_record
TN:
SF:src\screens\DiaperScreen.tsx
FN:11,DiaperScreen
FN:13,(anonymous_1)
FN:14,(anonymous_2)
FN:22,(anonymous_3)
FN:25,(anonymous_4)
FN:26,(anonymous_5)
FN:50,(anonymous_6)
FN:64,(anonymous_7)
FN:72,(anonymous_8)
FN:80,(anonymous_9)
FN:94,(anonymous_10)
FN:106,(anonymous_11)
FNF:12
FNH:7
FNDA:6,DiaperScreen
FNDA:6,(anonymous_1)
FNDA:6,(anonymous_2)
FNDA:1,(anonymous_3)
FNDA:1,(anonymous_4)
FNDA:0,(anonymous_5)
FNDA:0,(anonymous_6)
FNDA:0,(anonymous_7)
FNDA:1,(anonymous_8)
FNDA:1,(anonymous_9)
FNDA:0,(anonymous_10)
FNDA:0,(anonymous_11)
DA:12,6
DA:13,6
DA:14,6
DA:16,6
DA:17,6
DA:19,6
DA:20,6
DA:22,6
DA:23,1
DA:24,1
DA:25,1
DA:26,1
DA:27,0
DA:28,0
DA:29,0
DA:30,0
DA:33,1
DA:34,1
DA:36,0
DA:37,0
DA:42,6
DA:50,0
DA:64,0
DA:72,1
DA:80,1
DA:94,0
DA:107,0
DA:108,0
LF:28
LH:17
BRDA:23,0,0,1
BRDA:23,0,1,0
BRDA:44,1,0,6
BRDA:44,1,1,0
BRDA:65,2,0,3
BRDA:65,2,1,3
BRDA:67,3,0,3
BRDA:67,3,1,3
BRDA:68,4,0,3
BRDA:68,4,1,3
BRDA:73,5,0,2
BRDA:73,5,1,4
BRDA:76,6,0,2
BRDA:76,6,1,4
BRDA:81,7,0,1
BRDA:81,7,1,5
BRDA:84,8,0,1
BRDA:84,8,1,5
BRDA:87,9,0,1
BRDA:87,9,1,5
BRDA:100,10,0,6
BRDA:100,10,1,0
BRDA:108,11,0,0
BRDA:108,11,1,0
BRF:24
BRH:19
end_of_record
TN:
SF:src\screens\DoctorScreen.tsx
FN:25,(anonymous_0)
FN:26,(anonymous_1)
FN:27,(anonymous_2)
FN:34,(anonymous_3)
FN:39,(anonymous_4)
FN:40,(anonymous_5)
FN:59,(anonymous_6)
FN:63,(anonymous_7)
FN:65,(anonymous_8)
FN:84,(anonymous_9)
FN:97,(anonymous_10)
FN:101,(anonymous_11)
FN:113,(anonymous_12)
FN:137,(anonymous_13)
FN:180,(anonymous_14)
FN:181,(anonymous_15)
FN:181,(anonymous_16)
FN:197,(anonymous_17)
FN:198,(anonymous_18)
FN:202,(anonymous_19)
FN:217,(anonymous_20)
FN:218,(anonymous_21)
FN:219,(anonymous_22)
FN:219,(anonymous_23)
FN:281,(anonymous_24)
FN:288,DoctorScreen
FNF:26
FNH:15
FNDA:9,(anonymous_0)
FNDA:9,(anonymous_1)
FNDA:9,(anonymous_2)
FNDA:1,(anonymous_3)
FNDA:1,(anonymous_4)
FNDA:0,(anonymous_5)
FNDA:0,(anonymous_6)
FNDA:0,(anonymous_7)
FNDA:0,(anonymous_8)
FNDA:0,(anonymous_9)
FNDA:18,(anonymous_10)
FNDA:1,(anonymous_11)
FNDA:2,(anonymous_12)
FNDA:0,(anonymous_13)
FNDA:6,(anonymous_14)
FNDA:6,(anonymous_15)
FNDA:0,(anonymous_16)
FNDA:16,(anonymous_17)
FNDA:0,(anonymous_18)
FNDA:0,(anonymous_19)
FNDA:1,(anonymous_20)
FNDA:1,(anonymous_21)
FNDA:1,(anonymous_22)
FNDA:0,(anonymous_23)
FNDA:0,(anonymous_24)
FNDA:3,DoctorScreen
DA:16,1
DA:25,1
DA:26,9
DA:27,9
DA:28,9
DA:29,9
DA:30,9
DA:31,9
DA:32,9
DA:34,9
DA:35,1
DA:36,1
DA:38,1
DA:39,1
DA:40,1
DA:41,0
DA:42,0
DA:43,0
DA:44,0
DA:45,0
DA:46,0
DA:47,0
DA:50,1
DA:51,1
DA:52,1
DA:54,0
DA:55,0
DA:59,9
DA:60,0
DA:62,0
DA:63,0
DA:64,0
DA:65,0
DA:66,0
DA:67,0
DA:68,0
DA:69,0
DA:73,0
DA:74,0
DA:75,0
DA:80,0
DA:84,9
DA:85,0
DA:87,9
DA:98,18
DA:101,1
DA:113,2
DA:138,0
DA:181,6
DA:182,6
DA:198,16
DA:199,16
DA:202,0
DA:218,1
DA:219,1
DA:221,1
DA:228,1
DA:242,1
DA:281,1
DA:286,1
DA:289,3
LF:61
LH:36
BRDA:35,0,0,0
BRDA:35,0,1,1
BRDA:35,1,0,1
BRDA:35,1,1,1
BRDA:36,2,0,0
BRDA:36,2,1,1
BRDA:60,3,0,0
BRDA:60,3,1,0
BRDA:64,4,0,0
BRDA:64,4,1,0
BRDA:100,5,0,18
BRDA:100,5,1,9
BRDA:103,6,0,18
BRDA:103,6,1,9
BRDA:109,7,0,9
BRDA:109,7,1,8
BRDA:119,8,0,8
BRDA:119,8,1,4
BRDA:148,9,0,0
BRDA:148,9,1,0
BRDA:152,10,0,8
BRDA:152,10,1,8
BRDA:152,10,2,4
BRDA:163,11,0,9
BRDA:163,11,1,1
BRDA:186,12,0,0
BRDA:186,12,1,6
BRDA:186,13,0,0
BRDA:186,13,1,6
BRDA:187,14,0,6
BRDA:187,14,1,0
BRDA:189,15,0,6
BRDA:189,15,1,5
BRDA:190,16,0,0
BRDA:190,16,1,5
BRDA:195,17,0,0
BRDA:195,17,1,6
BRDA:203,18,0,0
BRDA:203,18,1,16
BRDA:205,19,0,0
BRDA:205,19,1,16
BRDA:221,20,0,0
BRDA:221,20,1,1
BRF:43
BRH:27
end_of_record
TN:
SF:src\screens\FeedingScreen.tsx
FN:11,FeedingScreen
FN:13,(anonymous_1)
FN:14,(anonymous_2)
FN:27,(anonymous_3)
FN:30,(anonymous_4)
FN:32,(anonymous_5)
FN:34,(anonymous_6)
FN:38,(anonymous_7)
FN:41,(anonymous_8)
FN:49,(anonymous_9)
FN:52,(anonymous_10)
FN:53,(anonymous_11)
FN:76,(anonymous_12)
FN:89,(anonymous_13)
FN:100,(anonymous_14)
FN:104,(anonymous_15)
FN:108,(anonymous_16)
FN:123,(anonymous_17)
FN:145,(anonymous_18)
FN:177,(anonymous_19)
FN:189,(anonymous_20)
FN:200,(anonymous_21)
FNF:22
FNH:9
FNDA:5,FeedingScreen
FNDA:5,(anonymous_1)
FNDA:5,(anonymous_2)
FNDA:3,(anonymous_3)
FNDA:0,(anonymous_4)
FNDA:0,(anonymous_5)
FNDA:0,(anonymous_6)
FNDA:3,(anonymous_7)
FNDA:0,(anonymous_8)
FNDA:1,(anonymous_9)
FNDA:1,(anonymous_10)
FNDA:0,(anonymous_11)
FNDA:9,(anonymous_12)
FNDA:0,(anonymous_13)
FNDA:0,(anonymous_14)
FNDA:1,(anonymous_15)
FNDA:0,(anonymous_16)
FNDA:0,(anonymous_17)
FNDA:0,(anonymous_18)
FNDA:0,(anonymous_19)
FNDA:0,(anonymous_20)
FNDA:0,(anonymous_21)
DA:12,5
DA:13,5
DA:14,5
DA:16,5
DA:17,5
DA:19,5
DA:20,5
DA:23,5
DA:24,5
DA:25,5
DA:27,5
DA:29,3
DA:30,0
DA:31,0
DA:32,0
DA:34,0
DA:38,3
DA:41,5
DA:42,0
DA:43,0
DA:45,0
DA:49,5
DA:50,1
DA:51,1
DA:52,1
DA:53,1
DA:54,0
DA:55,0
DA:57,0
DA:58,0
DA:59,0
DA:60,0
DA:62,0
DA:64,0
DA:67,1
DA:68,1
DA:70,0
DA:71,0
DA:76,5
DA:77,9
DA:78,9
DA:81,5
DA:89,0
DA:100,0
DA:104,1
DA:108,0
DA:123,0
DA:145,0
DA:177,0
DA:190,0
DA:191,0
DA:201,0
DA:202,0
DA:203,0
DA:204,0
LF:55
LH:26
BRDA:29,0,0,0
BRDA:29,0,1,3
BRDA:31,1,0,0
BRDA:31,1,1,0
BRDA:42,2,0,0
BRDA:42,2,1,0
BRDA:50,3,0,1
BRDA:50,3,1,0
BRDA:57,4,0,0
BRDA:57,4,1,0
BRDA:62,5,0,0
BRDA:62,5,1,0
BRDA:83,6,0,5
BRDA:83,6,1,0
BRDA:100,7,0,3
BRDA:100,7,1,2
BRDA:101,8,0,3
BRDA:101,8,1,2
BRDA:102,9,0,3
BRDA:102,9,1,2
BRDA:104,10,0,2
BRDA:104,10,1,3
BRDA:105,11,0,2
BRDA:105,11,1,3
BRDA:106,12,0,2
BRDA:106,12,1,3
BRDA:108,13,0,0
BRDA:108,13,1,5
BRDA:109,14,0,0
BRDA:109,14,1,5
BRDA:110,15,0,0
BRDA:110,15,1,5
BRDA:115,16,0,3
BRDA:115,16,1,2
BRDA:124,17,0,0
BRDA:124,17,1,3
BRDA:126,18,0,0
BRDA:126,18,1,3
BRDA:146,19,0,0
BRDA:146,19,1,3
BRDA:148,20,0,0
BRDA:148,20,1,3
BRDA:175,21,0,3
BRDA:175,21,1,2
BRDA:183,22,0,5
BRDA:183,22,1,0
BRDA:191,23,0,0
BRDA:191,23,1,0
BRF:48
BRH:27
end_of_record
TN:
SF:src\screens\GrowthScreen.tsx
FN:23,(anonymous_0)
FN:24,(anonymous_1)
FN:25,(anonymous_2)
FN:25,(anonymous_3)
FN:42,(anonymous_4)
FN:44,(anonymous_5)
FN:52,(anonymous_6)
FN:53,(anonymous_7)
FN:58,(anonymous_8)
FN:59,(anonymous_9)
FN:65,(anonymous_10)
FN:67,(anonymous_11)
FN:76,(anonymous_12)
FN:77,(anonymous_13)
FN:96,(anonymous_14)
FN:97,(anonymous_15)
FN:98,(anonymous_16)
FN:111,(anonymous_17)
FN:138,(anonymous_18)
FN:144,(anonymous_19)
FN:147,(anonymous_20)
FN:153,(anonymous_21)
FN:163,(anonymous_22)
FN:163,(anonymous_23)
FN:163,(anonymous_24)
FN:168,(anonymous_25)
FN:168,(anonymous_26)
FN:169,(anonymous_27)
FN:186,(anonymous_28)
FN:228,(anonymous_29)
FN:234,GrowthScreen
FNF:31
FNH:20
FNDA:308,(anonymous_0)
FNDA:364,(anonymous_1)
FNDA:21,(anonymous_2)
FNDA:273,(anonymous_3)
FNDA:7,(anonymous_4)
FNDA:7,(anonymous_5)
FNDA:2,(anonymous_6)
FNDA:2,(anonymous_7)
FNDA:0,(anonymous_8)
FNDA:0,(anonymous_9)
FNDA:0,(anonymous_10)
FNDA:1,(anonymous_11)
FNDA:1,(anonymous_12)
FNDA:0,(anonymous_13)
FNDA:0,(anonymous_14)
FNDA:0,(anonymous_15)
FNDA:0,(anonymous_16)
FNDA:21,(anonymous_17)
FNDA:35,(anonymous_18)
FNDA:21,(anonymous_19)
FNDA:0,(anonymous_20)
FNDA:35,(anonymous_21)
FNDA:56,(anonymous_22)
FNDA:294,(anonymous_23)
FNDA:56,(anonymous_24)
FNDA:560,(anonymous_25)
FNDA:70,(anonymous_26)
FNDA:0,(anonymous_27)
FNDA:0,(anonymous_28)
FNDA:0,(anonymous_29)
FNDA:2,GrowthScreen
DA:16,1
DA:17,1
DA:18,1
DA:19,1
DA:21,1
DA:22,1
DA:23,308
DA:24,364
DA:25,273
DA:27,1
DA:42,1
DA:43,7
DA:44,7
DA:45,7
DA:46,7
DA:47,7
DA:48,7
DA:49,7
DA:52,7
DA:53,2
DA:54,2
DA:58,7
DA:59,0
DA:60,0
DA:61,0
DA:62,0
DA:65,7
DA:67,7
DA:68,1
DA:69,1
DA:70,1
DA:71,1
DA:73,1
DA:74,1
DA:75,1
DA:76,1
DA:77,1
DA:78,0
DA:79,0
DA:80,0
DA:81,0
DA:82,0
DA:85,1
DA:86,1
DA:88,0
DA:89,0
DA:91,1
DA:96,7
DA:97,7
DA:98,7
DA:100,7
DA:112,21
DA:139,35
DA:145,21
DA:148,0
DA:149,0
DA:150,0
DA:151,0
DA:154,35
DA:163,294
DA:164,56
DA:168,560
DA:169,70
DA:187,0
DA:205,1
DA:228,1
DA:232,1
DA:235,2
LF:68
LH:52
BRDA:25,0,0,21
BRDA:25,0,1,252
BRDA:54,1,0,2
BRDA:54,1,1,0
BRDA:71,2,0,0
BRDA:71,2,1,1
BRDA:71,3,0,1
BRDA:71,3,1,0
BRDA:71,3,2,0
BRDA:73,4,0,1
BRDA:73,4,1,0
BRDA:78,5,0,0
BRDA:78,5,1,0
BRDA:79,6,0,0
BRDA:79,6,1,0
BRDA:80,7,0,0
BRDA:80,7,1,0
BRDA:108,8,0,0
BRDA:108,8,1,7
BRDA:109,9,0,0
BRDA:109,9,1,7
BRDA:110,10,0,0
BRDA:110,10,1,7
BRDA:129,11,0,1
BRDA:129,11,1,6
BRDA:148,12,0,0
BRDA:148,12,1,0
BRDA:148,13,0,0
BRDA:148,13,1,0
BRDA:150,14,0,0
BRDA:150,14,1,0
BRDA:150,15,0,0
BRDA:150,15,1,0
BRDA:151,16,0,0
BRDA:151,16,1,0
BRDA:170,17,0,70
BRDA:170,17,1,2
BRDA:171,18,0,70
BRDA:171,18,1,2
BRDA:173,19,0,70
BRDA:173,19,1,2
BRDA:183,20,0,7
BRDA:183,20,1,0
BRDA:187,21,0,0
BRDA:187,21,1,0
BRDA:194,22,0,0
BRDA:194,22,1,0
BRDA:194,23,0,0
BRDA:194,23,1,0
BRDA:194,24,0,0
BRDA:194,24,1,0
BRF:51
BRH:18
end_of_record
TN:
SF:src\screens\HealthScreen.tsx
FN:26,(anonymous_0)
FN:27,(anonymous_1)
FN:28,(anonymous_2)
FN:29,(anonymous_3)
FN:41,(anonymous_4)
FN:42,(anonymous_5)
FN:50,(anonymous_6)
FN:51,(anonymous_7)
FN:51,(anonymous_8)
FN:53,(anonymous_9)
FN:60,(anonymous_10)
FN:61,(anonymous_11)
FN:78,(anonymous_12)
FN:80,(anonymous_13)
FN:82,(anonymous_14)
FN:97,(anonymous_15)
FN:98,(anonymous_16)
FN:99,(anonymous_17)
FN:108,(anonymous_18)
FN:112,(anonymous_19)
FN:158,(anonymous_20)
FN:181,(anonymous_21)
FN:195,(anonymous_22)
FN:206,(anonymous_23)
FN:245,(anonymous_24)
FN:249,(anonymous_25)
FN:272,(anonymous_26)
FN:330,(anonymous_27)
FN:337,HealthScreen
FNF:29
FNH:17
FNDA:14,(anonymous_0)
FNDA:3,(anonymous_1)
FNDA:14,(anonymous_2)
FNDA:14,(anonymous_3)
FNDA:3,(anonymous_4)
FNDA:0,(anonymous_5)
FNDA:2,(anonymous_6)
FNDA:2,(anonymous_7)
FNDA:0,(anonymous_8)
FNDA:1,(anonymous_9)
FNDA:1,(anonymous_10)
FNDA:0,(anonymous_11)
FNDA:0,(anonymous_12)
FNDA:0,(anonymous_13)
FNDA:0,(anonymous_14)
FNDA:0,(anonymous_15)
FNDA:0,(anonymous_16)
FNDA:0,(anonymous_17)
FNDA:42,(anonymous_18)
FNDA:2,(anonymous_19)
FNDA:12,(anonymous_20)
FNDA:1,(anonymous_21)
FNDA:0,(anonymous_22)
FNDA:0,(anonymous_23)
FNDA:50,(anonymous_24)
FNDA:2,(anonymous_25)
FNDA:1,(anonymous_26)
FNDA:0,(anonymous_27)
FNDA:3,HealthScreen
DA:21,1
DA:26,1
DA:27,14
DA:28,14
DA:29,14
DA:30,14
DA:31,14
DA:32,14
DA:33,14
DA:34,14
DA:35,14
DA:36,14
DA:37,14
DA:39,14
DA:41,14
DA:42,3
DA:43,0
DA:44,0
DA:50,14
DA:51,2
DA:53,14
DA:54,1
DA:55,1
DA:56,1
DA:57,1
DA:59,1
DA:60,1
DA:61,1
DA:62,0
DA:63,0
DA:64,0
DA:65,0
DA:66,0
DA:67,0
DA:70,1
DA:71,1
DA:73,0
DA:74,0
DA:78,14
DA:79,0
DA:80,0
DA:81,0
DA:82,0
DA:83,0
DA:87,0
DA:91,14
DA:97,14
DA:98,14
DA:99,14
DA:101,14
DA:109,42
DA:112,2
DA:159,12
DA:181,1
DA:196,0
DA:206,0
DA:246,50
DA:249,2
DA:274,1
DA:275,1
DA:288,1
DA:330,1
DA:335,1
DA:338,3
LF:64
LH:46
BRDA:39,0,0,14
BRDA:39,0,1,0
BRDA:44,1,0,0
BRDA:44,1,1,0
BRDA:44,1,2,0
BRDA:51,2,0,0
BRDA:51,2,1,2
BRDA:54,3,0,0
BRDA:54,3,1,1
BRDA:54,4,0,1
BRDA:54,4,1,1
BRDA:55,5,0,0
BRDA:55,5,1,1
BRDA:111,6,0,42
BRDA:111,6,1,14
BRDA:114,7,0,14
BRDA:114,7,1,28
BRDA:115,8,0,42
BRDA:115,8,1,14
BRDA:121,9,0,14
BRDA:121,9,1,4
BRDA:141,10,0,1
BRDA:141,10,1,3
BRDA:141,11,0,0
BRDA:141,11,1,3
BRDA:144,12,0,1
BRDA:144,12,1,3
BRDA:144,13,0,0
BRDA:144,13,1,3
BRDA:146,14,0,1
BRDA:146,14,1,3
BRDA:147,15,0,0
BRDA:147,15,1,3
BRDA:155,16,0,0
BRDA:155,16,1,4
BRDA:156,17,0,0
BRDA:156,17,1,4
BRDA:157,18,0,0
BRDA:157,18,1,4
BRDA:159,19,0,12
BRDA:159,19,1,8
BRDA:174,20,0,14
BRDA:174,20,1,5
BRDA:184,21,0,3
BRDA:184,21,1,2
BRDA:188,22,0,5
BRDA:188,22,1,5
BRDA:196,23,0,0
BRDA:196,23,1,0
BRDA:205,24,0,0
BRDA:205,24,1,0
BRDA:214,25,0,5
BRDA:214,25,1,3
BRDA:233,26,0,14
BRDA:233,26,1,5
BRDA:238,27,0,5
BRDA:238,27,1,3
BRDA:248,28,0,50
BRDA:248,28,1,5
BRDA:251,29,0,50
BRDA:251,29,1,5
BRDA:252,30,0,50
BRDA:252,30,1,5
BRDA:254,31,0,50
BRDA:254,31,1,5
BRDA:260,32,0,5
BRDA:260,32,1,3
BRDA:274,33,0,1
BRDA:274,33,1,0
BRF:69
BRH:51
end_of_record
TN:
SF:src\screens\HomeScreen.tsx
FN:11,(anonymous_0)
FN:26,(anonymous_1)
FN:34,(anonymous_2)
FN:89,(anonymous_3)
FN:98,(anonymous_4)
FN:107,(anonymous_5)
FN:116,(anonymous_6)
FN:125,(anonymous_7)
FN:127,(anonymous_8)
FN:131,(anonymous_9)
FN:134,(anonymous_10)
FN:135,(anonymous_11)
FN:148,(anonymous_12)
FN:150,(anonymous_13)
FN:151,(anonymous_14)
FN:160,(anonymous_15)
FN:162,(anonymous_16)
FN:170,(anonymous_17)
FN:216,(anonymous_18)
FN:219,(anonymous_19)
FN:238,(anonymous_20)
FN:273,(anonymous_21)
FN:275,(anonymous_22)
FN:284,(anonymous_23)
FN:314,(anonymous_24)
FN:341,(anonymous_25)
FN:351,HomeScreen
FNF:27
FNH:12
FNDA:6,(anonymous_0)
FNDA:6,(anonymous_1)
FNDA:0,(anonymous_2)
FNDA:6,(anonymous_3)
FNDA:0,(anonymous_4)
FNDA:0,(anonymous_5)
FNDA:0,(anonymous_6)
FNDA:0,(anonymous_7)
FNDA:1,(anonymous_8)
FNDA:1,(anonymous_9)
FNDA:1,(anonymous_10)
FNDA:0,(anonymous_11)
FNDA:0,(anonymous_12)
FNDA:0,(anonymous_13)
FNDA:0,(anonymous_14)
FNDA:0,(anonymous_15)
FNDA:0,(anonymous_16)
FNDA:6,(anonymous_17)
FNDA:24,(anonymous_18)
FNDA:1,(anonymous_19)
FNDA:0,(anonymous_20)
FNDA:6,(anonymous_21)
FNDA:0,(anonymous_22)
FNDA:0,(anonymous_23)
FNDA:6,(anonymous_24)
FNDA:0,(anonymous_25)
FNDA:4,HomeScreen
DA:11,1
DA:12,6
DA:13,6
DA:15,6
DA:17,6
DA:18,6
DA:19,6
DA:21,6
DA:22,6
DA:23,6
DA:24,6
DA:26,6
DA:27,6
DA:28,6
DA:29,0
DA:30,0
DA:31,0
DA:34,6
DA:35,0
DA:38,6
DA:39,6
DA:41,6
DA:88,6
DA:89,6
DA:98,0
DA:107,0
DA:116,0
DA:125,0
DA:127,6
DA:128,1
DA:131,6
DA:132,1
DA:133,1
DA:134,1
DA:135,1
DA:136,0
DA:137,0
DA:138,0
DA:139,0
DA:142,1
DA:144,0
DA:148,6
DA:149,0
DA:150,0
DA:151,0
DA:152,0
DA:156,0
DA:160,6
DA:161,0
DA:162,0
DA:163,0
DA:166,0
DA:170,6
DA:172,6
DA:219,1
DA:238,0
DA:275,0
DA:284,0
DA:341,1
DA:349,1
DA:352,4
LF:61
LH:36
BRDA:17,0,0,6
BRDA:17,0,1,0
BRDA:18,1,0,6
BRDA:18,1,1,0
BRDA:28,2,0,6
BRDA:28,2,1,0
BRDA:31,3,0,0
BRDA:31,3,1,0
BRDA:35,4,0,0
BRDA:35,4,1,0
BRDA:38,5,0,6
BRDA:38,5,1,0
BRDA:38,6,0,6
BRDA:38,6,1,6
BRDA:39,7,0,0
BRDA:39,7,1,6
BRDA:39,8,0,6
BRDA:39,8,1,0
BRDA:48,9,0,6
BRDA:48,9,1,0
BRDA:49,10,0,6
BRDA:49,10,1,0
BRDA:49,11,0,6
BRDA:49,11,1,0
BRDA:49,12,0,0
BRDA:49,12,1,0
BRDA:50,13,0,6
BRDA:50,13,1,0
BRDA:59,14,0,0
BRDA:59,14,1,6
BRDA:60,15,0,0
BRDA:60,15,1,6
BRDA:70,16,0,0
BRDA:70,16,1,6
BRDA:71,17,0,0
BRDA:71,17,1,6
BRDA:71,18,0,0
BRDA:71,18,1,0
BRDA:71,19,0,0
BRDA:71,19,1,0
BRDA:72,20,0,0
BRDA:72,20,1,6
BRDA:81,21,0,0
BRDA:81,21,1,6
BRDA:82,22,0,0
BRDA:82,22,1,6
BRDA:92,23,0,6
BRDA:92,23,1,0
BRDA:92,24,0,0
BRDA:92,24,1,0
BRDA:94,25,0,0
BRDA:94,25,1,6
BRDA:95,26,0,0
BRDA:95,26,1,6
BRDA:103,27,0,0
BRDA:103,27,1,0
BRDA:104,28,0,0
BRDA:104,28,1,0
BRDA:110,29,0,0
BRDA:110,29,1,0
BRDA:110,30,0,0
BRDA:110,30,1,0
BRDA:112,31,0,0
BRDA:112,31,1,0
BRDA:113,32,0,0
BRDA:113,32,1,0
BRDA:121,33,0,0
BRDA:121,33,1,0
BRDA:122,34,0,0
BRDA:122,34,1,0
BRDA:128,35,0,1
BRDA:128,35,1,0
BRDA:132,36,0,0
BRDA:132,36,1,1
BRDA:205,37,0,6
BRDA:205,37,1,0
BRDA:227,38,0,12
BRDA:227,38,1,12
BRDA:229,39,0,24
BRDA:229,39,1,12
BRDA:262,40,0,6
BRDA:262,40,1,6
BRDA:270,41,0,0
BRDA:270,41,1,6
BRDA:270,42,0,6
BRDA:270,42,1,6
BRDA:275,43,0,0
BRDA:275,43,1,6
BRDA:276,44,0,0
BRDA:276,44,1,6
BRDA:276,45,0,0
BRDA:276,45,1,6
BRDA:278,46,0,0
BRDA:278,46,1,6
BRDA:278,47,0,0
BRDA:278,47,1,6
BRDA:278,48,0,0
BRDA:278,48,1,6
BRDA:281,49,0,0
BRDA:281,49,1,6
BRDA:310,50,0,0
BRDA:310,50,1,6
BRF:102
BRH:42
end_of_record
TN:
SF:src\screens\LoadingScreen.tsx
FN:4,LoadingScreen
FNF:1
FNH:1
FNDA:1,LoadingScreen
DA:5,1
LF:1
LH:1
BRF:0
BRH:0
end_of_record
TN:
SF:src\screens\OnboardingScreen.tsx
FN:6,OnboardingScreen
FN:19,(anonymous_1)
FN:32,(anonymous_2)
FN:64,(anonymous_3)
FN:87,(anonymous_4)
FN:93,(anonymous_5)
FNF:6
FNH:5
FNDA:13,OnboardingScreen
FNDA:5,(anonymous_1)
FNDA:1,(anonymous_2)
FNDA:52,(anonymous_3)
FNDA:0,(anonymous_4)
FNDA:1,(anonymous_5)
DA:7,13
DA:8,13
DA:9,13
DA:10,13
DA:11,13
DA:12,13
DA:13,13
DA:14,13
DA:15,13
DA:17,13
DA:19,13
DA:20,5
DA:21,4
DA:22,4
DA:23,4
DA:25,4
DA:26,3
DA:28,1
DA:32,13
DA:33,1
DA:35,1
DA:36,1
DA:46,1
DA:47,1
DA:49,1
DA:50,0
DA:52,1
DA:53,1
DA:57,13
DA:87,0
DA:93,1
LF:31
LH:29
BRDA:20,0,0,1
BRDA:20,0,1,4
BRDA:20,1,0,5
BRDA:20,1,1,2
BRDA:21,2,0,0
BRDA:21,2,1,4
BRDA:21,3,0,4
BRDA:21,3,1,1
BRDA:22,4,0,0
BRDA:22,4,1,4
BRDA:22,5,0,4
BRDA:22,5,1,1
BRDA:23,6,0,0
BRDA:23,6,1,4
BRDA:23,7,0,4
BRDA:23,7,1,1
BRDA:25,8,0,3
BRDA:25,8,1,1
BRDA:33,9,0,0
BRDA:33,9,1,1
BRDA:33,10,0,1
BRDA:33,10,1,1
BRDA:43,11,0,1
BRDA:43,11,1,0
BRDA:49,12,0,0
BRDA:49,12,1,1
BRDA:58,13,0,13
BRDA:58,13,1,0
BRDA:67,14,0,34
BRDA:67,14,1,18
BRDA:74,15,0,13
BRDA:74,15,1,4
BRDA:86,16,0,0
BRDA:86,16,1,4
BRDA:89,17,0,0
BRDA:89,17,1,4
BRDA:92,18,0,1
BRDA:92,18,1,3
BRDA:95,19,0,1
BRDA:95,19,1,3
BRDA:101,20,0,13
BRDA:101,20,1,2
BRDA:113,21,0,13
BRDA:113,21,1,2
BRDA:131,22,0,13
BRDA:131,22,1,5
BRDA:150,23,0,1
BRDA:150,23,1,12
BRDA:155,24,0,1
BRDA:155,24,1,12
BRDA:155,25,0,4
BRDA:155,25,1,8
BRF:52
BRH:43
end_of_record
TN:
SF:src\screens\PrivacyPolicyScreen.tsx
FN:14,(anonymous_0)
FN:34,(anonymous_1)
FN:91,(anonymous_2)
FNF:3
FNH:2
FNDA:10,(anonymous_0)
FNDA:2,(anonymous_1)
FNDA:0,(anonymous_2)
DA:14,2
DA:25,10
DA:34,2
DA:35,2
DA:91,0
DA:99,2
LF:6
LH:5
BRDA:36,0,0,2
BRDA:36,0,1,1
BRF:2
BRH:2
end_of_record
TN:
SF:src\screens\RoutineScreen.tsx
FN:17,(anonymous_0)
FN:103,(anonymous_1)
FN:117,(anonymous_2)
FN:140,(anonymous_3)
FN:151,(anonymous_4)
FN:165,(anonymous_5)
FN:175,(anonymous_6)
FN:188,(anonymous_7)
FN:223,(anonymous_8)
FN:232,(anonymous_9)
FN:248,(anonymous_10)
FN:281,(anonymous_11)
FN:294,(anonymous_12)
FN:305,(anonymous_13)
FN:306,(anonymous_14)
FN:311,(anonymous_15)
FN:311,(anonymous_16)
FN:315,(anonymous_17)
FN:343,(anonymous_18)
FN:356,(anonymous_19)
FN:388,(anonymous_20)
FN:411,(anonymous_21)
FN:422,(anonymous_22)
FN:423,(anonymous_23)
FN:426,(anonymous_24)
FN:427,(anonymous_25)
FN:459,(anonymous_26)
FN:461,(anonymous_27)
FN:468,(anonymous_28)
FN:491,(anonymous_29)
FN:494,(anonymous_30)
FN:540,(anonymous_31)
FN:542,(anonymous_32)
FN:571,(anonymous_33)
FN:588,(anonymous_34)
FN:618,(anonymous_35)
FNF:36
FNH:12
FNDA:4,(anonymous_0)
FNDA:0,(anonymous_1)
FNDA:0,(anonymous_2)
FNDA:16,(anonymous_3)
FNDA:0,(anonymous_4)
FNDA:4,(anonymous_5)
FNDA:4,(anonymous_6)
FNDA:2,(anonymous_7)
FNDA:8,(anonymous_8)
FNDA:0,(anonymous_9)
FNDA:0,(anonymous_10)
FNDA:0,(anonymous_11)
FNDA:0,(anonymous_12)
FNDA:0,(anonymous_13)
FNDA:0,(anonymous_14)
FNDA:0,(anonymous_15)
FNDA:0,(anonymous_16)
FNDA:0,(anonymous_17)
FNDA:0,(anonymous_18)
FNDA:0,(anonymous_19)
FNDA:0,(anonymous_20)
FNDA:0,(anonymous_21)
FNDA:8,(anonymous_22)
FNDA:8,(anonymous_23)
FNDA:3,(anonymous_24)
FNDA:0,(anonymous_25)
FNDA:0,(anonymous_26)
FNDA:0,(anonymous_27)
FNDA:0,(anonymous_28)
FNDA:24,(anonymous_29)
FNDA:2,(anonymous_30)
FNDA:4,(anonymous_31)
FNDA:0,(anonymous_32)
FNDA:0,(anonymous_33)
FNDA:0,(anonymous_34)
FNDA:0,(anonymous_35)
DA:12,1
DA:17,1
DA:23,4
DA:24,4
DA:25,4
DA:26,4
DA:28,4
DA:104,0
DA:118,0
DA:141,16
DA:152,0
DA:166,4
DA:176,4
DA:188,1
DA:194,2
DA:224,8
DA:233,0
DA:249,0
DA:281,1
DA:290,0
DA:291,0
DA:292,0
DA:294,0
DA:295,0
DA:296,0
DA:297,0
DA:298,0
DA:300,0
DA:301,0
DA:302,0
DA:304,0
DA:305,0
DA:306,0
DA:311,0
DA:313,0
DA:314,0
DA:315,0
DA:317,0
DA:344,0
DA:345,0
DA:346,0
DA:348,0
DA:356,0
DA:388,0
DA:411,0
DA:422,1
DA:423,8
DA:424,8
DA:426,8
DA:427,3
DA:432,8
DA:434,8
DA:435,8
DA:437,8
DA:438,8
DA:439,8
DA:440,8
DA:442,8
DA:445,8
DA:452,8
DA:459,8
DA:461,8
DA:462,0
DA:463,0
DA:464,0
DA:465,0
DA:468,8
DA:469,0
DA:470,0
DA:471,0
DA:472,0
DA:475,8
DA:492,24
DA:494,2
DA:541,4
DA:542,4
DA:543,4
DA:545,4
DA:572,0
DA:588,0
DA:618,0
DA:634,1
LF:82
LH:40
BRDA:25,0,0,0
BRDA:25,0,1,4
BRDA:26,1,0,0
BRDA:26,1,1,4
BRDA:54,2,0,4
BRDA:54,2,1,0
BRDA:54,2,2,0
BRDA:57,3,0,0
BRDA:57,3,1,0
BRDA:57,4,0,0
BRDA:57,4,1,0
BRDA:58,5,0,0
BRDA:58,5,1,0
BRDA:58,6,0,0
BRDA:58,6,1,0
BRDA:63,7,0,0
BRDA:63,7,1,0
BRDA:63,8,0,0
BRDA:63,8,1,0
BRDA:66,9,0,0
BRDA:66,9,1,0
BRDA:66,10,0,0
BRDA:66,10,1,0
BRDA:75,11,0,0
BRDA:75,11,1,0
BRDA:75,12,0,0
BRDA:75,12,1,0
BRDA:80,13,0,0
BRDA:80,13,1,0
BRDA:80,13,2,0
BRDA:86,14,0,0
BRDA:86,14,1,0
BRDA:91,15,0,0
BRDA:91,15,1,0
BRDA:97,16,0,0
BRDA:97,16,1,0
BRDA:112,17,0,0
BRDA:112,17,1,0
BRDA:209,18,0,2
BRDA:209,18,1,0
BRDA:233,19,0,0
BRDA:233,19,1,0
BRDA:237,20,0,0
BRDA:237,20,1,0
BRDA:240,21,0,0
BRDA:240,21,1,0
BRDA:295,22,0,0
BRDA:295,22,1,0
BRDA:300,23,0,0
BRDA:300,23,1,0
BRDA:300,24,0,0
BRDA:300,24,1,0
BRDA:306,25,0,0
BRDA:306,25,1,0
BRDA:314,26,0,0
BRDA:314,26,1,0
BRDA:332,27,0,0
BRDA:332,27,1,0
BRDA:336,28,0,0
BRDA:336,28,1,0
BRDA:337,29,0,0
BRDA:337,29,1,0
BRDA:346,30,0,0
BRDA:346,30,1,0
BRDA:350,31,0,0
BRDA:350,31,1,0
BRDA:350,32,0,0
BRDA:350,32,1,0
BRDA:351,33,0,0
BRDA:351,33,1,0
BRDA:351,34,0,0
BRDA:351,34,1,0
BRDA:359,35,0,0
BRDA:359,35,1,0
BRDA:362,36,0,0
BRDA:362,36,1,0
BRDA:373,37,0,0
BRDA:373,37,1,0
BRDA:374,38,0,0
BRDA:374,38,1,0
BRDA:382,39,0,0
BRDA:382,39,1,0
BRDA:383,40,0,0
BRDA:383,40,1,0
BRDA:391,41,0,0
BRDA:391,41,1,0
BRDA:394,42,0,0
BRDA:394,42,1,0
BRDA:394,43,0,0
BRDA:394,43,1,0
BRDA:403,44,0,0
BRDA:403,44,1,0
BRDA:410,45,0,0
BRDA:410,45,1,0
BRDA:459,46,0,0
BRDA:459,46,1,0
BRDA:476,47,0,8
BRDA:476,47,1,0
BRDA:479,48,0,0
BRDA:479,48,1,8
BRDA:485,49,0,8
BRDA:485,49,1,8
BRDA:497,50,0,8
BRDA:497,50,1,16
BRDA:498,51,0,8
BRDA:498,51,1,16
BRDA:503,52,0,8
BRDA:503,52,1,16
BRDA:511,53,0,8
BRDA:511,53,1,4
BRDA:511,53,2,4
BRDA:520,54,0,8
BRDA:520,54,1,2
BRDA:520,54,2,2
BRDA:523,55,0,2
BRDA:523,55,1,0
BRDA:546,56,0,4
BRDA:546,56,1,0
BRDA:547,57,0,4
BRDA:547,57,1,4
BRDA:558,58,0,4
BRDA:558,58,1,0
BRDA:580,59,0,0
BRDA:580,59,1,4
BRDA:614,60,0,8
BRDA:614,60,1,2
BRDA:614,60,2,0
BRDA:614,60,3,0
BRDA:614,60,4,0
BRDA:619,61,0,0
BRDA:619,61,1,0
BRDA:624,62,0,8
BRDA:624,62,1,2
BRDA:624,62,2,2
BRF:134
BRH:31
end_of_record
TN:
SF:src\screens\SettingsScreen.tsx
FN:13,SettingsScreen
FN:21,(anonymous_1)
FN:22,(anonymous_2)
FN:27,(anonymous_3)
FN:32,(anonymous_4)
FN:37,(anonymous_5)
FN:44,(anonymous_6)
FN:50,(anonymous_7)
FN:91,(anonymous_8)
FN:135,(anonymous_9)
FN:168,(anonymous_10)
FNF:11
FNH:7
FNDA:5,SettingsScreen
FNDA:3,(anonymous_1)
FNDA:3,(anonymous_2)
FNDA:0,(anonymous_3)
FNDA:1,(anonymous_4)
FNDA:1,(anonymous_5)
FNDA:4,(anonymous_6)
FNDA:0,(anonymous_7)
FNDA:0,(anonymous_8)
FNDA:0,(anonymous_9)
FNDA:1,(anonymous_10)
DA:14,5
DA:15,5
DA:16,5
DA:17,5
DA:18,5
DA:21,5
DA:22,3
DA:23,3
DA:27,5
DA:28,0
DA:29,0
DA:32,5
DA:33,1
DA:34,1
DA:37,5
DA:38,1
DA:39,1
DA:40,1
DA:43,5
DA:44,5
DA:45,4
DA:46,0
DA:49,5
DA:50,1
DA:53,4
DA:91,0
DA:135,0
DA:168,1
LF:28
LH:23
BRDA:23,0,0,3
BRDA:23,0,1,0
BRDA:43,1,0,0
BRDA:43,1,1,5
BRDA:45,2,0,4
BRDA:45,2,1,0
BRDA:49,3,0,1
BRDA:49,3,1,4
BRDA:71,4,0,4
BRDA:71,4,1,0
BRDA:78,5,0,4
BRDA:78,5,1,4
BRDA:78,5,2,0
BRDA:108,6,0,4
BRDA:108,6,1,0
BRDA:112,7,0,4
BRDA:112,7,1,0
BRDA:165,8,0,0
BRDA:165,8,1,4
BRF:19
BRH:11
end_of_record
TN:
SF:src\screens\ShiftsScreen.tsx
FN:17,(anonymous_0)
FN:21,(anonymous_1)
FN:26,(anonymous_2)
FN:28,(anonymous_3)
FN:36,(anonymous_4)
FN:48,(anonymous_5)
FN:57,(anonymous_6)
FN:60,(anonymous_7)
FN:63,(anonymous_8)
FN:64,(anonymous_9)
FN:77,(anonymous_10)
FN:79,(anonymous_11)
FN:80,(anonymous_12)
FN:89,(anonymous_13)
FN:91,(anonymous_14)
FN:99,(anonymous_15)
FN:119,(anonymous_16)
FN:129,(anonymous_17)
FN:133,(anonymous_18)
FN:162,(anonymous_19)
FN:164,(anonymous_20)
FN:179,(anonymous_21)
FN:214,(anonymous_22)
FN:277,(anonymous_23)
FNF:24
FNH:8
FNDA:4,(anonymous_0)
FNDA:0,(anonymous_1)
FNDA:2,(anonymous_2)
FNDA:0,(anonymous_3)
FNDA:0,(anonymous_4)
FNDA:0,(anonymous_5)
FNDA:0,(anonymous_6)
FNDA:1,(anonymous_7)
FNDA:1,(anonymous_8)
FNDA:0,(anonymous_9)
FNDA:0,(anonymous_10)
FNDA:0,(anonymous_11)
FNDA:0,(anonymous_12)
FNDA:0,(anonymous_13)
FNDA:0,(anonymous_14)
FNDA:4,(anonymous_15)
FNDA:0,(anonymous_16)
FNDA:8,(anonymous_17)
FNDA:1,(anonymous_18)
FNDA:4,(anonymous_19)
FNDA:0,(anonymous_20)
FNDA:0,(anonymous_21)
FNDA:0,(anonymous_22)
FNDA:0,(anonymous_23)
DA:17,1
DA:18,4
DA:19,4
DA:21,4
DA:22,0
DA:23,0
DA:26,4
DA:27,2
DA:28,0
DA:37,0
DA:38,0
DA:39,0
DA:48,0
DA:57,2
DA:60,4
DA:61,1
DA:62,1
DA:63,1
DA:64,1
DA:65,0
DA:66,0
DA:67,0
DA:68,0
DA:71,1
DA:73,0
DA:77,4
DA:78,0
DA:79,0
DA:80,0
DA:81,0
DA:85,0
DA:89,4
DA:90,0
DA:91,0
DA:92,0
DA:95,0
DA:99,4
DA:101,4
DA:119,0
DA:130,8
DA:133,1
DA:163,4
DA:164,0
DA:179,0
DA:215,0
DA:216,0
DA:239,1
DA:277,1
DA:284,1
LF:49
LH:23
BRDA:30,0,0,0
BRDA:30,0,1,0
BRDA:31,1,0,0
BRDA:31,1,1,0
BRDA:41,2,0,0
BRDA:41,2,1,0
BRDA:42,3,0,0
BRDA:42,3,1,0
BRDA:50,4,0,0
BRDA:50,4,1,0
BRDA:51,5,0,0
BRDA:51,5,1,0
BRDA:51,6,0,0
BRDA:51,6,1,0
BRDA:61,7,0,0
BRDA:61,7,1,1
BRDA:111,8,0,4
BRDA:111,8,1,0
BRDA:115,9,0,4
BRDA:115,9,1,0
BRDA:115,10,0,4
BRDA:115,10,1,0
BRDA:115,11,0,0
BRDA:115,11,1,0
BRDA:119,12,0,0
BRDA:119,12,1,0
BRDA:132,13,0,4
BRDA:132,13,1,4
BRDA:133,14,0,1
BRDA:133,14,1,1
BRDA:136,15,0,4
BRDA:136,15,1,4
BRDA:137,16,0,4
BRDA:137,16,1,4
BRDA:139,17,0,4
BRDA:139,17,1,4
BRDA:141,18,0,4
BRDA:141,18,1,4
BRDA:142,19,0,8
BRDA:142,19,1,4
BRDA:152,20,0,4
BRDA:152,20,1,4
BRDA:159,21,0,0
BRDA:159,21,1,4
BRDA:164,22,0,0
BRDA:164,22,1,4
BRDA:166,23,0,0
BRDA:166,23,1,4
BRDA:168,24,0,0
BRDA:168,24,1,4
BRDA:172,25,0,4
BRDA:172,25,1,0
BRDA:174,26,0,0
BRDA:174,26,1,4
BRDA:175,27,0,4
BRDA:175,27,1,0
BRDA:180,28,0,0
BRDA:180,28,1,4
BRDA:206,29,0,4
BRDA:206,29,1,0
BRDA:218,30,0,0
BRDA:218,30,1,0
BRDA:224,31,0,0
BRDA:224,31,1,0
BRF:64
BRH:29
end_of_record
TN:
SF:src\screens\SleepScreen.tsx
FN:18,SleepScreen
FN:20,(anonymous_1)
FN:21,(anonymous_2)
FN:35,(anonymous_3)
FN:38,(anonymous_4)
FN:42,(anonymous_5)
FN:45,(anonymous_6)
FN:50,(anonymous_7)
FN:54,(anonymous_8)
FN:55,(anonymous_9)
FN:74,(anonymous_10)
FN:83,(anonymous_11)
FN:84,(anonymous_12)
FN:101,(anonymous_13)
FN:109,(anonymous_14)
FN:120,(anonymous_15)
FN:123,(anonymous_16)
FN:144,(anonymous_17)
FN:155,(anonymous_18)
FN:165,(anonymous_19)
FN:176,(anonymous_20)
FN:200,(anonymous_21)
FN:205,(anonymous_22)
FN:218,(anonymous_23)
FN:219,(anonymous_24)
FN:232,(anonymous_25)
FNF:26
FNH:13
FNDA:8,SleepScreen
FNDA:8,(anonymous_1)
FNDA:8,(anonymous_2)
FNDA:6,(anonymous_3)
FNDA:0,(anonymous_4)
FNDA:6,(anonymous_5)
FNDA:2,(anonymous_6)
FNDA:0,(anonymous_7)
FNDA:0,(anonymous_8)
FNDA:0,(anonymous_9)
FNDA:1,(anonymous_10)
FNDA:0,(anonymous_11)
FNDA:0,(anonymous_12)
FNDA:6,(anonymous_13)
FNDA:0,(anonymous_14)
FNDA:0,(anonymous_15)
FNDA:1,(anonymous_16)
FNDA:0,(anonymous_17)
FNDA:0,(anonymous_18)
FNDA:0,(anonymous_19)
FNDA:0,(anonymous_20)
FNDA:32,(anonymous_21)
FNDA:1,(anonymous_22)
FNDA:40,(anonymous_23)
FNDA:0,(anonymous_24)
FNDA:1,(anonymous_25)
DA:11,1
DA:19,8
DA:20,8
DA:21,8
DA:22,8
DA:23,8
DA:24,8
DA:26,8
DA:27,8
DA:28,8
DA:30,8
DA:31,8
DA:32,8
DA:33,8
DA:35,8
DA:37,6
DA:38,2
DA:39,0
DA:42,6
DA:45,8
DA:46,2
DA:47,2
DA:50,8
DA:51,0
DA:52,0
DA:53,0
DA:54,0
DA:55,0
DA:56,0
DA:57,0
DA:58,0
DA:59,0
DA:60,0
DA:63,0
DA:64,0
DA:66,0
DA:67,0
DA:70,0
DA:71,0
DA:74,8
DA:75,1
DA:76,1
DA:77,1
DA:79,0
DA:81,0
DA:82,0
DA:83,0
DA:84,0
DA:85,0
DA:86,0
DA:87,0
DA:88,0
DA:89,0
DA:92,0
DA:93,0
DA:95,0
DA:96,0
DA:101,8
DA:102,6
DA:103,6
DA:106,8
DA:109,0
DA:120,0
DA:123,1
DA:144,0
DA:156,0
DA:157,0
DA:165,0
DA:177,0
DA:178,0
DA:201,32
DA:202,32
DA:205,1
DA:219,40
DA:232,1
LF:75
LH:36
BRDA:37,0,0,2
BRDA:37,0,1,4
BRDA:39,1,0,0
BRDA:39,1,1,0
BRDA:52,2,0,0
BRDA:52,2,1,0
BRDA:52,3,0,0
BRDA:52,3,1,0
BRDA:75,4,0,1
BRDA:75,4,1,0
BRDA:81,5,0,0
BRDA:81,5,1,0
BRDA:107,6,0,8
BRDA:107,6,1,0
BRDA:120,7,0,6
BRDA:120,7,1,2
BRDA:121,8,0,6
BRDA:121,8,1,2
BRDA:123,9,0,2
BRDA:123,9,1,6
BRDA:124,10,0,2
BRDA:124,10,1,6
BRDA:130,11,0,6
BRDA:130,11,1,2
BRDA:135,12,0,2
BRDA:135,12,1,4
BRDA:149,13,0,2
BRDA:149,13,1,0
BRDA:157,14,0,0
BRDA:157,14,1,0
BRDA:170,15,0,2
BRDA:170,15,1,0
BRDA:178,16,0,0
BRDA:178,16,1,0
BRDA:188,17,0,0
BRDA:188,17,1,2
BRDA:206,18,0,8
BRDA:206,18,1,24
BRDA:209,19,0,8
BRDA:209,19,1,24
BRDA:210,20,0,8
BRDA:210,20,1,24
BRDA:220,21,0,0
BRDA:220,21,1,40
BRDA:220,22,0,0
BRDA:220,22,1,40
BRDA:229,23,0,6
BRDA:229,23,1,2
BRDA:238,24,0,2
BRDA:238,24,1,4
BRF:50
BRH:31
end_of_record
TN:
SF:src\screens\TrackerScreen.tsx
FN:21,(anonymous_0)
FN:26,(anonymous_1)
FN:74,(anonymous_2)
FN:78,(anonymous_3)
FN:80,(anonymous_4)
FN:85,(anonymous_5)
FN:90,(anonymous_6)
FN:94,(anonymous_7)
FN:98,(anonymous_8)
FN:101,(anonymous_9)
FN:115,(anonymous_10)
FN:118,(anonymous_11)
FN:137,(anonymous_12)
FN:162,(anonymous_13)
FNF:14
FNH:5
FNDA:0,(anonymous_0)
FNDA:24,(anonymous_1)
FNDA:3,(anonymous_2)
FNDA:3,(anonymous_3)
FNDA:0,(anonymous_4)
FNDA:0,(anonymous_5)
FNDA:0,(anonymous_6)
FNDA:0,(anonymous_7)
FNDA:0,(anonymous_8)
FNDA:0,(anonymous_9)
FNDA:24,(anonymous_10)
FNDA:2,(anonymous_11)
FNDA:0,(anonymous_12)
FNDA:0,(anonymous_13)
DA:10,1
DA:21,1
DA:22,0
DA:23,0
DA:26,1
DA:27,24
DA:29,3
DA:30,3
DA:31,0
DA:32,0
DA:33,0
DA:36,3
DA:37,3
DA:38,0
DA:39,0
DA:40,0
DA:43,3
DA:44,3
DA:45,0
DA:46,0
DA:49,3
DA:51,3
DA:52,3
DA:53,0
DA:56,3
DA:58,3
DA:59,3
DA:60,0
DA:61,0
DA:62,0
DA:63,0
DA:64,0
DA:65,0
DA:68,3
DA:70,0
DA:74,1
DA:75,3
DA:78,3
DA:79,3
DA:80,3
DA:81,0
DA:82,0
DA:83,0
DA:85,3
DA:86,0
DA:87,0
DA:88,0
DA:90,3
DA:91,0
DA:92,0
DA:94,3
DA:95,0
DA:96,0
DA:98,3
DA:101,3
DA:102,0
DA:103,0
DA:104,0
DA:105,0
DA:108,3
DA:118,2
DA:138,0
DA:139,0
DA:162,1
LF:64
LH:30
BRDA:27,0,0,3
BRDA:27,0,1,3
BRDA:27,0,2,3
BRDA:27,0,3,3
BRDA:27,0,4,3
BRDA:27,0,5,3
BRDA:27,0,6,3
BRDA:27,0,7,3
BRDA:27,0,8,0
BRDA:30,1,0,3
BRDA:30,1,1,0
BRDA:31,2,0,0
BRDA:31,2,1,0
BRDA:31,3,0,0
BRDA:31,3,1,0
BRDA:32,4,0,0
BRDA:32,4,1,0
BRDA:37,5,0,3
BRDA:37,5,1,0
BRDA:40,6,0,0
BRDA:40,6,1,0
BRDA:44,7,0,3
BRDA:44,7,1,0
BRDA:45,8,0,0
BRDA:45,8,1,0
BRDA:45,9,0,0
BRDA:45,9,1,0
BRDA:52,10,0,3
BRDA:52,10,1,0
BRDA:53,11,0,0
BRDA:53,11,1,0
BRDA:53,12,0,0
BRDA:53,12,1,0
BRDA:59,13,0,3
BRDA:59,13,1,0
BRDA:63,14,0,0
BRDA:63,14,1,0
BRDA:64,15,0,0
BRDA:64,15,1,0
BRDA:64,16,0,0
BRDA:64,16,1,0
BRDA:64,17,0,0
BRDA:64,17,1,0
BRDA:64,18,0,0
BRDA:64,18,1,0
BRDA:81,19,0,0
BRDA:81,19,1,0
BRDA:81,20,0,0
BRDA:81,20,1,0
BRDA:82,21,0,0
BRDA:82,21,1,0
BRDA:88,22,0,0
BRDA:88,22,1,0
BRDA:91,23,0,0
BRDA:91,23,1,0
BRDA:91,24,0,0
BRDA:91,24,1,0
BRDA:134,25,0,3
BRDA:134,25,1,0
BRDA:140,26,0,0
BRDA:140,26,1,0
BRF:61
BRH:14
end_of_record
TN:
SF:src\screens\WalkScreen.tsx
FN:26,WalkScreen
FN:28,(anonymous_1)
FN:29,(anonymous_2)
FN:44,(anonymous_3)
FN:47,(anonymous_4)
FN:51,(anonymous_5)
FN:54,(anonymous_6)
FN:59,(anonymous_7)
FN:63,(anonymous_8)
FN:64,(anonymous_9)
FN:83,(anonymous_10)
FN:92,(anonymous_11)
FN:93,(anonymous_12)
FN:110,(anonymous_13)
FN:122,(anonymous_14)
FN:133,(anonymous_15)
FN:136,(anonymous_16)
FN:156,(anonymous_17)
FN:167,(anonymous_18)
FN:177,(anonymous_19)
FN:188,(anonymous_20)
FN:212,(anonymous_21)
FN:217,(anonymous_22)
FN:231,(anonymous_23)
FN:236,(anonymous_24)
FN:251,(anonymous_25)
FNF:26
FNH:13
FNDA:6,WalkScreen
FNDA:6,(anonymous_1)
FNDA:6,(anonymous_2)
FNDA:3,(anonymous_3)
FNDA:0,(anonymous_4)
FNDA:3,(anonymous_5)
FNDA:1,(anonymous_6)
FNDA:0,(anonymous_7)
FNDA:0,(anonymous_8)
FNDA:0,(anonymous_9)
FNDA:1,(anonymous_10)
FNDA:0,(anonymous_11)
FNDA:0,(anonymous_12)
FNDA:3,(anonymous_13)
FNDA:0,(anonymous_14)
FNDA:0,(anonymous_15)
FNDA:1,(anonymous_16)
FNDA:0,(anonymous_17)
FNDA:0,(anonymous_18)
FNDA:0,(anonymous_19)
FNDA:0,(anonymous_20)
FNDA:24,(anonymous_21)
FNDA:1,(anonymous_22)
FNDA:30,(anonymous_23)
FNDA:1,(anonymous_24)
FNDA:0,(anonymous_25)
DA:11,1
DA:18,1
DA:27,6
DA:28,6
DA:29,6
DA:30,6
DA:31,6
DA:32,6
DA:34,6
DA:35,6
DA:36,6
DA:39,6
DA:40,6
DA:41,6
DA:42,6
DA:44,6
DA:46,3
DA:47,1
DA:48,0
DA:51,3
DA:54,6
DA:55,1
DA:56,1
DA:59,6
DA:60,0
DA:61,0
DA:62,0
DA:63,0
DA:64,0
DA:65,0
DA:66,0
DA:67,0
DA:68,0
DA:69,0
DA:72,0
DA:73,0
DA:75,0
DA:76,0
DA:79,0
DA:80,0
DA:83,6
DA:84,1
DA:85,1
DA:86,1
DA:88,0
DA:90,0
DA:91,0
DA:92,0
DA:93,0
DA:94,0
DA:95,0
DA:96,0
DA:97,0
DA:98,0
DA:101,0
DA:102,0
DA:104,0
DA:105,0
DA:110,6
DA:111,3
DA:112,3
DA:115,6
DA:122,0
DA:133,0
DA:136,1
DA:156,0
DA:168,0
DA:169,0
DA:177,0
DA:189,0
DA:190,0
DA:213,24
DA:214,24
DA:217,1
DA:232,30
DA:233,30
DA:236,1
DA:251,0
LF:78
LH:38
BRDA:46,0,0,1
BRDA:46,0,1,2
BRDA:48,1,0,0
BRDA:48,1,1,0
BRDA:61,2,0,0
BRDA:61,2,1,0
BRDA:61,3,0,0
BRDA:61,3,1,0
BRDA:84,4,0,1
BRDA:84,4,1,0
BRDA:90,5,0,0
BRDA:90,5,1,0
BRDA:117,6,0,6
BRDA:117,6,1,0
BRDA:133,7,0,3
BRDA:133,7,1,3
BRDA:134,8,0,3
BRDA:134,8,1,3
BRDA:136,9,0,3
BRDA:136,9,1,3
BRDA:137,10,0,3
BRDA:137,10,1,3
BRDA:142,11,0,3
BRDA:142,11,1,3
BRDA:147,12,0,1
BRDA:147,12,1,2
BRDA:161,13,0,3
BRDA:161,13,1,0
BRDA:169,14,0,0
BRDA:169,14,1,0
BRDA:182,15,0,3
BRDA:182,15,1,0
BRDA:190,16,0,0
BRDA:190,16,1,0
BRDA:200,17,0,0
BRDA:200,17,1,3
BRDA:218,18,0,6
BRDA:218,18,1,18
BRDA:221,19,0,6
BRDA:221,19,1,18
BRDA:222,20,0,6
BRDA:222,20,1,18
BRDA:237,21,0,6
BRDA:237,21,1,24
BRDA:238,22,0,6
BRDA:238,22,1,24
BRDA:240,23,0,6
BRDA:240,23,1,24
BRDA:248,24,0,3
BRDA:248,24,1,3
BRDA:257,25,0,1
BRDA:257,25,1,2
BRF:52
BRH:35
end_of_record
TN:
SF:src\store\authStore.ts
FN:5,getAgeLabel
FN:38,(anonymous_1)
FN:45,(anonymous_2)
FN:46,(anonymous_3)
FN:47,(anonymous_4)
FN:48,(anonymous_5)
FN:49,(anonymous_6)
FNF:7
FNH:4
FNDA:6,getAgeLabel
FNDA:1,(anonymous_1)
FNDA:1,(anonymous_2)
FNDA:0,(anonymous_3)
FNDA:0,(anonymous_4)
FNDA:0,(anonymous_5)
FNDA:1,(anonymous_6)
DA:6,6
DA:7,5
DA:8,5
DA:9,5
DA:10,5
DA:11,5
DA:13,5
DA:14,5
DA:15,1
DA:16,1
DA:17,1
DA:20,5
DA:21,3
DA:22,1
DA:38,1
DA:45,1
DA:46,0
DA:47,0
DA:48,0
DA:49,1
LF:20
LH:17
BRDA:6,0,0,1
BRDA:6,0,1,5
BRDA:14,1,0,1
BRDA:14,1,1,4
BRDA:20,2,0,2
BRDA:20,2,1,3
BRDA:21,3,0,2
BRDA:21,3,1,1
BRF:8
BRH:8
end_of_record
TN:
SF:src\store\dataStore.ts
FN:95,(anonymous_0)
FN:96,(anonymous_1)
FN:99,dayRange
FN:107,(anonymous_3)
FN:120,(anonymous_4)
FN:126,(anonymous_5)
FN:157,(anonymous_6)
FN:191,(anonymous_7)
FN:196,(anonymous_8)
FN:200,(anonymous_9)
FN:202,(anonymous_10)
FN:205,(anonymous_11)
FN:205,(anonymous_12)
FN:207,(anonymous_13)
FN:210,(anonymous_14)
FN:210,(anonymous_15)
FN:214,(anonymous_16)
FN:218,(anonymous_17)
FN:220,(anonymous_18)
FN:223,(anonymous_19)
FN:223,(anonymous_20)
FN:225,(anonymous_21)
FN:228,(anonymous_22)
FN:228,(anonymous_23)
FN:232,(anonymous_24)
FN:236,(anonymous_25)
FN:238,(anonymous_26)
FN:241,(anonymous_27)
FN:241,(anonymous_28)
FN:243,(anonymous_29)
FN:246,(anonymous_30)
FN:246,(anonymous_31)
FN:250,(anonymous_32)
FN:254,(anonymous_33)
FN:256,(anonymous_34)
FN:259,(anonymous_35)
FN:259,(anonymous_36)
FN:263,(anonymous_37)
FN:267,(anonymous_38)
FN:271,(anonymous_39)
FN:275,(anonymous_40)
FN:277,(anonymous_41)
FN:280,(anonymous_42)
FN:280,(anonymous_43)
FN:282,(anonymous_44)
FN:285,(anonymous_45)
FN:285,(anonymous_46)
FN:287,(anonymous_47)
FN:290,(anonymous_48)
FN:290,(anonymous_49)
FN:294,(anonymous_50)
FN:302,(anonymous_51)
FN:306,(anonymous_52)
FN:306,(anonymous_53)
FN:311,(anonymous_54)
FN:315,(anonymous_55)
FN:319,(anonymous_56)
FN:323,(anonymous_57)
FN:325,(anonymous_58)
FN:328,(anonymous_59)
FN:328,(anonymous_60)
FN:330,(anonymous_61)
FN:333,(anonymous_62)
FN:333,(anonymous_63)
FN:337,(anonymous_64)
FN:346,(anonymous_65)
FNF:66
FNH:11
FNDA:2,(anonymous_0)
FNDA:0,(anonymous_1)
FNDA:1,dayRange
FNDA:1,(anonymous_3)
FNDA:1,(anonymous_4)
FNDA:1,(anonymous_5)
FNDA:0,(anonymous_6)
FNDA:0,(anonymous_7)
FNDA:1,(anonymous_8)
FNDA:1,(anonymous_9)
FNDA:0,(anonymous_10)
FNDA:0,(anonymous_11)
FNDA:0,(anonymous_12)
FNDA:1,(anonymous_13)
FNDA:1,(anonymous_14)
FNDA:1,(anonymous_15)
FNDA:0,(anonymous_16)
FNDA:0,(anonymous_17)
FNDA:0,(anonymous_18)
FNDA:0,(anonymous_19)
FNDA:0,(anonymous_20)
FNDA:0,(anonymous_21)
FNDA:0,(anonymous_22)
FNDA:0,(anonymous_23)
FNDA:0,(anonymous_24)
FNDA:0,(anonymous_25)
FNDA:0,(anonymous_26)
FNDA:0,(anonymous_27)
FNDA:0,(anonymous_28)
FNDA:0,(anonymous_29)
FNDA:0,(anonymous_30)
FNDA:0,(anonymous_31)
FNDA:0,(anonymous_32)
FNDA:0,(anonymous_33)
FNDA:0,(anonymous_34)
FNDA:0,(anonymous_35)
FNDA:0,(anonymous_36)
FNDA:0,(anonymous_37)
FNDA:0,(anonymous_38)
FNDA:0,(anonymous_39)
FNDA:0,(anonymous_40)
FNDA:0,(anonymous_41)
FNDA:0,(anonymous_42)
FNDA:0,(anonymous_43)
FNDA:0,(anonymous_44)
FNDA:0,(anonymous_45)
FNDA:0,(anonymous_46)
FNDA:0,(anonymous_47)
FNDA:0,(anonymous_48)
FNDA:0,(anonymous_49)
FNDA:0,(anonymous_50)
FNDA:0,(anonymous_51)
FNDA:0,(anonymous_52)
FNDA:0,(anonymous_53)
FNDA:0,(anonymous_54)
FNDA:0,(anonymous_55)
FNDA:0,(anonymous_56)
FNDA:0,(anonymous_57)
FNDA:0,(anonymous_58)
FNDA:0,(anonymous_59)
FNDA:0,(anonymous_60)
FNDA:0,(anonymous_61)
FNDA:0,(anonymous_62)
FNDA:0,(anonymous_63)
FNDA:1,(anonymous_64)
FNDA:0,(anonymous_65)
DA:95,2
DA:96,1
DA:100,1
DA:101,1
DA:102,1
DA:103,1
DA:104,1
DA:107,1
DA:121,1
DA:122,1
DA:127,1
DA:128,1
DA:129,1
DA:130,1
DA:136,1
DA:143,1
DA:150,0
DA:152,1
DA:158,0
DA:166,0
DA:175,0
DA:183,0
DA:184,0
DA:187,0
DA:192,0
DA:197,1
DA:198,1
DA:199,1
DA:200,1
DA:203,0
DA:204,0
DA:205,0
DA:208,1
DA:209,1
DA:210,1
DA:215,0
DA:216,0
DA:217,0
DA:218,0
DA:221,0
DA:222,0
DA:223,0
DA:226,0
DA:227,0
DA:228,0
DA:233,0
DA:234,0
DA:235,0
DA:236,0
DA:239,0
DA:240,0
DA:241,0
DA:244,0
DA:245,0
DA:246,0
DA:251,0
DA:252,0
DA:253,0
DA:254,0
DA:257,0
DA:258,0
DA:259,0
DA:264,0
DA:265,0
DA:266,0
DA:267,0
DA:272,0
DA:273,0
DA:274,0
DA:275,0
DA:278,0
DA:279,0
DA:280,0
DA:283,0
DA:284,0
DA:285,0
DA:288,0
DA:289,0
DA:290,0
DA:295,0
DA:296,0
DA:301,0
DA:302,0
DA:304,0
DA:305,0
DA:306,0
DA:312,0
DA:313,0
DA:314,0
DA:315,0
DA:320,0
DA:321,0
DA:322,0
DA:323,0
DA:326,0
DA:327,0
DA:328,0
DA:331,0
DA:332,0
DA:333,0
DA:338,1
DA:339,1
DA:340,1
DA:341,1
DA:342,1
DA:347,0
DA:348,0
DA:349,0
DA:350,0
DA:351,0
LF:110
LH:29
BRDA:127,0,0,1
BRDA:127,0,1,0
BRDA:144,1,0,1
BRDA:144,1,1,0
BRDA:145,2,0,1
BRDA:145,2,1,0
BRDA:146,3,0,1
BRDA:146,3,1,0
BRDA:147,4,0,1
BRDA:147,4,1,0
BRDA:176,5,0,0
BRDA:176,5,1,0
BRDA:177,6,0,0
BRDA:177,6,1,0
BRDA:178,7,0,0
BRDA:178,7,1,0
BRDA:179,8,0,0
BRDA:179,8,1,0
BRDA:180,9,0,0
BRDA:180,9,1,0
BRDA:183,10,0,0
BRDA:183,10,1,0
BRDA:199,11,0,0
BRDA:199,11,1,1
BRDA:204,12,0,0
BRDA:204,12,1,0
BRDA:205,13,0,0
BRDA:205,13,1,0
BRDA:209,14,0,0
BRDA:209,14,1,1
BRDA:217,15,0,0
BRDA:217,15,1,0
BRDA:222,16,0,0
BRDA:222,16,1,0
BRDA:223,17,0,0
BRDA:223,17,1,0
BRDA:227,18,0,0
BRDA:227,18,1,0
BRDA:235,19,0,0
BRDA:235,19,1,0
BRDA:240,20,0,0
BRDA:240,20,1,0
BRDA:241,21,0,0
BRDA:241,21,1,0
BRDA:245,22,0,0
BRDA:245,22,1,0
BRDA:253,23,0,0
BRDA:253,23,1,0
BRDA:258,24,0,0
BRDA:258,24,1,0
BRDA:266,25,0,0
BRDA:266,25,1,0
BRDA:274,26,0,0
BRDA:274,26,1,0
BRDA:279,27,0,0
BRDA:279,27,1,0
BRDA:280,28,0,0
BRDA:280,28,1,0
BRDA:284,29,0,0
BRDA:284,29,1,0
BRDA:285,30,0,0
BRDA:285,30,1,0
BRDA:289,31,0,0
BRDA:289,31,1,0
BRDA:295,32,0,0
BRDA:295,32,1,0
BRDA:301,33,0,0
BRDA:301,33,1,0
BRDA:305,34,0,0
BRDA:305,34,1,0
BRDA:314,35,0,0
BRDA:314,35,1,0
BRDA:322,36,0,0
BRDA:322,36,1,0
BRDA:327,37,0,0
BRDA:327,37,1,0
BRDA:328,38,0,0
BRDA:328,38,1,0
BRDA:332,39,0,0
BRDA:332,39,1,0
BRDA:339,40,0,1
BRDA:339,40,1,0
BRDA:341,41,0,0
BRDA:341,41,1,1
BRDA:348,42,0,0
BRDA:348,42,1,0
BRDA:350,43,0,0
BRDA:350,43,1,0
BRF:88
BRH:9
end_of_record
TN:
SF:src\utils\metrics.ts
FN:1,calcDayIndex
FN:5,(anonymous_1)
FN:8,(anonymous_2)
FNF:3
FNH:1
FNDA:14,calcDayIndex
FNDA:0,(anonymous_1)
FNDA:0,(anonymous_2)
DA:2,14
DA:4,14
DA:5,14
DA:6,14
DA:7,14
DA:8,14
DA:10,14
DA:17,14
DA:18,14
DA:20,14
DA:21,14
DA:23,14
DA:24,14
DA:26,14
DA:28,14
DA:30,14
LF:16
LH:16
BRDA:17,0,0,14
BRDA:17,0,1,0
BRDA:18,1,0,14
BRDA:18,1,1,0
BRDA:20,2,0,14
BRDA:20,2,1,0
BRDA:21,3,0,14
BRDA:21,3,1,0
BRDA:23,4,0,14
BRDA:23,4,1,0
BRDA:24,5,0,14
BRDA:24,5,1,0
BRDA:26,6,0,14
BRDA:26,6,1,0
BRF:14
BRH:7
end_of_record
